2023-06-06 13:32:08 	=== BUSCANDO COORDENADOR: 0 - Manoel Henrique Reis Nascimento ===
2023-06-06 13:32:24 	Tentativa: 1 |	'lattes id'
2023-06-06 13:32:24 	=== BUSCANDO COORDENADOR: 0 - Manoel Henrique Reis Nascimento ===
2023-06-06 13:32:39 	Tentativa: 2 |	'lattes id'
2023-06-06 13:32:39 	=== BUSCANDO COORDENADOR: 0 - Manoel Henrique Reis Nascimento ===
2023-06-06 13:32:55 	Tentativa: 3 |	'lattes id'
2023-06-06 13:32:55 	=== BUSCANDO COORDENADOR: 0 - Manoel Henrique Reis Nascimento ===
2023-06-06 13:33:11 	Tentativa: 4 |	'lattes id'
2023-06-06 13:33:11 	=== BUSCANDO COORDENADOR: 0 - Manoel Henrique Reis Nascimento ===
2023-06-06 13:33:26 	Tentativa: 5 |	'lattes id'
2023-06-06 13:33:27 	=== BUSCANDO COORDENADOR: 0 - Manoel Henrique Reis Nascimento ===
2023-06-06 13:33:45 	Tentativa: 6 |	'lattes id'
2023-06-06 13:33:45 	=== BUSCANDO COORDENADOR: 0 - Manoel Henrique Reis Nascimento ===
2023-06-06 13:33:51 	Tentativa: 7 |	Execution context was destroyed, most likely because of a navigation
2023-06-06 13:33:51 	=== BUSCANDO COORDENADOR: 0 - Manoel Henrique Reis Nascimento ===
2023-06-06 13:34:08 	Tentativa: 8 |	'lattes id'
2023-06-06 13:34:08 	=== BUSCANDO COORDENADOR: 0 - Manoel Henrique Reis Nascimento ===
2023-06-06 13:34:24 	Tentativa: 9 |	'lattes id'
2023-06-06 13:34:25 	=== BUSCANDO COORDENADOR: 0 - Manoel Henrique Reis Nascimento ===
2023-06-06 13:34:42 	Tentativa: 10 |	'lattes id'
2023-06-06 16:54:45 	=== BUSCANDO COORDENADOR: 0 - Manoel Henrique Reis Nascimento ===
2023-06-06 16:55:04 	=== BUSCANDO COORDENADOR: 1 - Rui Carlos Zambiazi ===
2023-06-06 16:55:26 	=== BUSCANDO COORDENADOR: 2 - Luiz Satoru Ochi ===
2023-06-06 16:55:44 	=== BUSCANDO COORDENADOR: 3 - Tiago Alessandro Espinola Ferreira ===
2023-06-06 16:56:02 	=== BUSCANDO COORDENADOR: 4 - Tiago Alessandro Espinola Ferreira ===
2023-06-06 16:56:19 	=== BUSCANDO COORDENADOR: 5 - Aratã Andrade Saraiva ===
2023-06-06 16:56:36 	=== BUSCANDO COORDENADOR: 6 - Luiz Henrique de Campos Merschmann ===
2023-06-06 16:56:53 	=== BUSCANDO COORDENADOR: 7 - Fuad Mousse Abinader Junior ===
2023-06-06 16:57:09 	=== BUSCANDO COORDENADOR: 8 - María del Rosario Girardi Gutiérrez ===
2023-06-06 16:57:26 	=== BUSCANDO COORDENADOR: 9 - Alexandre Acácio de Andrade ===
2023-06-06 16:57:43 	=== BUSCANDO COORDENADOR: 10 - nan ===
2023-06-06 16:57:49 	Tentativa: 1 |	'lattes id'
2023-06-06 16:57:49 	=== BUSCANDO COORDENADOR: 10 - nan ===
2023-06-06 16:57:56 	Tentativa: 2 |	'lattes id'
2023-06-06 16:57:56 	=== BUSCANDO COORDENADOR: 10 - nan ===
2023-06-06 16:58:02 	Tentativa: 3 |	'lattes id'
2023-06-06 16:58:02 	=== BUSCANDO COORDENADOR: 10 - nan ===
2023-06-06 16:58:10 	Tentativa: 4 |	'lattes id'
2023-06-06 16:58:10 	=== BUSCANDO COORDENADOR: 10 - nan ===
2023-06-06 16:58:16 	Tentativa: 5 |	'lattes id'
2023-06-06 16:58:16 	=== BUSCANDO COORDENADOR: 10 - nan ===
2023-06-06 16:58:23 	Tentativa: 6 |	'lattes id'
2023-06-06 16:58:23 	=== BUSCANDO COORDENADOR: 10 - nan ===
2023-06-06 16:58:30 	Tentativa: 7 |	'lattes id'
2023-06-06 16:58:30 	=== BUSCANDO COORDENADOR: 10 - nan ===
2023-06-06 16:58:36 	Tentativa: 8 |	'lattes id'
2023-06-06 16:58:36 	=== BUSCANDO COORDENADOR: 10 - nan ===
2023-06-06 16:58:42 	Tentativa: 9 |	'lattes id'
2023-06-06 16:58:42 	=== BUSCANDO COORDENADOR: 10 - nan ===
2023-06-06 16:58:49 	Tentativa: 10 |	'lattes id'
2023-06-06 16:58:49 	=== BUSCANDO COORDENADOR: 11 - nan ===
2023-06-06 16:58:56 	Tentativa: 1 |	'lattes id'
2023-06-06 16:58:56 	=== BUSCANDO COORDENADOR: 11 - nan ===
2023-06-06 16:59:02 	Tentativa: 2 |	'lattes id'
2023-06-06 16:59:02 	=== BUSCANDO COORDENADOR: 11 - nan ===
2023-06-06 16:59:09 	Tentativa: 3 |	'lattes id'
2023-06-06 16:59:09 	=== BUSCANDO COORDENADOR: 11 - nan ===
2023-06-06 16:59:16 	Tentativa: 4 |	'lattes id'
2023-06-06 16:59:16 	=== BUSCANDO COORDENADOR: 11 - nan ===
2023-06-06 16:59:22 	Tentativa: 5 |	'lattes id'
2023-06-06 16:59:22 	=== BUSCANDO COORDENADOR: 11 - nan ===
2023-06-06 16:59:29 	Tentativa: 6 |	'lattes id'
2023-06-06 16:59:29 	=== BUSCANDO COORDENADOR: 11 - nan ===
2023-06-06 16:59:35 	Tentativa: 7 |	'lattes id'
2023-06-06 16:59:35 	=== BUSCANDO COORDENADOR: 11 - nan ===
2023-06-06 16:59:42 	Tentativa: 8 |	'lattes id'
2023-06-06 16:59:42 	=== BUSCANDO COORDENADOR: 11 - nan ===
2023-06-06 16:59:48 	Tentativa: 9 |	'lattes id'
2023-06-06 16:59:48 	=== BUSCANDO COORDENADOR: 11 - nan ===
2023-06-06 16:59:54 	Tentativa: 10 |	'lattes id'
2023-06-06 16:59:55 	=== BUSCANDO COORDENADOR: 12 - John Williams ===
2023-06-06 17:00:01 	Tentativa: 1 |	'lattes id'
2023-06-06 17:00:01 	=== BUSCANDO COORDENADOR: 12 - John Williams ===
2023-06-06 17:00:08 	Tentativa: 2 |	'lattes id'
2023-06-06 17:00:08 	=== BUSCANDO COORDENADOR: 12 - John Williams ===
2023-06-06 17:00:14 	Tentativa: 3 |	'lattes id'
2023-06-06 17:00:14 	=== BUSCANDO COORDENADOR: 12 - John Williams ===
2023-06-06 17:00:21 	Tentativa: 4 |	'lattes id'
2023-06-06 17:00:21 	=== BUSCANDO COORDENADOR: 12 - John Williams ===
2023-06-06 17:00:27 	Tentativa: 5 |	'lattes id'
2023-06-06 17:00:27 	=== BUSCANDO COORDENADOR: 12 - John Williams ===
2023-06-06 17:00:34 	Tentativa: 6 |	'lattes id'
2023-06-06 17:00:34 	=== BUSCANDO COORDENADOR: 12 - John Williams ===
2023-06-06 17:00:40 	Tentativa: 7 |	'lattes id'
2023-06-06 17:00:40 	=== BUSCANDO COORDENADOR: 12 - John Williams ===
2023-06-06 17:00:46 	Tentativa: 8 |	'lattes id'
2023-06-06 17:00:46 	=== BUSCANDO COORDENADOR: 12 - John Williams ===
2023-06-06 17:00:53 	Tentativa: 9 |	'lattes id'
2023-06-06 17:00:53 	=== BUSCANDO COORDENADOR: 12 - John Williams ===
2023-06-06 17:00:59 	Tentativa: 10 |	'lattes id'
2023-06-06 17:01:00 	=== BUSCANDO COORDENADOR: 13 - Pedro André Carvalho Rosas ===
2023-06-06 17:01:16 	=== BUSCANDO COORDENADOR: 14 - Genilson Valotto Patuzzo ===
2023-06-06 17:01:43 	Tentativa: 1 |	Execution context was destroyed, most likely because of a navigation
2023-06-06 17:01:44 	=== BUSCANDO COORDENADOR: 14 - Genilson Valotto Patuzzo ===
2023-06-06 17:02:00 	=== BUSCANDO COORDENADOR: 15 - Elisabete Adami ===
2023-06-06 17:02:07 	Tentativa: 1 |	Execution context was destroyed, most likely because of a navigation
2023-06-06 17:02:07 	=== BUSCANDO COORDENADOR: 15 - Elisabete Adami ===
2023-06-06 17:02:24 	=== BUSCANDO COORDENADOR: 16 - Rosa Maria Viccari ===
2023-06-06 17:02:30 	Tentativa: 1 |	'lattes id'
2023-06-06 17:02:30 	=== BUSCANDO COORDENADOR: 16 - Rosa Maria Viccari ===
2023-06-06 17:02:37 	Tentativa: 2 |	'lattes id'
2023-06-06 17:02:37 	=== BUSCANDO COORDENADOR: 16 - Rosa Maria Viccari ===
2023-06-06 17:02:43 	Tentativa: 3 |	'lattes id'
2023-06-06 17:02:43 	=== BUSCANDO COORDENADOR: 16 - Rosa Maria Viccari ===
2023-06-06 17:02:50 	Tentativa: 4 |	'lattes id'
2023-06-06 17:02:50 	=== BUSCANDO COORDENADOR: 16 - Rosa Maria Viccari ===
2023-06-06 17:02:56 	Tentativa: 5 |	'lattes id'
2023-06-06 17:02:56 	=== BUSCANDO COORDENADOR: 16 - Rosa Maria Viccari ===
2023-06-06 17:03:02 	Tentativa: 6 |	'lattes id'
2023-06-06 17:03:02 	=== BUSCANDO COORDENADOR: 16 - Rosa Maria Viccari ===
2023-06-06 17:03:09 	Tentativa: 7 |	'lattes id'
2023-06-06 17:03:09 	=== BUSCANDO COORDENADOR: 16 - Rosa Maria Viccari ===
2023-06-06 17:03:15 	Tentativa: 8 |	'lattes id'
2023-06-06 17:03:15 	=== BUSCANDO COORDENADOR: 16 - Rosa Maria Viccari ===
2023-06-06 17:03:21 	Tentativa: 9 |	'lattes id'
2023-06-06 17:03:21 	=== BUSCANDO COORDENADOR: 16 - Rosa Maria Viccari ===
2023-06-06 17:03:28 	Tentativa: 10 |	'lattes id'
2023-06-06 17:03:28 	=== BUSCANDO COORDENADOR: 17 - Rosa Maria Vicari ===
2023-06-06 17:03:48 	=== BUSCANDO COORDENADOR: 18 - Mayra Luiza Marques da Silva ===
2023-06-06 17:04:05 	=== BUSCANDO COORDENADOR: 19 - Amadeu Sá de Campos Filho ===
2023-06-06 17:04:22 	=== BUSCANDO COORDENADOR: 20 - Rosario Girardi ===
2023-06-06 17:04:39 	=== BUSCANDO COORDENADOR: 21 - nan ===
2023-06-06 17:04:45 	Tentativa: 1 |	'lattes id'
2023-06-06 17:04:45 	=== BUSCANDO COORDENADOR: 21 - nan ===
2023-06-06 17:04:52 	Tentativa: 2 |	'lattes id'
2023-06-06 17:04:52 	=== BUSCANDO COORDENADOR: 21 - nan ===
2023-06-06 17:04:58 	Tentativa: 3 |	'lattes id'
2023-06-06 17:04:58 	=== BUSCANDO COORDENADOR: 21 - nan ===
2023-06-06 17:05:04 	Tentativa: 4 |	'lattes id'
2023-06-06 17:05:04 	=== BUSCANDO COORDENADOR: 21 - nan ===
2023-06-06 17:05:11 	Tentativa: 5 |	'lattes id'
2023-06-06 17:05:11 	=== BUSCANDO COORDENADOR: 21 - nan ===
2023-06-06 17:05:17 	Tentativa: 6 |	'lattes id'
2023-06-06 17:05:17 	=== BUSCANDO COORDENADOR: 21 - nan ===
2023-06-06 17:05:23 	Tentativa: 7 |	'lattes id'
2023-06-06 17:05:23 	=== BUSCANDO COORDENADOR: 21 - nan ===
2023-06-06 17:05:30 	Tentativa: 8 |	'lattes id'
2023-06-06 17:05:30 	=== BUSCANDO COORDENADOR: 21 - nan ===
2023-06-06 17:05:36 	Tentativa: 9 |	'lattes id'
2023-06-06 17:05:36 	=== BUSCANDO COORDENADOR: 21 - nan ===
2023-06-06 17:05:43 	Tentativa: 10 |	'lattes id'
