2023-05-05 10:26:07 - === INICIANDO NOVA EXECUÇÃO: digital twin ===
2023-05-05 10:27:57 - === INICIANDO NOVA EXECUÇÃO: digital twin ===
2023-05-05 10:31:43 - === INICIANDO NOVA EXECUÇÃO: digital twin ===
2023-05-05 10:33:11 - === INICIANDO NOVA EXECUÇÃO: digital twin ===
2023-05-05 10:34:54 - === INICIANDO NOVA EXECUÇÃO: digital twin ===
2023-05-05 10:37:08 - === INICIANDO NOVA EXECUÇÃO: digital twin ===
2023-05-05 10:37:58 - === INICIANDO NOVA EXECUÇÃO: digital twin ===
2023-05-05 11:11:01 - === INICIANDO NOVA EXECUÇÃO: digital twin ===
2023-05-05 11:11:18 -  > Pagina atual: 1
2023-05-05 11:11:24 -  > Pagina atual: 1
2023-05-05 11:11:36 - [6398615776166771] Projetos armazenados
2023-05-05 11:11:46 - [8682929419265258] Projetos não encontrados
2023-05-05 11:11:56 - [6195223137235452] Projetos armazenados
2023-05-05 11:12:05 - [4451105551576597] Projetos armazenados
2023-05-05 11:12:14 - [3802036824269157] Projetos armazenados
2023-05-05 11:12:40 - === INICIANDO NOVA EXECUÇÃO: digital twin ===
2023-05-05 11:13:03 -  > Pagina atual: 1
2023-05-05 11:13:06 -  > Pagina atual: 1
2023-05-05 11:13:44 - === INICIANDO NOVA EXECUÇÃO: digital twin ===
2023-05-05 11:13:58 -  > Pagina atual: 1
2023-05-05 11:14:01 -  > Pagina atual: 1
2023-05-05 11:14:12 - [6398615776166771] Projetos armazenados
2023-05-05 11:14:22 - [8682929419265258] Projetos não encontrados
2023-05-05 11:14:34 - [6195223137235452] Projetos armazenados
2023-05-05 11:14:47 - [4451105551576597] Projetos armazenados
2023-05-05 11:15:01 - [3802036824269157] Projetos armazenados
2023-05-05 11:15:14 - [3809463496043823] Projetos armazenados
2023-05-05 11:15:27 - [8376089143847860] Projetos armazenados
2023-05-05 11:15:44 - [6549472157755434] Projetos não encontrados
2023-05-05 11:15:57 - [8456023041589649] Projetos não encontrados
2023-05-05 11:16:11 - [0952895635749790] Projetos não encontrados
2023-05-05 11:16:11 -  > Pagina atual: 1
2023-05-05 11:16:15 -  > Pagina atual: 2
2023-05-05 11:16:32 - [2304812809753158] Projetos não encontrados
2023-05-05 11:16:44 - [3191306032296919] Projetos armazenados
2023-05-05 11:16:59 - [1868960602254610] Projetos armazenados
2023-05-05 11:17:16 - [1962383536762320] Projetos armazenados
2023-05-05 11:17:47 - [7722814490587972] Projetos armazenados
2023-05-05 11:18:03 - [4005309099780873] Projetos armazenados
2023-05-05 11:18:22 - [6820830740393500] Projetos armazenados
2023-05-05 11:18:46 - [] Projetos não encontrados
2023-05-05 11:19:01 - [0821537786585254] Projetos armazenados
2023-05-05 11:19:16 - [1231884642541177] Projetos armazenados
2023-05-05 11:19:18 -  > Pagina atual: 2
2023-05-05 11:19:22 -  > Pagina atual: 3
2023-05-05 11:19:35 - [8323084944042061] Projetos armazenados
2023-05-05 11:20:00 - [3386740196084948] Projetos não encontrados
2023-05-05 11:20:21 - [1918385364299862] Projetos armazenados
2023-05-05 11:20:39 - [3196052576107598] Projetos armazenados
2023-05-05 11:20:55 - [0317151693471121] Projetos armazenados
2023-05-05 11:21:08 - [9996626534431250] Projetos armazenados
2023-05-05 11:21:24 - [1289125572084943] Projetos não encontrados
2023-05-05 11:21:48 - [2360257969737352] Projetos armazenados
2023-05-05 11:22:09 - [4968158277224575] Projetos não encontrados
2023-05-05 11:22:26 - [6880635216570704] Projetos armazenados
2023-05-05 11:22:27 -  > Pagina atual: 3
2023-05-05 11:22:32 -  > Pagina atual: 4
2023-05-05 11:22:48 - [2525070283387295] Projetos armazenados
2023-05-05 11:23:03 - [9412702090741354] Projetos armazenados
2023-05-05 11:23:52 - [1300542419563126] Projetos armazenados
2023-05-05 11:24:09 - [9582755594379866] Projetos armazenados
2023-05-05 11:24:23 - [2187264027296774] Projetos não encontrados
2023-05-05 11:24:43 - [7036137303246485] Projetos armazenados
2023-05-05 11:25:00 - [3516067759610109] Projetos armazenados
2023-05-05 11:25:16 - [8195876688189909] Projetos armazenados
2023-05-05 11:25:32 - [8424852505662540] Projetos não encontrados
2023-05-05 11:25:48 - [5981713066334644] Projetos armazenados
2023-05-05 11:25:49 -  > Pagina atual: 4
2023-05-05 11:25:53 -  > Pagina atual: 5
2023-05-05 11:26:08 - [3001004318811389] Projetos armazenados
2023-05-05 11:26:24 - [3176702506687398] Projetos armazenados
2023-05-05 11:26:38 - [2653438112574162] Projetos não encontrados
2023-05-05 11:27:03 - [1670758318835776] Projetos armazenados
2023-05-05 11:27:25 - [4773163298330635] Projetos não encontrados
2023-05-05 11:27:49 - [3322414202275652] Projetos armazenados
2023-05-05 11:28:04 - [4542251587937350] Projetos não encontrados
2023-05-05 11:28:20 - [4123405619979774] Projetos armazenados
2023-05-05 11:28:36 - [6430129533142328] Projetos armazenados
2023-05-05 11:28:51 - [9858319665065036] Projetos armazenados
2023-05-05 11:28:52 -  > Pagina atual: 5
2023-05-05 11:28:58 -  > Pagina atual: 6
2023-05-05 11:29:11 - [8056184116112798] Projetos não encontrados
2023-05-05 11:29:26 - [4627439337605197] Projetos não encontrados
2023-05-05 11:29:41 - [4469401104094617] Projetos armazenados
2023-05-05 11:29:57 - [2919125967043242] Projetos não encontrados
2023-05-05 11:30:12 - [6113062789118968] Projetos não encontrados
2023-05-05 11:30:38 - [2379169013108798] Projetos armazenados
2023-05-05 11:30:51 - [9039613643111474] Projetos armazenados
2023-05-05 11:31:05 - [4821109120390503] Projetos armazenados
2023-05-05 11:31:20 - [4312925701219431] Projetos armazenados
2023-05-05 11:31:34 - [5583710717345600] Projetos armazenados
2023-05-05 11:31:35 -  > Pagina atual: 6
2023-05-05 11:31:40 -  > Pagina atual: 7
2023-05-05 11:32:04 - [2919131277732400] Projetos armazenados
2023-05-05 11:32:19 - [] Projetos armazenados
2023-05-05 11:32:34 - [2155583232742885] Projetos armazenados
2023-05-05 11:32:48 - [3403557621385855] Projetos armazenados
2023-05-05 11:33:00 - [8699607572004340] Projetos armazenados
2023-05-05 11:33:18 - [6848996939728495] Projetos armazenados
2023-05-05 11:33:31 - [8921775057274048] Projetos armazenados
2023-05-05 11:33:45 - [5589662366089944] Projetos armazenados
2023-05-05 11:34:06 - [5572669840008569] Projetos armazenados
2023-05-05 11:34:29 - [3145602808642098] Projetos armazenados
2023-05-05 11:34:31 -  > Pagina atual: 7
2023-05-05 11:34:35 -  > Pagina atual: 8
2023-05-05 11:34:51 - [5806476476274947] Projetos armazenados
2023-05-05 11:35:05 - [5005832876603012] Projetos armazenados
2023-05-05 11:35:17 - [9237781587392843] Projetos não encontrados
2023-05-05 11:35:35 - [1115148358376830] Projetos armazenados
2023-05-05 11:35:52 - [0496909595465696] Projetos armazenados
2023-05-05 11:36:10 - [8374340207133919] Projetos armazenados
2023-05-05 11:36:25 - [5738538687200129] Projetos armazenados
2023-05-05 11:36:41 - [5182020903256616] Projetos armazenados
2023-05-05 11:36:54 - [7649240510556136] Projetos armazenados
2023-05-05 11:37:10 - [7437115504621985] Projetos armazenados
2023-05-05 11:37:14 -  > Pagina atual: 8
2023-05-05 11:37:20 -  > Pagina atual: 9
2023-05-05 11:37:36 - [6900352659470721] Projetos armazenados
2023-05-05 11:37:50 - [4122632815828341] Projetos armazenados
2023-05-05 11:38:02 - [3661593927534964] Projetos não encontrados
2023-05-05 11:38:17 - [6186413528999908] Projetos armazenados
2023-05-05 11:38:29 - [0110863588034920] Projetos não encontrados
2023-05-05 11:38:42 - [3843114488132776] Projetos armazenados
2023-05-05 11:38:56 - [0603030554107703] Projetos armazenados
2023-05-05 11:39:09 - [5235506197220812] Projetos armazenados
2023-05-05 11:39:24 - [2870959687524680] Projetos armazenados
2023-05-05 11:39:39 - [0691832345393815] Projetos armazenados
2023-05-05 11:39:43 -  > Pagina atual: 9
2023-05-05 11:39:49 -  > Pagina atual: 10
2023-05-05 11:40:04 - [1906952326422085] Projetos armazenados
2023-05-05 11:40:23 - [7439277374201617] Projetos não encontrados
2023-05-05 11:40:41 - [4218832368263637] Projetos armazenados
2023-05-05 11:40:56 - [5530596957650388] Projetos armazenados
2023-05-05 11:41:16 - [3858815340688388] Projetos não encontrados
2023-05-05 11:41:34 - [5596822950536203] Projetos armazenados
2023-05-05 11:41:48 - [4140958955806862] Projetos não encontrados
2023-05-05 11:42:07 - [0313357599976003] Projetos não encontrados
2023-05-05 11:42:27 - [4926594438458702] Projetos armazenados
2023-05-05 11:42:41 - [3910148868709730] Projetos armazenados
2023-05-05 11:42:45 -  > Pagina atual: 10
2023-05-05 11:42:49 -  > Pagina atual: 11
2023-05-05 11:43:07 - [3321577431881283] Projetos armazenados
2023-05-05 11:43:24 - [9814972564961630] Projetos armazenados
2023-05-05 11:43:37 - [8844251698422960] Projetos armazenados
2023-05-05 11:43:53 - [9626594300258698] Projetos armazenados
2023-05-05 11:44:06 - [2326190172340055] Projetos armazenados
2023-05-05 11:44:24 - [6116511456577500] Projetos não encontrados
2023-05-05 11:44:42 - [5376253015721742] Projetos armazenados
2023-05-05 11:45:01 - [4476126565110941] Projetos armazenados
2023-05-05 11:45:20 - [8664385553515842] Projetos armazenados
2023-05-05 11:45:39 - [4677862183830898] Projetos armazenados
2023-05-05 11:45:40 -  > Pagina atual: 11
2023-05-05 11:45:44 -  > Pagina atual: 12
2023-05-05 11:46:02 - [5823317463324641] Projetos armazenados
2023-05-05 11:46:19 - [3566465649283245] Projetos armazenados
2023-05-05 11:46:39 - [1828468407562753] Projetos armazenados
2023-05-05 11:46:54 - [7835935043066010] Projetos armazenados
2023-05-05 11:47:13 - [0437559202653564] Projetos armazenados
2023-05-05 11:47:35 - [9331850529899414] Projetos não encontrados
2023-05-05 11:47:51 - [4154885952686353] Projetos armazenados
2023-05-05 11:48:07 - [5488991673181730] Projetos armazenados
2023-05-05 11:48:25 - [5932397448848376] Projetos armazenados
2023-05-05 11:48:41 - [2798353803267043] Projetos armazenados
2023-05-05 11:48:43 -  > Pagina atual: 12
2023-05-05 11:48:47 -  > Pagina atual: 13
2023-05-05 11:48:59 - [4134919454057451] Projetos armazenados
2023-05-05 11:49:13 - [3272159643458627] Projetos armazenados
2023-05-05 11:49:32 - [5404714797483188] Projetos armazenados
2023-05-05 11:49:46 - [8424187595644443] Projetos armazenados
2023-05-05 11:50:05 - [2190077981018023] Projetos armazenados
2023-05-05 11:50:26 - [5103490322445619] Projetos armazenados
2023-05-05 11:50:46 - [2912390244432645] Projetos armazenados
2023-05-05 11:51:03 - [0072632067545698] Projetos armazenados
2023-05-05 11:51:18 - [1737446988151190] Projetos armazenados
2023-05-05 11:51:57 - === INICIANDO NOVA EXECUÇÃO: digital twin ===
2023-05-05 11:52:11 -  > Pagina atual: 1
2023-05-05 11:52:14 -  > Pagina atual: 1
2023-05-05 11:52:28 - [6398615776166771] Projetos armazenados
2023-05-05 11:52:40 - [8682929419265258] Projetos não encontrados
2023-05-05 11:52:55 - [6195223137235452] Projetos armazenados
2023-05-05 11:53:10 - [4451105551576597] Projetos armazenados
2023-05-05 11:53:22 - [3802036824269157] Projetos armazenados
2023-05-05 11:53:36 - [3809463496043823] Projetos não encontrados
2023-05-05 11:53:51 - [8376089143847860] Projetos armazenados
2023-05-05 11:54:07 - [6549472157755434] Projetos não encontrados
2023-05-05 11:54:21 - [8456023041589649] Projetos não encontrados
2023-05-05 11:54:35 - [0952895635749790] Projetos não encontrados
2023-05-05 11:54:36 -  > Pagina atual: 1
2023-05-05 11:54:40 -  > Pagina atual: 2
2023-05-05 11:54:52 - [2304812809753158] Projetos não encontrados
2023-05-05 11:55:05 - [3191306032296919] Projetos armazenados
2023-05-05 11:55:22 - [1868960602254610] Projetos armazenados
2023-05-05 11:55:36 - [1962383536762320] Projetos armazenados
2023-05-05 11:56:04 - [7722814490587972] Projetos armazenados
2023-05-05 11:56:17 - [4005309099780873] Projetos armazenados
2023-05-05 11:56:35 - [6820830740393500] Projetos armazenados
2023-05-05 11:56:58 - [0786062730050925] Projetos armazenados
2023-05-05 11:57:12 - [0821537786585254] Projetos armazenados
2023-05-05 11:57:26 - [1231884642541177] Projetos armazenados
2023-05-05 11:57:27 -  > Pagina atual: 2
2023-05-05 11:57:31 -  > Pagina atual: 3
2023-05-05 11:57:45 - [8323084944042061] Projetos armazenados
2023-05-05 11:58:08 - [3386740196084948] Projetos não encontrados
2023-05-05 11:58:25 - [1918385364299862] Projetos armazenados
2023-05-05 11:58:40 - [3196052576107598] Projetos armazenados
2023-05-05 11:58:54 - [0317151693471121] Projetos armazenados
2023-05-05 11:59:08 - [9996626534431250] Projetos armazenados
2023-05-05 11:59:24 - [1289125572084943] Projetos não encontrados
2023-05-05 11:59:46 - [2360257969737352] Projetos não encontrados
2023-05-05 12:00:05 - [4968158277224575] Projetos armazenados
2023-05-05 12:00:22 - [6880635216570704] Projetos armazenados
2023-05-05 12:00:23 -  > Pagina atual: 3
2023-05-05 12:00:32 -  > Pagina atual: 4
2023-05-05 12:00:46 - [2525070283387295] Projetos armazenados
2023-05-05 12:01:02 - [9412702090741354] Projetos armazenados
2023-05-05 12:01:34 - [1300542419563126] Projetos não encontrados
2023-05-05 12:01:50 - [9582755594379866] Projetos armazenados
2023-05-05 12:02:08 - [2187264027296774] Projetos não encontrados
2023-05-05 12:02:28 - [7036137303246485] Projetos armazenados
2023-05-05 12:02:43 - [3516067759610109] Projetos armazenados
2023-05-05 12:02:57 - [8195876688189909] Projetos armazenados
2023-05-05 12:03:14 - [8424852505662540] Projetos armazenados
2023-05-05 12:03:42 - [5981713066334644] Projetos armazenados
2023-05-05 12:03:45 -  > Pagina atual: 4
2023-05-05 12:03:52 -  > Pagina atual: 5
2023-05-05 12:04:19 - [3001004318811389] Projetos armazenados
2023-05-05 12:04:48 - [3176702506687398] Projetos armazenados
2023-05-05 12:05:10 - [2653438112574162] Projetos armazenados
2023-05-05 12:05:52 - [1670758318835776] Projetos armazenados
2023-05-05 12:06:26 - [4773163298330635] Projetos não encontrados
2023-05-05 12:07:10 - [3322414202275652] Projetos armazenados
2023-05-05 12:07:37 - [4542251587937350] Projetos não encontrados
2023-05-05 12:08:01 - [4123405619979774] Projetos armazenados
2023-05-05 12:08:32 - [6430129533142328] Projetos armazenados
2023-05-05 12:08:55 - [9858319665065036] Projetos armazenados
2023-05-05 12:08:57 -  > Pagina atual: 5
2023-05-05 12:09:09 -  > Pagina atual: 6
2023-05-05 12:23:40 - === INICIANDO NOVA EXECUÇÃO: digital twin ===
2023-05-05 12:24:01 -  > Pagina atual: 1
2023-05-05 12:24:08 -  > Pagina atual: 12
2023-05-05 12:24:09 -  > Pagina atual: 12
2023-05-05 12:24:15 -  > Pagina atual: 14
2023-05-05 12:24:29 - [3589131311896419] Projetos armazenados
2023-05-05 12:24:43 - [6567035871534530] Projetos armazenados
2023-05-05 12:25:02 - [1559292514654215] Projetos armazenados
2023-05-05 12:25:28 - [5661395483781554] Projetos armazenados
2023-05-05 12:26:05 - [7304491503357135] Projetos armazenados
2023-05-05 12:26:26 - [8359794088105618] Projetos não encontrados
2023-05-05 12:26:45 - [4205054324087361] Projetos armazenados
2023-05-05 12:27:56 - [0713916518223657] Projetos não encontrados
2023-05-05 12:28:16 - [6501857105181860] Projetos armazenados
2023-05-05 12:35:34 - === INICIANDO NOVA EXECUÇÃO: digital twin ===
2023-05-05 12:35:55 -  > Pagina atual: 1
2023-05-05 12:36:01 -  > Pagina atual: 12
2023-05-05 12:36:02 -  > Pagina atual: 12
2023-05-05 12:36:07 -  > Pagina atual: 14
2023-05-05 12:36:21 - [3589131311896419] Projetos armazenados
2023-05-05 12:36:37 - [6567035871534530] Projetos armazenados
2023-05-05 12:36:53 - [1559292514654215] Projetos armazenados
2023-05-05 12:37:28 - [5661395483781554] Projetos armazenados
2023-05-05 12:37:56 - [7304491503357135] Projetos não encontrados
2023-05-05 12:38:13 - [8359794088105618] Projetos não encontrados
2023-05-05 12:38:28 - [4205054324087361] Projetos armazenados
2023-05-05 12:39:36 - [0713916518223657] Projetos não encontrados
2023-05-05 12:39:54 - [6501857105181860] Projetos armazenados
2023-05-05 12:40:10 - [2690531846659622] Projetos armazenados
2023-05-05 12:40:12 -  > Pagina atual: 14
2023-05-05 12:40:17 -  > Pagina atual: 15
2023-05-05 12:40:36 - [0574333309366837] Projetos armazenados
2023-05-05 12:40:54 - [8096511043948981] Projetos armazenados
2023-05-05 12:41:23 - [6020984937849801] Projetos não encontrados
2023-05-05 12:41:50 - [3165974522899237] Projetos não encontrados
2023-05-05 12:42:05 - [5778873769416387] Projetos armazenados
2023-05-05 12:43:07 - [9719769943147183] Projetos não encontrados
2023-05-05 12:43:31 - [3922407149262247] Projetos não encontrados
2023-05-05 12:43:55 - [4812180363054225] Projetos não encontrados
2023-05-05 12:44:11 - [1005553714687743] Projetos armazenados
2023-05-05 12:44:26 - [5433967267727516] Projetos armazenados
2023-05-05 12:44:28 -  > Pagina atual: 15
2023-05-05 12:44:33 -  > Pagina atual: 16
2023-05-05 12:44:48 - [6418711808050575] Projetos armazenados
2023-05-05 12:45:12 - [4415817897120454] Projetos armazenados
2023-05-05 12:45:30 - [1245925341512136] Projetos armazenados
2023-05-05 12:46:05 - [7255679916272398] Projetos não encontrados
2023-05-05 12:46:18 - [6700468393002141] Projetos armazenados
2023-05-05 12:46:32 - [4466966200578193] Projetos não encontrados
2023-05-05 12:46:49 - [6750115087374323] Projetos não encontrados
2023-05-05 12:47:06 - [5821763698248658] Projetos armazenados
2023-05-05 12:47:36 - [3196088341529197] Projetos não encontrados
2023-05-05 12:47:58 - [6644721827442957] Projetos armazenados
2023-05-05 12:48:01 -  > Pagina atual: 16
2023-05-05 12:48:06 -  > Pagina atual: 17
2023-05-05 12:48:17 - [6987889322617026] Projetos não encontrados
2023-05-05 12:48:30 - [3754220449291813] Projetos armazenados
2023-05-05 12:48:41 - [5667876978791233] Projetos armazenados
2023-05-05 12:48:55 - [8226406163217491] Projetos armazenados
2023-05-05 12:49:08 - [5319871027071850] Projetos armazenados
2023-05-05 12:49:56 - [6034251420222926] Projetos armazenados
2023-05-05 12:50:08 - [4520293519781462] Projetos armazenados
2023-05-05 12:50:21 - [5219013163859829] Projetos armazenados
2023-05-05 12:50:36 - [8907423644221097] Projetos armazenados
2023-05-05 12:50:51 - [5565508488791214] Projetos armazenados
2023-05-05 12:50:55 -  > Pagina atual: 17
2023-05-05 12:51:00 -  > Pagina atual: 18
2023-05-05 12:51:15 - [4185679659611455] Projetos armazenados
2023-05-05 12:51:29 - [2650921349694794] Projetos armazenados
2023-05-05 12:51:46 - [5553766396740969] Projetos armazenados
2023-05-05 12:52:07 - [0313615529799307] Projetos armazenados
2023-05-05 12:52:32 - [9113247196978447] Projetos armazenados
2023-05-05 12:52:51 - [4394162331037750] Projetos armazenados
2023-05-05 12:53:04 - [9942240121225139] Projetos armazenados
2023-05-05 12:53:19 - [9067952495720612] Projetos armazenados
2023-05-05 12:53:34 - [5220457650011257] Projetos armazenados
2023-05-05 12:53:48 - [1522479715721496] Projetos armazenados
2023-05-05 12:53:51 -  > Pagina atual: 18
2023-05-05 12:53:56 -  > Pagina atual: 19
2023-05-05 12:54:10 - [2169751971927037] Projetos armazenados
2023-05-05 12:54:24 - [1713208286133403] Projetos não encontrados
2023-05-05 12:54:42 - [7376974788169619] Projetos armazenados
2023-05-05 12:54:58 - [4110422749665335] Projetos armazenados
2023-05-05 12:55:30 - [6562540057111580] Projetos armazenados
2023-05-05 12:55:45 - [8610641646795768] Projetos armazenados
2023-05-05 12:56:24 - Tentativa: 1 |	Timeout 30000.0ms exceeded while waiting for event "page"
2023-05-05 12:56:25 - === INICIANDO NOVA EXECUÇÃO: digital twin ===
2023-05-05 12:56:38 -  > Pagina atual: 1
2023-05-05 12:56:43 -  > Pagina atual: 12
2023-05-05 12:56:44 -  > Pagina atual: 12
2023-05-05 12:56:49 -  > Pagina atual: 14
2023-05-05 12:57:01 - [3589131311896419] Projetos armazenados
2023-05-05 12:57:15 - [] Projetos armazenados
2023-05-05 12:57:27 - [1559292514654215] Projetos armazenados
2023-05-05 12:57:49 - [5661395483781554] Projetos armazenados
2023-05-05 12:58:10 - [7304491503357135] Projetos armazenados
2023-05-05 12:58:28 - [8359794088105618] Projetos armazenados
2023-05-05 12:58:42 - [4205054324087361] Projetos armazenados
2023-05-05 12:59:33 - [0713916518223657] Projetos não encontrados
2023-05-05 12:59:47 - [6501857105181860] Projetos armazenados
2023-05-05 13:00:00 - [2690531846659622] Projetos armazenados
2023-05-05 13:00:01 -  > Pagina atual: 14
2023-05-05 13:00:04 -  > Pagina atual: 15
2023-05-05 13:00:34 - Tentativa: 2 |	Timeout 30000ms exceeded.
=========================== logs ===========================
waiting for locator("xpath=/html/body/form/div/div[4]/div/div/div/div[3]/div/div[3]/ol/li[1]/b/a")
============================================================
2023-05-05 13:00:35 - === INICIANDO NOVA EXECUÇÃO: digital twin ===
2023-05-05 13:00:45 -  > Pagina atual: 1
2023-05-05 13:00:49 -  > Pagina atual: 12
2023-05-05 13:00:50 -  > Pagina atual: 12
2023-05-05 13:00:54 -  > Pagina atual: 14
2023-05-05 13:01:24 - Tentativa: 3 |	Timeout 30000ms exceeded.
=========================== logs ===========================
waiting for locator("xpath=/html/body/form/div/div[4]/div/div/div/div[3]/div/div[3]/ol/li[1]/b/a")
============================================================
2023-05-05 13:01:25 - === INICIANDO NOVA EXECUÇÃO: digital twin ===
2023-05-05 13:01:35 -  > Pagina atual: 1
2023-05-05 13:01:40 -  > Pagina atual: 12
2023-05-05 13:01:40 -  > Pagina atual: 12
2023-05-05 13:01:44 -  > Pagina atual: 14
2023-05-05 13:02:14 - Tentativa: 4 |	Timeout 30000ms exceeded.
=========================== logs ===========================
waiting for locator("xpath=/html/body/form/div/div[4]/div/div/div/div[3]/div/div[3]/ol/li[1]/b/a")
============================================================
2023-05-05 13:02:15 - === INICIANDO NOVA EXECUÇÃO: digital twin ===
2023-05-05 13:02:26 -  > Pagina atual: 1
2023-05-05 13:02:30 -  > Pagina atual: 12
2023-05-05 13:02:30 -  > Pagina atual: 12
2023-05-05 13:02:34 -  > Pagina atual: 14
2023-05-05 13:03:04 - Tentativa: 5 |	Timeout 30000ms exceeded.
=========================== logs ===========================
waiting for locator("xpath=/html/body/form/div/div[4]/div/div/div/div[3]/div/div[3]/ol/li[1]/b/a")
============================================================
2023-05-05 13:03:06 - === INICIANDO NOVA EXECUÇÃO: digital twin ===
2023-05-05 13:03:16 -  > Pagina atual: 1
2023-05-05 13:03:20 -  > Pagina atual: 12
2023-05-05 13:03:20 -  > Pagina atual: 12
2023-05-05 13:03:24 -  > Pagina atual: 14
2023-05-05 13:03:35 - [3589131311896419] Projetos armazenados
2023-05-05 13:03:46 - [6567035871534530] Projetos armazenados
2023-05-05 13:03:58 - [1559292514654215] Projetos armazenados
2023-05-05 13:04:16 - [5661395483781554] Projetos armazenados
2023-05-05 13:04:33 - [7304491503357135] Projetos armazenados
2023-05-05 13:04:51 - [8359794088105618] Projetos armazenados
2023-05-05 13:05:04 - [4205054324087361] Projetos armazenados
2023-05-05 13:05:35 - [0713916518223657] Projetos não encontrados
2023-05-05 13:05:47 - [6501857105181860] Projetos armazenados
2023-05-05 13:05:59 - [] Projetos armazenados
2023-05-05 13:06:00 -  > Pagina atual: 14
2023-05-05 13:06:04 -  > Pagina atual: 15
2023-05-05 13:06:20 - [0574333309366837] Projetos armazenados
2023-05-05 13:06:34 - [8096511043948981] Projetos não encontrados
2023-05-05 13:06:53 - [6020984937849801] Projetos não encontrados
2023-05-05 13:07:10 - [3165974522899237] Projetos armazenados
2023-05-05 13:07:24 - [5778873769416387] Projetos armazenados
2023-05-05 13:07:53 - [9719769943147183] Projetos armazenados
2023-05-05 13:08:14 - [3922407149262247] Projetos não encontrados
2023-05-05 13:08:31 - [4812180363054225] Projetos não encontrados
2023-05-05 13:08:43 - [1005553714687743] Projetos armazenados
2023-05-05 13:08:58 - [5433967267727516] Projetos armazenados
2023-05-05 13:09:01 -  > Pagina atual: 15
2023-05-05 13:09:04 -  > Pagina atual: 16
2023-05-05 13:09:17 - [6418711808050575] Projetos armazenados
2023-05-05 13:09:30 - [4415817897120454] Projetos não encontrados
2023-05-05 13:09:42 - [1245925341512136] Projetos armazenados
2023-05-05 13:10:07 - [7255679916272398] Projetos armazenados
2023-05-05 13:10:19 - [6700468393002141] Projetos armazenados
2023-05-05 13:10:30 - [4466966200578193] Projetos não encontrados
2023-05-05 13:10:42 - [6750115087374323] Projetos armazenados
2023-05-05 13:10:54 - [5821763698248658] Projetos armazenados
2023-05-05 13:11:15 - [3196088341529197] Projetos armazenados
2023-05-05 13:11:33 - [6644721827442957] Projetos armazenados
2023-05-05 13:11:35 -  > Pagina atual: 16
2023-05-05 13:11:38 -  > Pagina atual: 17
2023-05-05 13:11:50 - [6987889322617026] Projetos não encontrados
2023-05-05 13:12:03 - [3754220449291813] Projetos armazenados
2023-05-05 13:12:14 - [5667876978791233] Projetos armazenados
2023-05-05 13:12:29 - [8226406163217491] Projetos armazenados
2023-05-05 13:12:43 - [5319871027071850] Projetos armazenados
2023-05-05 13:13:11 - [6034251420222926] Projetos armazenados
2023-05-05 13:13:22 - [4520293519781462] Projetos armazenados
2023-05-05 13:13:37 - [5219013163859829] Projetos armazenados
2023-05-05 13:13:50 - [8907423644221097] Projetos armazenados
2023-05-05 13:14:02 - [5565508488791214] Projetos armazenados
2023-05-05 13:14:04 -  > Pagina atual: 17
2023-05-05 13:14:09 -  > Pagina atual: 18
2023-05-05 13:14:21 - [4185679659611455] Projetos armazenados
2023-05-05 13:14:33 - [2650921349694794] Projetos armazenados
2023-05-05 13:14:48 - [5553766396740969] Projetos armazenados
2023-05-05 13:15:04 - [0313615529799307] Projetos armazenados
2023-05-05 13:15:20 - [9113247196978447] Projetos armazenados
2023-05-05 13:15:39 - [4394162331037750] Projetos armazenados
2023-05-05 13:15:58 - [9942240121225139] Projetos armazenados
2023-05-05 13:16:09 - [9067952495720612] Projetos armazenados
2023-05-05 13:16:23 - [5220457650011257] Projetos armazenados
2023-05-05 13:16:34 - [1522479715721496] Projetos armazenados
2023-05-05 13:16:36 -  > Pagina atual: 18
2023-05-05 13:16:40 -  > Pagina atual: 19
2023-05-05 13:16:52 - [2169751971927037] Projetos armazenados
2023-05-05 13:17:03 - [1713208286133403] Projetos armazenados
2023-05-05 13:17:16 - [7376974788169619] Projetos armazenados
2023-05-05 13:17:29 - [4110422749665335] Projetos armazenados
2023-05-05 13:17:44 - [6562540057111580] Projetos armazenados
2023-05-05 13:18:00 - [8610641646795768] Projetos armazenados
2023-05-05 13:18:14 - [6140495391360571] Projetos armazenados
2023-05-05 13:18:28 - [3236330244455194] Projetos armazenados
2023-05-05 13:18:41 - [9604696592563769] Projetos armazenados
2023-05-05 13:18:55 - [5764983862728793] Projetos armazenados
2023-05-05 13:19:04 -  > Pagina atual: 19
2023-05-05 13:19:08 -  > Pagina atual: 20
2023-05-05 13:19:19 - [2111322410973385] Projetos armazenados
2023-05-05 13:19:29 - [5909226757389275] Projetos armazenados
2023-05-05 13:19:40 - [0853939479739439] Projetos armazenados
2023-05-05 13:19:55 - [9603440627659658] Projetos armazenados
2023-05-05 13:20:07 - [1117706935965815] Projetos armazenados
2023-05-05 13:20:17 - [9262132256691648] Projetos armazenados
2023-05-05 13:20:27 - [0308469639959858] Projetos armazenados
2023-05-05 13:20:37 - [2487283169795744] Projetos não encontrados
2023-05-05 13:20:50 - [0428069285054155] Projetos não encontrados
2023-05-05 13:21:01 - [6390801964556334] Projetos armazenados
2023-05-05 13:21:03 -  > Pagina atual: 20
2023-05-05 13:21:06 -  > Pagina atual: 21
2023-05-05 13:21:27 - [4019150313777291] Projetos armazenados
2023-05-05 13:21:49 - [8800859024101679] Projetos armazenados
2023-05-05 13:22:07 - [0176182543068548] Projetos armazenados
2023-05-05 13:22:19 - [5285573488564448] Projetos armazenados
2023-05-05 13:22:35 - [3548554171023581] Projetos não encontrados
2023-05-05 13:22:51 - [7372544499267795] Projetos armazenados
2023-05-05 13:23:04 - [7033900990167196] Projetos armazenados
2023-05-05 13:23:15 - [4935395556663775] Projetos armazenados
2023-05-05 13:23:26 - [8133514145411759] Projetos armazenados
2023-05-05 13:23:43 - [1414469923290688] Projetos armazenados
2023-05-05 13:23:44 -  > Pagina atual: 21
2023-05-05 13:23:47 -  > Pagina atual: 22
2023-05-05 13:23:59 - [7877343595063436] Projetos não encontrados
2023-05-05 13:24:19 - [6679560433289862] Projetos armazenados
2023-05-05 13:24:33 - [1169386810980220] Projetos armazenados
2023-05-05 13:24:46 - [9304490454122889] Projetos armazenados
2023-05-05 13:24:59 - [6769897942364417] Projetos armazenados
2023-05-05 13:25:13 - [8378648746616754] Projetos armazenados
2023-05-05 13:25:24 - [0027481347497178] Projetos armazenados
2023-05-05 13:25:36 - [8849796674576688] Projetos armazenados
2023-05-05 13:25:47 - [1165441010027633] Projetos armazenados
2023-05-05 13:26:01 - [6212006974231025] Projetos armazenados
2023-05-05 13:26:02 -  > Pagina atual: 22
2023-05-05 13:26:05 -  > Pagina atual: 23
2023-05-05 13:26:16 - [4100390278762838] Projetos armazenados
2023-05-05 13:26:27 - [5066230825214516] Projetos armazenados
2023-05-05 13:26:39 - [3595264517199815] Projetos armazenados
2023-05-05 13:26:50 - [4478766390160865] Projetos armazenados
2023-05-05 13:27:05 - [3459003060017660] Projetos armazenados
2023-05-05 13:27:25 - [3710340061939187] Projetos armazenados
2023-05-05 13:27:36 - [4548734294382889] Projetos armazenados
2023-05-05 13:27:54 - [0184424645432858] Projetos armazenados
2023-05-05 13:28:05 - [3742317356920204] Projetos armazenados
2023-05-05 13:28:20 - [7737220048653389] Projetos armazenados
2023-05-05 13:28:21 -  > Pagina atual: 23
2023-05-05 13:28:25 -  > Pagina atual: 24
2023-05-05 13:28:43 - [1050516524103988] Projetos armazenados
2023-05-05 13:28:54 - [5082565809546139] Projetos armazenados
2023-05-05 13:29:10 - [6477397959081311] Projetos armazenados
2023-05-05 13:29:33 - [6532810307204867] Projetos armazenados
2023-05-05 13:29:48 - [2962183322412029] Projetos não encontrados
2023-05-05 13:30:12 - [2755927536747919] Projetos armazenados
2023-05-05 13:30:23 - [2239103417420653] Projetos armazenados
2023-05-05 13:30:34 - [3987548764592597] Projetos armazenados
2023-05-05 13:30:46 - [0531746355949162] Projetos armazenados
2023-05-05 13:30:56 - [0267137255297190] Projetos armazenados
2023-05-05 13:30:57 -  > Pagina atual: 24
2023-05-05 13:31:01 -  > Pagina atual: 25
2023-05-05 13:31:12 - [0037410069189075] Projetos armazenados
2023-05-05 13:31:26 - [5662063403613900] Projetos armazenados
2023-05-05 13:31:36 - [2844543718796853] Projetos armazenados
2023-05-05 13:31:45 - [0593899120860770] Projetos armazenados
2023-05-05 13:31:57 - [7622203730579234] Projetos armazenados
2023-05-05 13:32:07 - [5647674022681204] Projetos não encontrados
2023-05-05 13:32:19 - [5743384737397873] Projetos armazenados
2023-05-05 13:32:32 - [5632602851077460] Projetos armazenados
2023-05-05 13:32:44 - [0022322386442215] Projetos armazenados
2023-05-05 13:32:58 - [8392547704796029] Projetos armazenados
2023-05-05 13:33:00 -  > Pagina atual: 25
2023-05-05 13:33:04 -  > Pagina atual: 26
2023-05-05 13:33:17 - [3253295555494164] Projetos armazenados
2023-05-05 13:33:38 - [4958184722611235] Projetos armazenados
2023-05-05 13:34:04 - [4110914499694913] Projetos armazenados
2023-05-05 13:34:24 - [9157872297410868] Projetos armazenados
2023-05-05 13:34:36 - [7760584339730356] Projetos não encontrados
2023-05-05 13:34:53 - [1614872930046854] Projetos armazenados
2023-05-05 13:35:05 - [5665511188595739] Projetos armazenados
2023-05-05 13:35:16 - [2572780077099157] Projetos armazenados
2023-05-05 13:35:27 - [3135226803336399] Projetos armazenados
2023-05-05 13:35:40 - [6501805356028014] Projetos armazenados
2023-05-05 13:35:42 -  > Pagina atual: 26
2023-05-05 13:35:46 -  > Pagina atual: 27
2023-05-05 13:36:00 - [2932271315489352] Projetos armazenados
2023-05-05 13:36:13 - [7619255422823619] Projetos armazenados
2023-05-05 13:36:25 - [3277381991746025] Projetos não encontrados
2023-05-05 13:36:38 - [8716094042714766] Projetos armazenados
2023-05-05 13:36:53 - [6859736960745834] Projetos armazenados
2023-05-05 13:37:11 - [9186923914430935] Projetos armazenados
2023-05-05 13:37:24 - [7900356071046936] Projetos armazenados
2023-05-05 13:37:35 - [5772754247707035] Projetos armazenados
2023-05-05 13:37:57 - [8091325418384084] Projetos armazenados
2023-05-05 13:38:21 - [3244398298772284] Projetos armazenados
2023-05-05 13:38:22 -  > Pagina atual: 27
2023-05-05 13:38:26 -  > Pagina atual: 28
2023-05-05 13:38:39 - [2085775274765454] Projetos armazenados
2023-05-05 13:38:53 - [1858039210980655] Projetos armazenados
2023-05-05 13:39:06 - [9618768503708088] Projetos armazenados
2023-05-05 13:39:21 - [4057369530271950] Projetos armazenados
2023-05-05 13:39:33 - [7778828466828647] Projetos armazenados
2023-05-05 13:39:45 - [5709241496439328] Projetos armazenados
2023-05-05 13:40:02 - [1082603694267325] Projetos não encontrados
2023-05-05 13:40:36 - [0441695020411504] Projetos armazenados
2023-05-05 13:40:49 - [6395901509400650] Projetos armazenados
2023-05-05 13:41:05 - [1691288024734696] Projetos armazenados
2023-05-05 13:41:06 -  > Pagina atual: 28
2023-05-05 13:41:10 -  > Pagina atual: 29
2023-05-05 13:41:23 - [5359901180564505] Projetos armazenados
2023-05-05 13:41:34 - [6250622352641608] Projetos armazenados
2023-05-05 13:41:49 - [4847425436969911] Projetos armazenados
2023-05-05 13:42:02 - [5757301340362350] Projetos armazenados
2023-05-05 13:42:21 - [0302023273138039] Projetos armazenados
2023-05-05 13:42:34 - [7123860407950129] Projetos armazenados
2023-05-05 13:42:48 - [6932390830998311] Projetos armazenados
2023-05-05 13:43:03 - [8385124710591376] Projetos armazenados
2023-05-05 13:43:16 - [7494142007764616] Projetos não encontrados
2023-05-05 13:43:44 - [3483667901818921] Projetos armazenados
2023-05-05 13:43:46 -  > Pagina atual: 29
2023-05-05 13:43:50 -  > Pagina atual: 30
2023-05-05 13:44:23 - [3732397383523251] Projetos não encontrados
2023-05-05 13:44:43 - [8232998169861866] Projetos armazenados
2023-05-05 13:44:53 - [1963897712138599] Projetos armazenados
2023-05-05 13:45:05 - [3577819679344029] Projetos armazenados
2023-05-05 13:45:18 - [8999535447828760] Projetos armazenados
2023-05-05 13:45:35 - [1980652130003556] Projetos armazenados
2023-05-05 13:45:48 - [8730750961111658] Projetos armazenados
2023-05-05 13:46:04 - [4197618044519148] Projetos armazenados
2023-05-05 13:46:24 - [1851884209044569] Projetos armazenados
2023-05-05 13:46:42 - [9435253973268969] Projetos armazenados
2023-05-05 13:46:44 -  > Pagina atual: 30
2023-05-05 13:46:47 -  > Pagina atual: 31
2023-05-05 13:47:00 - [8982823440002691] Projetos armazenados
2023-05-05 13:47:15 - [8223795731605246] Projetos armazenados
2023-05-05 13:47:34 - [7619359855870896] Projetos armazenados
2023-05-05 13:47:45 - [8279581551268360] Projetos não encontrados
2023-05-05 13:47:57 - [1384038091754225] Projetos armazenados
2023-05-05 13:48:13 - [5173650389582538] Projetos armazenados
2023-05-05 13:48:27 - [0147639719088377] Projetos armazenados
2023-05-05 13:48:40 - [5912384804477055] Projetos armazenados
2023-05-05 13:48:56 - [0571999706649442] Projetos armazenados
2023-05-05 13:49:13 - [3645486282001832] Projetos armazenados
2023-05-05 13:49:14 -  > Pagina atual: 31
2023-05-05 13:49:17 -  > Pagina atual: 32
2023-05-05 13:49:34 - [6690000912372980] Projetos não encontrados
2023-05-05 13:49:47 - [1292986021348016] Projetos armazenados
2023-05-05 13:49:58 - [6435692548198017] Projetos armazenados
2023-05-05 13:50:10 - [3189419053235708] Projetos armazenados
2023-05-05 13:50:21 - [1446817462218646] Projetos armazenados
2023-05-05 13:50:45 - [3885935652774884] Projetos armazenados
2023-05-05 13:50:58 - [6257638969759493] Projetos armazenados
2023-05-05 13:51:17 - [7521436623167474] Projetos armazenados
2023-05-05 13:51:32 - [8616796657243433] Projetos armazenados
2023-05-05 13:51:32 - === FINALIZADO ===
