2023-05-05 10:26:07 - === INICIANDO NOVA EXECUÇÃO: gemeos digitais ===
2023-05-05 10:27:58 - === INICIANDO NOVA EXECUÇÃO: gemeos digitais ===
2023-05-05 10:31:43 - === INICIANDO NOVA EXECUÇÃO: gemeos digitais ===
2023-05-05 10:33:12 - === INICIANDO NOVA EXECUÇÃO: gemeos digitais ===
2023-05-05 10:34:55 - === INICIANDO NOVA EXECUÇÃO: gemeos digitais ===
2023-05-05 10:37:09 - === INICIANDO NOVA EXECUÇÃO: gemeos digitais ===
2023-05-05 10:37:28 - === INICIANDO NOVA EXECUÇÃO: gemeos digitais ===
2023-05-05 10:38:05 - === INICIANDO NOVA EXECUÇÃO: gemeos digitais ===
2023-05-05 10:38:14 - === INICIANDO NOVA EXECUÇÃO: gemeos digitais ===
2023-05-05 10:38:21 - === INICIANDO NOVA EXECUÇÃO: gemeos digitais ===
2023-05-05 11:11:00 - === INICIANDO NOVA EXECUÇÃO: gemeos digitais ===
2023-05-05 11:11:23 -  > Pagina atual: 1
2023-05-05 11:11:26 -  > Pagina atual: 1
2023-05-05 11:12:40 - === INICIANDO NOVA EXECUÇÃO: gemeos digitais ===
2023-05-05 11:13:04 -  > Pagina atual: 1
2023-05-05 11:13:08 -  > Pagina atual: 1
2023-05-05 11:13:41 - === INICIANDO NOVA EXECUÇÃO: gemeos digitais ===
2023-05-05 11:13:58 -  > Pagina atual: 1
2023-05-05 11:14:01 -  > Pagina atual: 1
2023-05-05 11:14:34 - === INICIANDO NOVA EXECUÇÃO: gemeos digitais ===
2023-05-05 11:14:48 -  > Pagina atual: 1
2023-05-05 11:14:52 -  > Pagina atual: 1
2023-05-05 11:15:28 - === INICIANDO NOVA EXECUÇÃO: gemeos digitais ===
2023-05-05 11:15:44 -  > Pagina atual: 1
2023-05-05 11:15:47 -  > Pagina atual: 1
2023-05-05 11:16:21 - === INICIANDO NOVA EXECUÇÃO: gemeos digitais ===
2023-05-05 11:16:41 -  > Pagina atual: 1
2023-05-05 11:16:44 -  > Pagina atual: 1
2023-05-05 11:16:59 - [6986219383980875] Projetos armazenados
2023-05-05 11:17:15 - [6126296380583649] Projetos armazenados
2023-05-05 11:17:31 - [1581408578854273] Projetos não encontrados
2023-05-05 11:17:46 - [0096384217263616] Projetos armazenados
2023-05-05 11:18:03 - [1643979088741241] Projetos armazenados
2023-05-05 11:18:18 - [4197802436808266] Projetos armazenados
2023-05-05 11:18:34 - [6892436177697593] Projetos armazenados
2023-05-05 11:18:48 - [0300712220397866] Projetos armazenados
2023-05-05 11:19:04 - [0139985837350218] Projetos armazenados
2023-05-05 11:19:20 - [2653438112574162] Projetos armazenados
2023-05-05 11:19:21 -  > Pagina atual: 1
2023-05-05 11:19:25 -  > Pagina atual: 2
2023-05-05 11:19:44 - [0731743695432734] Projetos não encontrados
2023-05-05 11:20:05 - [0446460524614400] Projetos armazenados
2023-05-05 11:20:24 - [1501867561383444] Projetos armazenados
2023-05-05 11:20:41 - [8376089143847860] Projetos armazenados
2023-05-05 11:20:56 - [1214457416002858] Projetos armazenados
2023-05-05 11:21:28 - [4163926517893712] Projetos armazenados
2023-05-05 11:21:47 - [8771587306163921] Projetos armazenados
2023-05-05 11:22:08 - [3995562559319731] Projetos não encontrados
2023-05-05 11:22:27 - [9896387399584147] Projetos armazenados
2023-05-05 11:22:44 - [3001004318811389] Projetos armazenados
2023-05-05 11:22:46 -  > Pagina atual: 2
2023-05-05 11:22:51 -  > Pagina atual: 3
2023-05-05 11:23:06 - [6686403645101631] Projetos armazenados
2023-05-05 11:23:24 - [0503501772199456] Projetos armazenados
2023-05-05 11:23:51 - [0786062730050925] Projetos armazenados
2023-05-05 11:24:05 - [5854682856699850] Projetos armazenados
2023-05-05 11:24:19 - [5756014037071299] Projetos armazenados
2023-05-05 11:24:34 - [4469401104094617] Projetos armazenados
2023-05-05 11:24:55 - [0037410069189075] Projetos armazenados
2023-05-05 11:25:13 - [6892145815504338] Projetos armazenados
2023-05-05 11:25:29 - [5738538687200129] Projetos armazenados
2023-05-05 11:25:46 - [9200464668550566] Projetos armazenados
2023-05-05 11:25:47 -  > Pagina atual: 3
2023-05-05 11:25:51 -  > Pagina atual: 4
2023-05-05 11:26:06 - [6102190077785593] Projetos armazenados
2023-05-05 11:26:27 - [1935730154101158] Projetos armazenados
2023-05-05 11:26:46 - [3272159643458627] Projetos armazenados
2023-05-05 11:27:05 - [3312744514630553] Projetos armazenados
2023-05-05 11:27:42 - [0392766010188739] Projetos não encontrados
2023-05-05 11:28:19 - [5410403216989073] Projetos não encontrados
2023-05-05 11:28:37 - [4515911193698545] Projetos armazenados
2023-05-05 11:28:57 - [9805146097465268] Projetos armazenados
2023-05-05 11:29:21 - [1866461041232723] Projetos armazenados
2023-05-05 11:29:39 - [8975358021372202] Projetos armazenados
2023-05-05 11:29:41 -  > Pagina atual: 4
2023-05-05 11:29:45 -  > Pagina atual: 5
2023-05-05 11:29:59 - [0144731532130981] Projetos armazenados
2023-05-05 11:30:14 - [4055812149930289] Projetos armazenados
2023-05-05 11:30:44 - [4441603977145708] Projetos não encontrados
2023-05-05 11:31:02 - [0035975628567494] Projetos armazenados
2023-05-05 11:31:55 - [6657193153752101] Projetos não encontrados
2023-05-05 11:32:17 - [3296133477339307] Projetos não encontrados
2023-05-05 11:32:45 - [6854535741589958] Projetos armazenados
2023-05-05 11:33:01 - [9146236822602311] Projetos armazenados
2023-05-05 11:33:20 - [5831000823189354] Projetos armazenados
2023-05-05 11:33:34 - [2411652358475212] Projetos armazenados
2023-05-05 11:33:36 -  > Pagina atual: 5
2023-05-05 11:33:41 -  > Pagina atual: 6
2023-05-05 11:33:55 - [9154035815097979] Projetos armazenados
2023-05-05 11:34:26 - [5969241975196292] Projetos não encontrados
2023-05-05 11:34:44 - [1115148358376830] Projetos armazenados
2023-05-05 11:34:58 - [8699607572004340] Projetos armazenados
2023-05-05 11:35:12 - [1461416649933311] Projetos armazenados
2023-05-05 11:35:29 - [8916191109480157] Projetos não encontrados
2023-05-05 11:35:43 - [1779378810684278] Projetos armazenados
2023-05-05 11:36:00 - [7697583593525598] Projetos armazenados
2023-05-05 11:36:16 - [4293199321114469] Projetos armazenados
2023-05-05 11:36:36 - [5873603202109804] Projetos não encontrados
2023-05-05 11:36:41 -  > Pagina atual: 6
2023-05-05 11:36:46 -  > Pagina atual: 7
2023-05-05 11:37:04 - [2233787525899622] Projetos armazenados
2023-05-05 11:37:23 - [3863004771570436] Projetos armazenados
2023-05-05 11:37:39 - [5151016741471311] Projetos não encontrados
2023-05-05 11:38:00 - [6477705977816776] Projetos armazenados
2023-05-05 11:38:22 - [3742317356920204] Projetos armazenados
2023-05-05 11:38:41 - [6642038326083508] Projetos armazenados
2023-05-05 11:39:02 - [3922407149262247] Projetos não encontrados
2023-05-05 11:39:26 - [9239424610946597] Projetos armazenados
2023-05-05 11:39:52 - [3459003060017660] Projetos armazenados
2023-05-05 11:40:12 - [3236330244455194] Projetos não encontrados
2023-05-05 11:40:16 -  > Pagina atual: 7
2023-05-05 11:40:23 -  > Pagina atual: 8
2023-05-05 11:40:45 - [7447943300478765] Projetos armazenados
2023-05-05 11:41:03 - [1151134317867879] Projetos não encontrados
2023-05-05 11:41:23 - [6936507208310712] Projetos não encontrados
2023-05-05 11:41:39 - [7896560481508221] Projetos armazenados
2023-05-05 11:41:53 - [4903253172215284] Projetos armazenados
2023-05-05 11:42:07 - [8212959359349775] Projetos armazenados
2023-05-05 11:42:22 - [2452739652818239] Projetos armazenados
2023-05-05 11:42:38 - [3471932305876361] Projetos armazenados
2023-05-05 11:42:53 - [8918904607205362] Projetos armazenados
2023-05-05 11:43:10 - [6116511456577500] Projetos armazenados
2023-05-05 11:43:12 -  > Pagina atual: 8
2023-05-05 11:43:18 -  > Pagina atual: 9
2023-05-05 11:43:35 - [5932397448848376] Projetos armazenados
2023-05-05 11:43:58 - [8892272393540404] Projetos não encontrados
2023-05-05 11:44:29 - [4812180363054225] Projetos armazenados
2023-05-05 11:44:46 - [8473437310101321] Projetos não encontrados
2023-05-05 11:45:05 - [9395719025602516] Projetos armazenados
2023-05-05 11:45:42 - [9222249281656947] Projetos armazenados
2023-05-05 11:46:00 - [5376253015721742] Projetos armazenados
2023-05-05 11:46:22 - [3084638267716841] Projetos não encontrados
2023-05-05 11:47:08 - [1693373280415699] Projetos armazenados
2023-05-05 11:48:00 - [7557971069321691] Projetos não encontrados
2023-05-05 11:48:08 -  > Pagina atual: 9
2023-05-05 11:48:13 -  > Pagina atual: 10
2023-05-05 11:48:32 - [1279990530711659] Projetos armazenados
2023-05-05 11:48:56 - [7097994013984431] Projetos armazenados
2023-05-05 11:49:22 - [3429251042188146] Projetos armazenados
2023-05-05 11:49:44 - [9900625695933750] Projetos armazenados
2023-05-05 11:50:00 - [2801543046216783] Projetos armazenados
2023-05-05 11:50:18 - [4125005501325894] Projetos armazenados
2023-05-05 11:50:55 - [5222687701645379] Projetos armazenados
2023-05-05 11:51:10 - [5523401011280282] Projetos armazenados
2023-05-05 11:51:53 - [1256048327375313] Projetos não encontrados
2023-05-05 11:52:28 - [8809856521908528] Projetos não encontrados
2023-05-05 11:52:32 -  > Pagina atual: 10
2023-05-05 11:52:36 -  > Pagina atual: 11
2023-05-05 11:53:09 - [1414469923290688] Projetos armazenados
2023-05-05 11:53:31 - [8489743997277206] Projetos armazenados
2023-05-05 11:53:48 - [8850949394480766] Projetos armazenados
2023-05-05 11:54:06 - [1701125733814614] Projetos não encontrados
2023-05-05 11:54:24 - [9227834040889428] Projetos armazenados
2023-05-05 11:54:42 - [2827979747157274] Projetos armazenados
2023-05-05 11:54:57 - [8568607864638872] Projetos armazenados
2023-05-05 11:55:17 - [3088935631734002] Projetos armazenados
2023-05-05 11:55:38 - [4957174324778567] Projetos não encontrados
2023-05-05 11:56:08 - [6076019811067756] Projetos não encontrados
2023-05-05 11:56:09 -  > Pagina atual: 11
2023-05-05 11:56:13 -  > Pagina atual: 12
2023-05-05 11:56:26 - [4880803690413862] Projetos armazenados
2023-05-05 11:56:43 - [4972511619847291] Projetos não encontrados
2023-05-05 11:56:57 - [9858319665065036] Projetos armazenados
2023-05-05 11:57:13 - [3585259598740974] Projetos armazenados
2023-05-05 11:57:28 - [5020237977975416] Projetos armazenados
2023-05-05 11:57:45 - [4478766390160865] Projetos armazenados
2023-05-05 11:58:06 - [5634804722088553] Projetos armazenados
2023-05-05 11:58:24 - [9874643913802509] Projetos armazenados
2023-05-05 11:58:43 - [0369728699720350] Projetos armazenados
2023-05-05 11:58:58 - [6750115087374323] Projetos armazenados
2023-05-05 11:58:59 -  > Pagina atual: 12
2023-05-05 11:59:04 -  > Pagina atual: 13
2023-05-05 11:59:23 - [1347288334988743] Projetos armazenados
2023-05-05 11:59:45 - [8293352499326456] Projetos armazenados
2023-05-05 12:00:05 - [0412421382190096] Projetos não encontrados
2023-05-05 12:00:32 - [2619275148017227] Projetos armazenados
2023-05-05 12:00:53 - [9617917546962273] Projetos não encontrados
2023-05-05 12:01:08 - [3343083317022692] Projetos armazenados
2023-05-05 12:01:31 - [9853935986494895] Projetos armazenados
2023-05-05 12:01:49 - [4631002692184169] Projetos armazenados
2023-05-05 12:02:07 - [4218832368263637] Projetos armazenados
2023-05-05 12:02:27 - [8175059045027748] Projetos armazenados
2023-05-05 12:02:30 -  > Pagina atual: 13
2023-05-05 12:02:35 -  > Pagina atual: 14
2023-05-05 12:02:49 - [3883880276055777] Projetos armazenados
2023-05-05 12:03:13 - [2872064505456567] Projetos armazenados
2023-05-05 12:03:44 - [5835862675809257] Projetos armazenados
2023-05-05 12:04:21 - [0519927284781537] Projetos armazenados
2023-05-05 12:04:55 - [1564782457108804] Projetos armazenados
2023-05-05 12:05:53 - [5566877625835272] Projetos armazenados
2023-05-05 12:06:48 - [8863163152848405] Projetos armazenados
2023-05-05 12:07:30 - [6382569996199325] Projetos armazenados
2023-05-05 12:08:05 - [0025928223417728] Projetos armazenados
2023-05-05 12:23:40 - === INICIANDO NOVA EXECUÇÃO: gemeos digitais ===
2023-05-05 12:24:00 -  > Pagina atual: 1
2023-05-05 12:24:09 -  > Pagina atual: 12
2023-05-05 12:24:10 -  > Pagina atual: 12
2023-05-05 12:24:17 -  > Pagina atual: 15
2023-05-05 12:24:37 - [3798947876272010] Projetos armazenados
2023-05-05 12:24:54 - [8615127367466231] Projetos não encontrados
2023-05-05 12:25:17 - [3278922570477238] Projetos armazenados
2023-05-05 12:25:37 - [0072632067545698] Projetos armazenados
2023-05-05 12:25:57 - [4259141990552062] Projetos não encontrados
2023-05-05 12:26:18 - [2125056709432095] Projetos armazenados
2023-05-05 12:26:50 - [2446086662055314] Projetos armazenados
2023-05-05 12:27:37 - [3335187297522447] Projetos não encontrados
2023-05-05 12:28:31 - [4419158525709686] Projetos não encontrados
2023-05-05 12:28:32 - === INICIANDO NOVA EXECUÇÃO: gemeos digitais ===
2023-05-05 12:35:34 - === INICIANDO NOVA EXECUÇÃO: gemeos digitais ===
2023-05-05 12:35:51 -  > Pagina atual: 1
2023-05-05 12:35:57 -  > Pagina atual: 12
2023-05-05 12:35:58 -  > Pagina atual: 12
2023-05-05 12:36:04 -  > Pagina atual: 15
2023-05-05 12:36:20 - [3798947876272010] Projetos armazenados
2023-05-05 12:36:38 - [8615127367466231] Projetos armazenados
2023-05-05 12:36:58 - [3278922570477238] Projetos armazenados
2023-05-05 12:37:17 - [0072632067545698] Projetos não encontrados
2023-05-05 12:37:35 - [4259141990552062] Projetos armazenados
2023-05-05 12:37:55 - [2125056709432095] Projetos armazenados
2023-05-05 12:38:18 - [2446086662055314] Projetos armazenados
2023-05-05 12:39:02 - [3335187297522447] Projetos não encontrados
2023-05-05 12:39:44 - [4419158525709686] Projetos não encontrados
2023-05-05 12:40:15 - [9629213198614887] Projetos armazenados
2023-05-05 12:40:19 -  > Pagina atual: 15
2023-05-05 12:40:23 -  > Pagina atual: 16
2023-05-05 12:40:44 - [4520612029966204] Projetos armazenados
2023-05-05 12:41:09 - [8614883884181446] Projetos armazenados
2023-05-05 12:41:37 - [0184424645432858] Projetos armazenados
2023-05-05 12:41:58 - [2169751971927037] Projetos armazenados
2023-05-05 12:42:37 - [8555844320658036] Projetos armazenados
2023-05-05 12:42:54 - [2865722030688852] Projetos armazenados
2023-05-05 12:43:10 - [7551030326740647] Projetos não encontrados
2023-05-05 12:43:11 - === FINALIZADO ===
