2023-05-05 10:26:07 - === INICIANDO NOVA EXECUÇÃO: metaverse ===
2023-05-05 10:27:57 - === INICIANDO NOVA EXECUÇÃO: metaverse ===
2023-05-05 10:31:42 - === INICIANDO NOVA EXECUÇÃO: metaverse ===
2023-05-05 10:33:11 - === INICIANDO NOVA EXECUÇÃO: metaverse ===
2023-05-05 10:34:54 - === INICIANDO NOVA EXECUÇÃO: metaverse ===
2023-05-05 10:37:09 - === INICIANDO NOVA EXECUÇÃO: metaverse ===
2023-05-05 10:37:30 - === INICIANDO NOVA EXECUÇÃO: metaverse ===
2023-05-05 10:37:41 - === INICIANDO NOVA EXECUÇÃO: metaverse ===
2023-05-05 10:37:50 - === INICIANDO NOVA EXECUÇÃO: metaverse ===
2023-05-05 10:38:06 - === INICIANDO NOVA EXECUÇÃO: metaverse ===
2023-05-05 11:11:00 - === INICIANDO NOVA EXECUÇÃO: metaverse ===
2023-05-05 11:11:26 -  > Pagina atual: 1
2023-05-05 11:11:29 -  > Pagina atual: 1
2023-05-05 11:11:40 - [6518150499764559] Projetos armazenados
2023-05-05 11:11:49 - [0210733501581314] Projetos não encontrados
2023-05-05 11:11:59 - [6937101469249775] Projetos armazenados
2023-05-05 11:12:09 - [1237732688247222] Projetos armazenados
2023-05-05 11:12:18 - [3080951176684822] Projetos armazenados
2023-05-05 11:12:40 - === INICIANDO NOVA EXECUÇÃO: metaverse ===
2023-05-05 11:12:59 -  > Pagina atual: 1
2023-05-05 11:13:02 -  > Pagina atual: 1
2023-05-05 11:13:15 - [6518150499764559] Projetos armazenados
2023-05-05 11:13:26 - [0210733501581314] Projetos não encontrados
2023-05-05 11:13:36 - [6937101469249775] Projetos armazenados
2023-05-05 11:13:52 - [1237732688247222] Projetos armazenados
2023-05-05 11:14:05 - [3080951176684822] Projetos armazenados
2023-05-05 11:14:17 - [9933939386282163] Projetos armazenados
2023-05-05 11:14:31 - [1936581424002717] Projetos armazenados
2023-05-05 11:14:45 - [5130519358931621] Projetos não encontrados
2023-05-05 11:15:02 - [6301625161386664] Projetos armazenados
2023-05-05 11:15:16 - [0749683420700686] Projetos armazenados
2023-05-05 11:15:17 -  > Pagina atual: 1
2023-05-05 11:15:20 -  > Pagina atual: 2
2023-05-05 11:15:33 - [4314710449766037] Projetos armazenados
2023-05-05 11:15:46 - [3123204328549727] Projetos armazenados
2023-05-05 11:16:03 - [3405035591225053] Projetos não encontrados
2023-05-05 11:16:38 - [5391034042353187] Projetos não encontrados
2023-05-05 11:17:01 - [2865722030688852] Projetos armazenados
2023-05-05 11:17:24 - [9719247117370600] Projetos armazenados
2023-05-05 11:17:43 - [7406028970099205] Projetos armazenados
2023-05-05 11:17:56 - [2125238602476950] Projetos armazenados
2023-05-05 11:18:15 - [8269779905235226] Projetos não encontrados
2023-05-05 11:18:34 - [7036137303246485] Projetos armazenados
2023-05-05 11:18:37 -  > Pagina atual: 2
2023-05-05 11:18:41 -  > Pagina atual: 3
2023-05-05 11:19:01 - [7224163454715504] Projetos armazenados
2023-05-05 11:19:32 - [5410403216989073] Projetos armazenados
2023-05-05 11:19:53 - [9895428179606886] Projetos não encontrados
2023-05-05 11:20:10 - [0006708662950964] Projetos armazenados
2023-05-05 11:20:35 - [9500245604678806] Projetos armazenados
2023-05-05 11:20:55 - [9568338246493587] Projetos armazenados
2023-05-05 11:21:10 - [1904878326864521] Projetos armazenados
2023-05-05 11:21:28 - [2368495551198224] Projetos armazenados
2023-05-05 11:21:46 - [2592813548036543] Projetos não encontrados
2023-05-05 11:22:11 - [1279824839196223] Projetos armazenados
2023-05-05 11:22:14 -  > Pagina atual: 3
2023-05-05 11:22:19 -  > Pagina atual: 4
2023-05-05 11:22:52 - [4843891170478912] Projetos armazenados
2023-05-05 11:23:07 - [8774573536479229] Projetos armazenados
2023-05-05 11:23:27 - [3944579737930998] Projetos armazenados
2023-05-05 11:23:48 - [3644027876437753] Projetos armazenados
2023-05-05 11:24:07 - [9511610526352732] Projetos não encontrados
2023-05-05 11:24:24 - [7355271047505254] Projetos armazenados
2023-05-05 11:24:47 - [0796977308756789] Projetos não encontrados
2023-05-05 11:25:12 - [5959143194142131] Projetos não encontrados
2023-05-05 11:25:31 - [9279970444599822] Projetos não encontrados
2023-05-05 11:25:51 - [2967595851995266] Projetos armazenados
2023-05-05 11:25:53 -  > Pagina atual: 4
2023-05-05 11:25:58 -  > Pagina atual: 5
2023-05-05 11:27:09 - [3611967334176683] Projetos armazenados
2023-05-05 11:27:28 - [4409094765322922] Projetos não encontrados
2023-05-05 11:27:50 - [4264092409766582] Projetos armazenados
2023-05-05 11:28:22 - [7861875052634037] Projetos não encontrados
2023-05-05 11:28:23 - === FINALIZADO ===
