2023-05-05 10:26:07 - === INICIANDO NOVA EXECUÇÃO: metaverso ===
2023-05-05 10:27:56 - === INICIANDO NOVA EXECUÇÃO: metaverso ===
2023-05-05 10:31:42 - === INICIANDO NOVA EXECUÇÃO: metaverso ===
2023-05-05 10:33:10 - === INICIANDO NOVA EXECUÇÃO: metaverso ===
2023-05-05 10:34:53 - === INICIANDO NOVA EXECUÇÃO: metaverso ===
2023-05-05 10:37:08 - === INICIANDO NOVA EXECUÇÃO: metaverso ===
2023-05-05 10:37:30 - === INICIANDO NOVA EXECUÇÃO: metaverso ===
2023-05-05 10:38:09 - === INICIANDO NOVA EXECUÇÃO: metaverso ===
2023-05-05 10:41:04 - === INICIANDO NOVA EXECUÇÃO: metaverso ===
2023-05-05 10:41:11 - === INICIANDO NOVA EXECUÇÃO: metaverso ===
2023-05-05 10:41:18 - === INICIANDO NOVA EXECUÇÃO: metaverso ===
2023-05-05 10:41:21 - === INICIANDO NOVA EXECUÇÃO: metaverso ===
2023-05-05 10:42:46 - === INICIANDO NOVA EXECUÇÃO: metaverso ===
2023-05-05 10:42:52 - === INICIANDO NOVA EXECUÇÃO: metaverso ===
2023-05-05 10:42:59 - === INICIANDO NOVA EXECUÇÃO: metaverso ===
2023-05-05 10:43:06 - === INICIANDO NOVA EXECUÇÃO: metaverso ===
2023-05-05 10:43:08 - === INICIANDO NOVA EXECUÇÃO: metaverso ===
2023-05-05 10:44:43 - === INICIANDO NOVA EXECUÇÃO: metaverso ===
2023-05-05 10:44:50 - === INICIANDO NOVA EXECUÇÃO: metaverso ===
2023-05-05 10:44:52 - === INICIANDO NOVA EXECUÇÃO: metaverso ===
2023-05-05 10:44:59 - === INICIANDO NOVA EXECUÇÃO: metaverso ===
2023-05-05 10:45:05 - === INICIANDO NOVA EXECUÇÃO: metaverso ===
2023-05-05 10:45:13 - === INICIANDO NOVA EXECUÇÃO: metaverso ===
2023-05-05 10:45:20 - === INICIANDO NOVA EXECUÇÃO: metaverso ===
2023-05-05 10:45:26 - === INICIANDO NOVA EXECUÇÃO: metaverso ===
2023-05-05 10:45:33 - === INICIANDO NOVA EXECUÇÃO: metaverso ===
2023-05-05 10:45:39 - === INICIANDO NOVA EXECUÇÃO: metaverso ===
2023-05-05 10:45:46 - === INICIANDO NOVA EXECUÇÃO: metaverso ===
2023-05-05 10:45:59 - === INICIANDO NOVA EXECUÇÃO: metaverso ===
2023-05-05 10:46:06 - === INICIANDO NOVA EXECUÇÃO: metaverso ===
2023-05-05 10:46:12 - === INICIANDO NOVA EXECUÇÃO: metaverso ===
2023-05-05 10:47:07 - === INICIANDO NOVA EXECUÇÃO: metaverso ===
2023-05-05 10:47:13 - === INICIANDO NOVA EXECUÇÃO: metaverso ===
2023-05-05 10:49:17 - === INICIANDO NOVA EXECUÇÃO: metaverso ===
2023-05-05 10:49:24 - === INICIANDO NOVA EXECUÇÃO: metaverso ===
2023-05-05 10:50:17 - === INICIANDO NOVA EXECUÇÃO: metaverso ===
2023-05-05 10:50:50 - === INICIANDO NOVA EXECUÇÃO: metaverso ===
2023-05-05 10:50:58 -  > Pagina atual: 1
2023-05-05 10:51:01 -  > Pagina atual: 1
2023-05-05 10:58:31 - === INICIANDO NOVA EXECUÇÃO: metaverso ===
2023-05-05 10:58:39 -  > Pagina atual: 1
2023-05-05 10:58:42 -  > Pagina atual: 1
2023-05-05 10:58:51 - [4872714125344242] Projetos armazenados
2023-05-05 10:59:00 - [9935973243697231] Projetos armazenados
2023-05-05 10:59:09 - [2339773434595512] Projetos armazenados
2023-05-05 10:59:18 - [4608525364653692] Projetos armazenados
2023-05-05 10:59:27 - [9511682940705876] Projetos não encontrados
2023-05-05 10:59:41 - [5391034042353187] Projetos armazenados
2023-05-05 10:59:50 - [1545833919613833] Projetos não encontrados
2023-05-05 10:59:59 - [3473315770826280] Projetos armazenados
2023-05-05 11:00:08 - [7731800982736292] Projetos não encontrados
2023-05-05 11:00:17 - [7871436371217249] Projetos não encontrados
2023-05-05 11:01:40 - === INICIANDO NOVA EXECUÇÃO: metaverso ===
2023-05-05 11:01:47 -  > Pagina atual: 1
2023-05-05 11:01:49 -  > Pagina atual: 2
2023-05-05 11:06:02 - === INICIANDO NOVA EXECUÇÃO: metaverso ===
2023-05-05 11:06:11 -  > Pagina atual: 1
2023-05-05 11:06:14 -  > Pagina atual: 2
2023-05-05 11:06:23 - [7643384969349850] Projetos armazenados
2023-05-05 11:06:32 - [4003009413233758] Projetos armazenados
2023-05-05 11:06:42 - [5877338921329207] Projetos armazenados
2023-05-05 11:06:53 - [9432756075284798] Projetos armazenados
2023-05-05 11:07:02 - [2716416791407528] Projetos não encontrados
2023-05-05 11:07:12 - [0009674810581809] Projetos armazenados
2023-05-05 11:07:21 - [2514007540772901] Projetos não encontrados
2023-05-05 11:07:30 - [7828539471249603] Projetos armazenados
2023-05-05 11:07:39 - [9175184110106855] Projetos armazenados
2023-05-05 11:07:48 - [2302666201616083] Projetos armazenados
2023-05-05 11:07:48 -  > Pagina atual: 2
2023-05-05 11:07:51 -  > Pagina atual: 3
2023-05-05 11:08:01 - [9702014055794665] Projetos armazenados
2023-05-05 11:08:10 - [9139726903742598] Projetos armazenados
2023-05-05 11:08:20 - [9933939386282163] Projetos armazenados
2023-05-05 11:08:29 - [0270848871768233] Projetos armazenados
2023-05-05 11:08:38 - [8867797849762208] Projetos não encontrados
2023-05-05 11:08:47 - [0009031028249486] Projetos armazenados
2023-05-05 11:08:56 - [7110525234881119] Projetos armazenados
2023-05-05 11:09:05 - [2959570872279404] Projetos não encontrados
2023-05-05 11:09:16 - [9624312846001828] Projetos não encontrados
2023-05-05 11:09:25 - [3068252812902262] Projetos armazenados
2023-05-05 11:09:26 -  > Pagina atual: 3
2023-05-05 11:09:29 -  > Pagina atual: 4
2023-05-05 11:10:13 - === INICIANDO NOVA EXECUÇÃO: metaverso ===
2023-05-05 11:10:22 -  > Pagina atual: 1
2023-05-05 11:11:01 - === INICIANDO NOVA EXECUÇÃO: metaverso ===
2023-05-05 11:11:21 -  > Pagina atual: 1
2023-05-05 11:11:25 -  > Pagina atual: 4
2023-05-05 11:12:40 - === INICIANDO NOVA EXECUÇÃO: metaverso ===
2023-05-05 11:13:01 -  > Pagina atual: 1
2023-05-05 11:13:07 -  > Pagina atual: 4
2023-05-05 11:13:18 - [3464358663007696] Projetos armazenados
2023-05-05 11:13:30 - [6518150499764559] Projetos armazenados
2023-05-05 11:13:43 - [9440830574418409] Projetos armazenados
2023-05-05 11:13:57 - [1976508951663219] Projetos armazenados
2023-05-05 11:14:09 - [7385721779493141] Projetos não encontrados
2023-05-05 11:14:20 - [8674590799900728] Projetos armazenados
2023-05-05 11:14:33 - [4205054324087361] Projetos armazenados
2023-05-05 11:14:48 - [4540774422689570] Projetos armazenados
2023-05-05 11:15:02 - [4093097293050704] Projetos armazenados
2023-05-05 11:15:16 - [2900354869264093] Projetos não encontrados
2023-05-05 11:15:17 -  > Pagina atual: 4
2023-05-05 11:15:22 -  > Pagina atual: 5
2023-05-05 11:15:36 - [2632990471504220] Projetos armazenados
2023-05-05 11:15:49 - [6618307257641037] Projetos armazenados
2023-05-05 11:16:03 - [8572993428217076] Projetos armazenados
2023-05-05 11:16:17 - [0248171955380856] Projetos armazenados
2023-05-05 11:16:35 - [8502788453551018] Projetos não encontrados
2023-05-05 11:16:49 - [5478141763937164] Projetos não encontrados
2023-05-05 11:17:05 - [2957130184107059] Projetos armazenados
2023-05-05 11:17:19 - [5860577862265056] Projetos armazenados
2023-05-05 11:17:35 - [1096941114079527] Projetos não encontrados
2023-05-05 11:17:50 - [6319881056192430] Projetos armazenados
2023-05-05 11:17:52 -  > Pagina atual: 5
2023-05-05 11:17:57 -  > Pagina atual: 6
2023-05-05 11:18:10 - [5255478428345110] Projetos armazenados
2023-05-05 11:18:24 - [1252698376395769] Projetos armazenados
2023-05-05 11:18:42 - [0606341154404244] Projetos armazenados
2023-05-05 11:18:57 - [1669263173728452] Projetos armazenados
2023-05-05 11:19:16 - [3402056676199307] Projetos armazenados
2023-05-05 11:19:32 - [6454608788321257] Projetos armazenados
2023-05-05 11:19:48 - [2619421735501352] Projetos armazenados
2023-05-05 11:20:05 - [2996340814216498] Projetos armazenados
2023-05-05 11:20:26 - [5136217690821399] Projetos não encontrados
2023-05-05 11:20:43 - [3595859997857432] Projetos não encontrados
2023-05-05 11:20:45 -  > Pagina atual: 6
2023-05-05 11:20:51 -  > Pagina atual: 7
2023-05-05 11:21:03 - [0749683420700686] Projetos armazenados
2023-05-05 11:21:17 - [5252084806551276] Projetos armazenados
2023-05-05 11:21:32 - [6369637356217688] Projetos armazenados
2023-05-05 11:21:47 - [8435311517599740] Projetos não encontrados
2023-05-05 11:22:04 - [5489028801080395] Projetos armazenados
2023-05-05 11:22:22 - [7286815404131000] Projetos armazenados
2023-05-05 11:22:37 - [9934407179770894] Projetos armazenados
2023-05-05 11:22:53 - [7557225239154641] Projetos não encontrados
2023-05-05 11:23:13 - [1002535093147868] Projetos não encontrados
2023-05-05 11:23:29 - [0992498795960159] Projetos não encontrados
2023-05-05 11:23:32 -  > Pagina atual: 7
2023-05-05 11:23:37 -  > Pagina atual: 8
2023-05-05 11:23:55 - [2893064001425329] Projetos não encontrados
2023-05-05 11:24:15 - [4416858554787169] Projetos não encontrados
2023-05-05 11:24:35 - [5458221348460310] Projetos armazenados
2023-05-05 11:24:53 - [1722113830390578] Projetos armazenados
2023-05-05 11:25:10 - [4520293519781462] Projetos armazenados
2023-05-05 11:25:29 - [2578465619037920] Projetos não encontrados
2023-05-05 11:25:45 - [7510787465076382] Projetos não encontrados
2023-05-05 11:26:00 - [2818099679572722] Projetos não encontrados
2023-05-05 11:26:20 - [6301625161386664] Projetos armazenados
2023-05-05 11:26:41 - [9279970444599822] Projetos armazenados
2023-05-05 11:26:46 -  > Pagina atual: 8
2023-05-05 11:26:51 -  > Pagina atual: 9
2023-05-05 11:27:06 - [8774573536479229] Projetos armazenados
2023-05-05 11:27:31 - [2865722030688852] Projetos armazenados
2023-05-05 11:27:56 - [1395819956519533] Projetos armazenados
2023-05-05 11:28:12 - [2205907145171008] Projetos armazenados
2023-05-05 11:28:28 - [2714417044890847] Projetos armazenados
2023-05-05 11:28:44 - [8100404916721779] Projetos armazenados
2023-05-05 11:29:00 - [2313825362934634] Projetos armazenados
2023-05-05 11:29:14 - [0995182524603161] Projetos armazenados
2023-05-05 11:29:28 - [8142672413873390] Projetos armazenados
2023-05-05 11:29:43 - [6662953217298028] Projetos armazenados
2023-05-05 11:29:45 -  > Pagina atual: 9
2023-05-05 11:29:51 -  > Pagina atual: 10
2023-05-05 11:30:04 - [4311594826556724] Projetos armazenados
2023-05-05 11:30:20 - [7224163454715504] Projetos armazenados
2023-05-05 11:30:34 - [4059334911325971] Projetos não encontrados
2023-05-05 11:30:46 - [7241580001284141] Projetos armazenados
2023-05-05 11:31:01 - [9098110282429357] Projetos armazenados
2023-05-05 11:31:14 - [6248970522906824] Projetos não encontrados
2023-05-05 11:31:29 - [4649814099154237] Projetos armazenados
2023-05-05 11:31:44 - [2542622857394740] Projetos armazenados
2023-05-05 11:31:57 - [4888589285969175] Projetos armazenados
2023-05-05 11:32:10 - [6311980330681924] Projetos armazenados
2023-05-05 11:32:13 -  > Pagina atual: 10
2023-05-05 11:32:18 -  > Pagina atual: 11
2023-05-05 11:32:31 - [3516067759610109] Projetos não encontrados
2023-05-05 11:32:46 - [8045171889826285] Projetos armazenados
2023-05-05 11:33:02 - [0883967124405911] Projetos armazenados
2023-05-05 11:33:17 - [0041121834612355] Projetos armazenados
2023-05-05 11:33:33 - [4788011923504048] Projetos armazenados
2023-05-05 11:33:46 - [9716270626654261] Projetos armazenados
2023-05-05 11:34:02 - [9262982142956906] Projetos armazenados
2023-05-05 11:34:17 - [2760935870224920] Projetos armazenados
2023-05-05 11:34:31 - [5269312530540199] Projetos armazenados
2023-05-05 11:34:47 - [7244428568446527] Projetos não encontrados
2023-05-05 11:34:48 -  > Pagina atual: 11
2023-05-05 11:34:53 -  > Pagina atual: 12
2023-05-05 11:35:07 - [5438109402800417] Projetos não encontrados
2023-05-05 11:35:24 - [5010668019661821] Projetos armazenados
2023-05-05 11:35:39 - [4704514536667110] Projetos não encontrados
2023-05-05 11:35:55 - [9946442723550848] Projetos armazenados
2023-05-05 11:36:24 - [5410403216989073] Projetos armazenados
2023-05-05 11:36:44 - [2520052840092243] Projetos não encontrados
2023-05-05 11:37:02 - [8231237935065420] Projetos armazenados
2023-05-05 11:37:19 - [3348403031099339] Projetos não encontrados
2023-05-05 11:37:36 - [4218832368263637] Projetos armazenados
2023-05-05 11:37:53 - [6329519608438275] Projetos não encontrados
2023-05-05 11:37:55 -  > Pagina atual: 12
2023-05-05 11:37:59 -  > Pagina atual: 13
2023-05-05 11:38:15 - [1574864836011183] Projetos armazenados
2023-05-05 11:38:27 - [7870169090904688] Projetos armazenados
2023-05-05 11:38:41 - [9963269544678509] Projetos armazenados
2023-05-05 11:38:55 - [0501764855693100] Projetos armazenados
2023-05-05 11:39:11 - [2320739710304133] Projetos armazenados
2023-05-05 11:39:25 - [5471419148058887] Projetos armazenados
2023-05-05 11:39:39 - [7164611825752287] Projetos não encontrados
2023-05-05 11:40:03 - [4244205836006671] Projetos armazenados
2023-05-05 11:40:20 - [6878718102770367] Projetos armazenados
2023-05-05 11:40:35 - [9175813568580367] Projetos armazenados
2023-05-05 11:40:38 -  > Pagina atual: 13
2023-05-05 11:40:43 -  > Pagina atual: 14
2023-05-05 11:40:59 - [0185442935600199] Projetos armazenados
2023-05-05 11:41:15 - [7388836998087457] Projetos armazenados
2023-05-05 11:41:31 - [0837563823522372] Projetos armazenados
2023-05-05 11:41:46 - [9115734888503875] Projetos armazenados
2023-05-05 11:41:59 - [6513943344831736] Projetos armazenados
2023-05-05 11:42:12 - [1548806483243192] Projetos armazenados
2023-05-05 11:42:26 - [3123204328549727] Projetos não encontrados
2023-05-05 11:42:44 - [1458985996275598] Projetos armazenados
2023-05-05 11:42:56 - [5527638997019193] Projetos armazenados
2023-05-05 11:43:10 - [0577793472324749] Projetos não encontrados
2023-05-05 11:43:11 -  > Pagina atual: 14
2023-05-05 11:43:16 -  > Pagina atual: 15
2023-05-05 11:43:31 - [2704967773387185] Projetos não encontrados
2023-05-05 11:43:47 - [5512849006877767] Projetos armazenados
2023-05-05 11:44:04 - [1214312180610688] Projetos armazenados
2023-05-05 11:44:23 - [7327673330074701] Projetos não encontrados
2023-05-05 11:44:41 - [7649391782228457] Projetos armazenados
2023-05-05 11:45:01 - [0796977308756789] Projetos armazenados
2023-05-05 11:45:21 - [3104903814803347] Projetos armazenados
2023-05-05 11:45:42 - [2502439781919473] Projetos armazenados
2023-05-05 11:46:00 - [0006708662950964] Projetos armazenados
2023-05-05 11:46:20 - [1097211700011897] Projetos armazenados
2023-05-05 11:46:23 -  > Pagina atual: 15
2023-05-05 11:46:27 -  > Pagina atual: 16
2023-05-05 11:46:45 - [6516093498310414] Projetos armazenados
2023-05-05 11:47:02 - [0502041744618086] Projetos armazenados
2023-05-05 11:47:16 - [3400537466049085] Projetos não encontrados
2023-05-05 11:47:32 - [0931343115963268] Projetos armazenados
2023-05-05 11:47:47 - [8136476437995422] Projetos armazenados
2023-05-05 11:48:02 - [7406028970099205] Projetos não encontrados
2023-05-05 11:48:15 - [7580382965799954] Projetos não encontrados
2023-05-05 11:48:29 - [3148813459575445] Projetos não encontrados
2023-05-05 11:48:45 - [3920607811795246] Projetos armazenados
2023-05-05 11:49:03 - [3627961063335220] Projetos armazenados
2023-05-05 11:49:07 -  > Pagina atual: 16
2023-05-05 11:49:12 -  > Pagina atual: 17
2023-05-05 11:49:27 - [0698707893144208] Projetos armazenados
2023-05-05 11:49:43 - [2582090861532744] Projetos armazenados
2023-05-05 11:50:00 - [1892922460567339] Projetos armazenados
2023-05-05 11:50:14 - [0250387190883006] Projetos não encontrados
2023-05-05 11:50:31 - [4448159104632472] Projetos armazenados
2023-05-05 11:50:50 - [7550820294257183] Projetos armazenados
2023-05-05 11:51:03 - [9668726793029127] Projetos armazenados
2023-05-05 11:51:17 - [8298296522722370] Projetos armazenados
2023-05-05 11:51:45 - [0878410768350416] Projetos armazenados
2023-05-05 11:52:01 - [0456341463142407] Projetos não encontrados
2023-05-05 11:52:04 -  > Pagina atual: 17
2023-05-05 11:52:10 -  > Pagina atual: 18
2023-05-05 11:52:25 - [4433778294761502] Projetos armazenados
2023-05-05 11:52:44 - [8901320181295016] Projetos armazenados
2023-05-05 11:53:02 - [0405484529521542] Projetos não encontrados
2023-05-05 11:53:18 - [6210884573719098] Projetos armazenados
2023-05-05 11:53:35 - [8223366539713305] Projetos não encontrados
2023-05-05 11:53:52 - [3042465006684635] Projetos armazenados
2023-05-05 11:54:07 - [4811577759329677] Projetos armazenados
2023-05-05 11:54:21 - [8403191368414581] Projetos não encontrados
2023-05-05 11:54:40 - [5971850606457500] Projetos armazenados
2023-05-05 11:54:54 - [9397214841745174] Projetos armazenados
2023-05-05 11:54:57 -  > Pagina atual: 18
2023-05-05 11:55:03 -  > Pagina atual: 19
2023-05-05 11:55:25 - [7447943300478765] Projetos armazenados
2023-05-05 11:55:44 - [6682366416686468] Projetos não encontrados
2023-05-05 11:56:01 - [1301443198267856] Projetos armazenados
2023-05-05 11:56:19 - [5946402698411270] Projetos não encontrados
2023-05-05 11:56:39 - [8514589656222447] Projetos não encontrados
2023-05-05 11:56:59 - [6223351645964600] Projetos não encontrados
2023-05-05 11:57:31 - [7761038914576062] Projetos armazenados
2023-05-05 11:57:53 - [5018338717420441] Projetos armazenados
2023-05-05 11:58:21 - [9022429185170882] Projetos não encontrados
2023-05-05 11:58:45 - [5549397267187698] Projetos armazenados
2023-05-05 11:58:48 -  > Pagina atual: 19
2023-05-05 11:58:55 -  > Pagina atual: 20
2023-05-05 11:59:12 - [6829518369917635] Projetos armazenados
2023-05-05 11:59:29 - [4409094765322922] Projetos armazenados
2023-05-05 11:59:46 - [4264092409766582] Projetos não encontrados
2023-05-05 12:00:25 - [8501893261263297] Projetos não encontrados
2023-05-05 12:00:42 - [2950654276812500] Projetos armazenados
2023-05-05 12:01:02 - [6133043453679958] Projetos não encontrados
2023-05-05 12:01:26 - [2872064505456567] Projetos armazenados
2023-05-05 12:01:45 - [7514737354542371] Projetos armazenados
2023-05-05 12:02:06 - [3740903204981170] Projetos armazenados
2023-05-05 12:02:29 - [0563684368871881] Projetos armazenados
2023-05-05 12:02:34 -  > Pagina atual: 20
2023-05-05 12:02:38 -  > Pagina atual: 21
2023-05-05 12:02:52 - [8269017253753291] Projetos armazenados
2023-05-05 12:03:12 - [8243001226255815] Projetos não encontrados
2023-05-05 12:03:46 - [9719247117370600] Projetos armazenados
2023-05-05 12:04:15 - [6612495570989946] Projetos não encontrados
2023-05-05 12:04:46 - [2368585419362246] Projetos armazenados
2023-05-05 12:05:03 - [2438194618382979] Projetos não encontrados
2023-05-05 12:05:26 - [2450340714766577] Projetos armazenados
2023-05-05 12:05:55 - [3248066734287758] Projetos armazenados
2023-05-05 12:06:22 - [8595449661860162] Projetos armazenados
2023-05-05 12:06:46 - [4947667819852437] Projetos não encontrados
2023-05-05 12:06:48 -  > Pagina atual: 21
2023-05-05 12:06:54 -  > Pagina atual: 22
2023-05-05 12:07:19 - [0587330097059471] Projetos armazenados
2023-05-05 12:07:58 - [7575680865267749] Projetos armazenados
2023-05-05 12:08:24 - [3557006102051289] Projetos armazenados
2023-05-05 12:08:49 - [0553153362439593] Projetos não encontrados
2023-05-05 12:23:40 - === INICIANDO NOVA EXECUÇÃO: metaverso ===
2023-05-05 12:24:01 -  > Pagina atual: 1
2023-05-05 12:24:08 -  > Pagina atual: 12
2023-05-05 12:24:09 -  > Pagina atual: 12
2023-05-05 12:24:16 -  > Pagina atual: 21
2023-05-05 12:24:17 -  > Pagina atual: 21
2023-05-05 12:24:22 -  > Pagina atual: 22
2023-05-05 12:24:40 - [0587330097059471] Projetos armazenados
2023-05-05 12:24:59 - [7575680865267749] Projetos armazenados
2023-05-05 12:25:17 - [3557006102051289] Projetos armazenados
2023-05-05 12:25:30 - [0553153362439593] Projetos armazenados
2023-05-05 12:25:48 - [5942523122018910] Projetos armazenados
2023-05-05 12:26:06 - [2658033491003163] Projetos não encontrados
2023-05-05 12:26:25 - [5573271976478452] Projetos armazenados
2023-05-05 12:26:43 - [7426037066308934] Projetos armazenados
2023-05-05 12:26:58 - [1612227255633180] Projetos não encontrados
2023-05-05 12:27:16 - [2249205599139068] Projetos armazenados
2023-05-05 12:27:18 -  > Pagina atual: 22
2023-05-05 12:27:23 -  > Pagina atual: 23
2023-05-05 12:27:38 - [3926504763978915] Projetos não encontrados
2023-05-05 12:27:57 - [4433849182059701] Projetos armazenados
2023-05-05 12:28:15 - [1736294295596552] Projetos armazenados
2023-05-05 12:35:34 - === INICIANDO NOVA EXECUÇÃO: metaverso ===
2023-05-05 12:35:54 -  > Pagina atual: 1
2023-05-05 12:36:03 -  > Pagina atual: 12
2023-05-05 12:36:04 -  > Pagina atual: 12
2023-05-05 12:36:10 -  > Pagina atual: 21
2023-05-05 12:36:10 -  > Pagina atual: 21
2023-05-05 12:36:16 -  > Pagina atual: 23
2023-05-05 12:36:30 - [3926504763978915] Projetos armazenados
2023-05-05 12:36:44 - [4433849182059701] Projetos armazenados
2023-05-05 12:36:59 - [1736294295596552] Projetos armazenados
2023-05-05 12:37:16 - [1649405843235976] Projetos armazenados
2023-05-05 12:37:35 - [3983476350546614] Projetos armazenados
2023-05-05 12:37:53 - [5507163418751483] Projetos armazenados
2023-05-05 12:38:06 - [2854174439495045] Projetos armazenados
2023-05-05 12:38:20 - [9357911834311225] Projetos armazenados
2023-05-05 12:38:36 - [3666157458959457] Projetos não encontrados
2023-05-05 12:38:51 - [1976364966262928] Projetos não encontrados
2023-05-05 12:38:53 -  > Pagina atual: 23
2023-05-05 12:38:57 -  > Pagina atual: 24
2023-05-05 12:39:11 - [7651683680159601] Projetos armazenados
2023-05-05 12:39:24 - [7242368838666168] Projetos não encontrados
2023-05-05 12:40:00 - [3337902004026180] Projetos não encontrados
2023-05-05 12:40:26 - [1315096515847809] Projetos armazenados
2023-05-05 12:40:44 - [3308336910966465] Projetos não encontrados
2023-05-05 12:41:05 - [1421349592402127] Projetos armazenados
2023-05-05 12:41:26 - [1715929488515498] Projetos armazenados
2023-05-05 12:41:58 - [4691603916424874] Projetos armazenados
2023-05-05 12:42:23 - [7661737809414762] Projetos não encontrados
2023-05-05 12:42:38 - [9918372985460845] Projetos armazenados
2023-05-05 12:42:41 -  > Pagina atual: 24
2023-05-05 12:42:46 -  > Pagina atual: 25
2023-05-05 12:43:01 - [1847187277633756] Projetos armazenados
2023-05-05 12:43:17 - [8320891285597425] Projetos não encontrados
2023-05-05 12:43:34 - [0920629723928382] Projetos armazenados
2023-05-05 12:43:49 - [7300520149420928] Projetos armazenados
2023-05-05 12:44:05 - [9163739520948219] Projetos armazenados
2023-05-05 12:44:18 - [6886286484926003] Projetos armazenados
2023-05-05 12:44:33 - [4776992411133337] Projetos armazenados
2023-05-05 12:44:50 - [5337888022997524] Projetos armazenados
2023-05-05 12:45:11 - [3644027876437753] Projetos armazenados
2023-05-05 12:45:30 - [8492161402371563] Projetos armazenados
2023-05-05 12:45:31 -  > Pagina atual: 25
2023-05-05 12:45:36 -  > Pagina atual: 26
2023-05-05 12:45:48 - [5673244752067453] Projetos armazenados
2023-05-05 12:46:03 - [9284563343635061] Projetos armazenados
2023-05-05 12:46:18 - [6723952614607082] Projetos armazenados
2023-05-05 12:46:33 - [6720552935529976] Projetos armazenados
2023-05-05 12:46:50 - [9001465175088901] Projetos armazenados
2023-05-05 12:47:07 - [5586679333125539] Projetos armazenados
2023-05-05 12:47:20 - [5544397171100245] Projetos armazenados
2023-05-05 12:47:36 - [0130775836783181] Projetos não encontrados
2023-05-05 12:47:52 - [9727029245032464] Projetos armazenados
2023-05-05 12:48:08 - [3914159735707328] Projetos armazenados
2023-05-05 12:48:10 -  > Pagina atual: 26
2023-05-05 12:48:15 -  > Pagina atual: 27
2023-05-05 12:48:30 - [2538066438021774] Projetos não encontrados
2023-05-05 12:48:43 - [3133881226791259] Projetos não encontrados
2023-05-05 12:49:00 - [9327448059179976] Projetos armazenados
2023-05-05 12:49:18 - [0863528720140277] Projetos armazenados
2023-05-05 12:49:35 - [7689442989367017] Projetos armazenados
2023-05-05 12:49:51 - [7514281584068465] Projetos não encontrados
2023-05-05 12:50:05 - [2999474609778308] Projetos não encontrados
2023-05-05 12:50:23 - [3101630544687086] Projetos armazenados
2023-05-05 12:50:48 - [5803297417778354] Projetos armazenados
2023-05-05 12:51:03 - [0701427642783016] Projetos não encontrados
2023-05-05 12:51:05 -  > Pagina atual: 27
2023-05-05 12:51:11 -  > Pagina atual: 28
2023-05-05 12:51:23 - [4323474960797731] Projetos armazenados
2023-05-05 12:51:40 - [8177502122038987] Projetos armazenados
2023-05-05 12:52:00 - [4182784247902426] Projetos armazenados
2023-05-05 12:52:18 - [3281824393763397] Projetos não encontrados
2023-05-05 12:52:40 - [6712643081284954] Projetos armazenados
2023-05-05 12:53:02 - [8210260553342144] Projetos armazenados
2023-05-05 12:53:23 - [4695452665454054] Projetos armazenados
2023-05-05 12:53:44 - [7715385604038814] Projetos não encontrados
2023-05-05 12:53:59 - [9361065863868373] Projetos armazenados
2023-05-05 12:54:18 - [0129810966268826] Projetos armazenados
2023-05-05 12:54:21 -  > Pagina atual: 28
2023-05-05 12:54:27 -  > Pagina atual: 29
2023-05-05 12:54:48 - [7461825012810258] Projetos armazenados
2023-05-05 12:55:59 - [4977029165278179] Projetos armazenados
2023-05-05 12:56:38 - [2074959434257100] Projetos armazenados
2023-05-05 12:57:09 - [1619725989694017] Projetos não encontrados
2023-05-05 12:57:26 - [5565508488791214] Projetos armazenados
2023-05-05 12:57:50 - [7800954800978254] Projetos não encontrados
2023-05-05 12:58:06 - [9759944648465918] Projetos armazenados
2023-05-05 12:58:19 - [4791589931798048] Projetos armazenados
2023-05-05 12:58:32 - [5318250490460865] Projetos armazenados
2023-05-05 12:58:46 - [2869923054936837] Projetos armazenados
2023-05-05 12:58:47 -  > Pagina atual: 29
2023-05-05 12:58:52 -  > Pagina atual: 30
2023-05-05 12:59:09 - [2458875511918628] Projetos armazenados
2023-05-05 12:59:23 - [6428823615325023] Projetos armazenados
2023-05-05 12:59:24 - === FINALIZADO ===
