2023-05-05 10:26:07 - === INICIANDO NOVA EXECUÇÃO: Mixed Reality ===
2023-05-05 10:28:01 - === INICIANDO NOVA EXECUÇÃO: Mixed Reality ===
2023-05-05 10:31:47 - === INICIANDO NOVA EXECUÇÃO: Mixed Reality ===
2023-05-05 10:33:15 - === INICIANDO NOVA EXECUÇÃO: Mixed Reality ===
2023-05-05 10:34:58 - === INICIANDO NOVA EXECUÇÃO: Mixed Reality ===
2023-05-05 10:37:09 - === INICIANDO NOVA EXECUÇÃO: Mixed Reality ===
2023-05-05 10:37:56 - === INICIANDO NOVA EXECUÇÃO: Mixed Reality ===
2023-05-05 10:38:11 - === INICIANDO NOVA EXECUÇÃO: Mixed Reality ===
2023-05-05 10:38:19 - === INICIANDO NOVA EXECUÇÃO: Mixed Reality ===
2023-05-05 10:38:21 - === INICIANDO NOVA EXECUÇÃO: Mixed Reality ===
2023-05-05 11:11:01 - === INICIANDO NOVA EXECUÇÃO: Mixed Reality ===
2023-05-05 11:11:20 -  > Pagina atual: 1
2023-05-05 11:11:23 -  > Pagina atual: 1
2023-05-05 11:12:40 - === INICIANDO NOVA EXECUÇÃO: Mixed Reality ===
2023-05-05 11:13:05 -  > Pagina atual: 1
2023-05-05 11:13:08 -  > Pagina atual: 1
2023-05-05 11:13:46 - === INICIANDO NOVA EXECUÇÃO: Mixed Reality ===
2023-05-05 11:14:03 -  > Pagina atual: 1
2023-05-05 11:14:06 -  > Pagina atual: 1
2023-05-05 11:14:50 - === INICIANDO NOVA EXECUÇÃO: Mixed Reality ===
2023-05-05 11:15:05 -  > Pagina atual: 1
2023-05-05 11:15:10 -  > Pagina atual: 1
2023-05-05 11:15:46 - === INICIANDO NOVA EXECUÇÃO: Mixed Reality ===
2023-05-05 11:16:01 -  > Pagina atual: 1
2023-05-05 11:16:05 -  > Pagina atual: 1
2023-05-05 11:16:18 - [6149205068706400] Projetos armazenados
2023-05-05 11:16:37 - [8817591964244237] Projetos armazenados
2023-05-05 11:16:57 - [1916245590298485] Projetos armazenados
2023-05-05 11:17:13 - [9275043239517333] Projetos armazenados
2023-05-05 11:17:31 - [4321649532287831] Projetos armazenados
2023-05-05 11:17:47 - [0521761025000380] Projetos armazenados
2023-05-05 11:18:06 - [6878718102770367] Projetos armazenados
2023-05-05 11:18:25 - [3447520409510736] Projetos armazenados
2023-05-05 11:18:41 - [8073228416136256] Projetos armazenados
2023-05-05 11:18:58 - [3195170463502606] Projetos armazenados
2023-05-05 11:18:59 -  > Pagina atual: 1
2023-05-05 11:19:03 -  > Pagina atual: 2
2023-05-05 11:19:20 - [4282224955491397] Projetos armazenados
2023-05-05 11:19:42 - [3355338790654065] Projetos armazenados
2023-05-05 11:20:00 - [9931293076574399] Projetos armazenados
2023-05-05 11:20:15 - [6747210702910392] Projetos armazenados
2023-05-05 11:20:33 - [3084098853925246] Projetos armazenados
2023-05-05 11:20:46 - [5587405998574264] Projetos armazenados
2023-05-05 11:21:00 - [0529384820417065] Projetos armazenados
2023-05-05 11:21:16 - [2288924975052379] Projetos armazenados
2023-05-05 11:21:33 - [9582755594379866] Projetos armazenados
2023-05-05 11:21:52 - [9183721973235194] Projetos armazenados
2023-05-05 11:21:54 -  > Pagina atual: 2
2023-05-05 11:22:01 -  > Pagina atual: 3
2023-05-05 11:22:17 - [3905420055945908] Projetos armazenados
2023-05-05 11:22:32 - [2227324756659206] Projetos armazenados
2023-05-05 11:22:53 - [4416858554787169] Projetos armazenados
2023-05-05 11:23:14 - [3196052576107598] Projetos armazenados
2023-05-05 11:23:42 - [3767009717402045] Projetos armazenados
2023-05-05 11:23:59 - [4292452867996496] Projetos armazenados
2023-05-05 11:24:17 - [1937172002316563] Projetos armazenados
2023-05-05 11:24:47 - [7532050172035129] Projetos armazenados
2023-05-05 11:25:15 - [8901320181295016] Projetos armazenados
2023-05-05 11:25:35 - [2682764296612645] Projetos armazenados
2023-05-05 11:25:37 -  > Pagina atual: 3
2023-05-05 11:25:44 -  > Pagina atual: 4
2023-05-05 11:26:02 - [3684061144624450] Projetos armazenados
2023-05-05 11:26:21 - [8199271455142877] Projetos não encontrados
2023-05-05 11:26:38 - [0594650510499319] Projetos armazenados
2023-05-05 11:27:08 - [7437115504621985] Projetos armazenados
2023-05-05 11:27:27 - [0584425766553916] Projetos armazenados
2023-05-05 11:27:50 - [5870097378411046] Projetos armazenados
2023-05-05 11:28:10 - [9603440627659658] Projetos armazenados
2023-05-05 11:28:31 - [2459050725301964] Projetos armazenados
2023-05-05 11:28:45 - [2961730349897943] Projetos armazenados
2023-05-05 11:29:00 - [2522861105234810] Projetos armazenados
2023-05-05 11:29:02 -  > Pagina atual: 4
2023-05-05 11:29:05 -  > Pagina atual: 5
2023-05-05 11:29:23 - [3616991101436026] Projetos armazenados
2023-05-05 11:29:39 - [8529032048850930] Projetos armazenados
2023-05-05 11:29:55 - [6430890398775944] Projetos armazenados
2023-05-05 11:30:11 - [8249534204731109] Projetos armazenados
2023-05-05 11:30:28 - [8670475877813913] Projetos armazenados
2023-05-05 11:30:43 - [2573291861218627] Projetos não encontrados
2023-05-05 11:31:01 - [7036137303246485] Projetos armazenados
2023-05-05 11:31:19 - [1882712230914196] Projetos não encontrados
2023-05-05 11:31:38 - [5777705137810019] Projetos não encontrados
2023-05-05 11:31:54 - [0319800678858096] Projetos não encontrados
2023-05-05 11:31:57 -  > Pagina atual: 5
2023-05-05 11:32:03 -  > Pagina atual: 6
2023-05-05 11:32:21 - [2578465619037920] Projetos não encontrados
2023-05-05 11:32:41 - [2935052598064187] Projetos armazenados
2023-05-05 11:32:53 - [9098636580667654] Projetos armazenados
2023-05-05 11:33:06 - [1457950789991352] Projetos não encontrados
2023-05-05 11:33:21 - [5463076295727564] Projetos armazenados
2023-05-05 11:33:41 - [1648316318310818] Projetos armazenados
2023-05-05 11:34:06 - [8626964624628522] Projetos não encontrados
2023-05-05 11:34:24 - [4006878042502781] Projetos armazenados
2023-05-05 11:34:41 - [5474659190408835] Projetos armazenados
2023-05-05 11:34:59 - [9801031941805250] Projetos armazenados
2023-05-05 11:35:01 -  > Pagina atual: 6
2023-05-05 11:35:05 -  > Pagina atual: 7
2023-05-05 11:35:17 - [8964123297688432] Projetos armazenados
2023-05-05 11:35:36 - [5993832413749292] Projetos não encontrados
2023-05-05 11:35:51 - [2544341199949477] Projetos armazenados
2023-05-05 11:36:04 - [2608236117101549] Projetos armazenados
2023-05-05 11:36:20 - [8181318469884254] Projetos armazenados
2023-05-05 11:36:43 - [7962572093080554] Projetos armazenados
2023-05-05 11:37:02 - [5117339495064254] Projetos armazenados
2023-05-05 11:37:18 - [6787525856497063] Projetos armazenados
2023-05-05 11:37:36 - [4903908392101557] Projetos armazenados
2023-05-05 11:37:50 - [2878446220552764] Projetos armazenados
2023-05-05 11:37:54 -  > Pagina atual: 7
2023-05-05 11:38:00 -  > Pagina atual: 8
2023-05-05 11:38:15 - [2467435098383196] Projetos não encontrados
2023-05-05 11:38:38 - [2265948982068382] Projetos armazenados
2023-05-05 11:38:53 - [8560050240967369] Projetos armazenados
2023-05-05 11:39:05 - [8778222822394147] Projetos armazenados
2023-05-05 11:39:22 - [8097908682363791] Projetos não encontrados
2023-05-05 11:39:33 - [3802040243557689] Projetos armazenados
2023-05-05 11:39:48 - [4520293519781462] Projetos armazenados
2023-05-05 11:40:03 - [4860331877518100] Projetos armazenados
2023-05-05 11:40:19 - [0160318195238506] Projetos armazenados
2023-05-05 11:40:33 - [2467415344047805] Projetos armazenados
2023-05-05 11:40:35 -  > Pagina atual: 8
2023-05-05 11:40:41 -  > Pagina atual: 9
2023-05-05 11:40:55 - [3278791354439256] Projetos armazenados
2023-05-05 11:41:11 - [8616017152145795] Projetos armazenados
2023-05-05 11:41:32 - [6614550860293610] Projetos armazenados
2023-05-05 11:41:47 - [4519764091092504] Projetos armazenados
2023-05-05 11:42:02 - [7221692456270122] Projetos não encontrados
2023-05-05 11:42:15 - [3687624698570009] Projetos armazenados
2023-05-05 11:42:32 - [0437559202653564] Projetos armazenados
2023-05-05 11:42:51 - [9748913112368707] Projetos armazenados
2023-05-05 11:43:06 - [3518240071127311] Projetos armazenados
2023-05-05 11:43:21 - [9126192988265844] Projetos armazenados
2023-05-05 11:43:23 -  > Pagina atual: 9
2023-05-05 11:43:30 -  > Pagina atual: 10
2023-05-05 11:43:43 - [0704248561279452] Projetos armazenados
2023-05-05 11:43:58 - [1951023538875171] Projetos armazenados
2023-05-05 11:44:15 - [7929745548214735] Projetos armazenados
2023-05-05 11:44:30 - [6829166075411185] Projetos armazenados
2023-05-05 11:44:45 - [5274287858488862] Projetos não encontrados
2023-05-05 11:45:05 - [3321577431881283] Projetos armazenados
2023-05-05 11:45:23 - [5261019308551828] Projetos armazenados
2023-05-05 11:45:38 - [0038028430009083] Projetos armazenados
2023-05-05 11:45:55 - [3653597363789712] Projetos armazenados
2023-05-05 11:46:11 - [5431353664068543] Projetos armazenados
2023-05-05 11:46:13 -  > Pagina atual: 10
2023-05-05 11:46:18 -  > Pagina atual: 11
2023-05-05 11:46:34 - [6490537603735219] Projetos armazenados
2023-05-05 11:46:54 - [5167744703826817] Projetos não encontrados
2023-05-05 11:47:12 - [1936581424002717] Projetos armazenados
2023-05-05 11:47:34 - [8544491643812450] Projetos armazenados
2023-05-05 11:47:57 - [3079253830583385] Projetos não encontrados
2023-05-05 11:48:12 - [9219981026641516] Projetos armazenados
2023-05-05 11:48:28 - [5261400444243386] Projetos armazenados
2023-05-05 11:48:44 - [0359360551958223] Projetos armazenados
2023-05-05 11:49:16 - [8800859024101679] Projetos armazenados
2023-05-05 11:49:31 - [6841185662777161] Projetos armazenados
2023-05-05 11:49:32 -  > Pagina atual: 11
2023-05-05 11:49:36 -  > Pagina atual: 12
2023-05-05 11:49:55 - [3381049256541106] Projetos armazenados
2023-05-05 11:50:13 - [9951857257197148] Projetos armazenados
2023-05-05 11:50:33 - [7502758036614082] Projetos armazenados
2023-05-05 11:50:55 - [1562357566810393] Projetos não encontrados
2023-05-05 11:51:14 - [8761079318223326] Projetos armazenados
2023-05-05 11:51:28 - [1399431224319032] Projetos armazenados
2023-05-05 11:51:51 - [4372943322993518] Projetos armazenados
2023-05-05 11:52:13 - [5043080196932200] Projetos não encontrados
2023-05-05 11:52:27 - [9862344168483523] Projetos armazenados
2023-05-05 11:52:39 - [6370159758529146] Projetos armazenados
2023-05-05 11:52:41 -  > Pagina atual: 12
2023-05-05 11:52:45 -  > Pagina atual: 13
2023-05-05 11:53:00 - [3191129244573056] Projetos armazenados
2023-05-05 11:53:15 - [6293886032778885] Projetos armazenados
2023-05-05 11:53:35 - [1270437648097538] Projetos armazenados
2023-05-05 11:53:56 - [7348782900227423] Projetos armazenados
2023-05-05 11:54:11 - [2600546662427031] Projetos armazenados
2023-05-05 11:54:27 - [5106573503876000] Projetos armazenados
2023-05-05 11:54:46 - [3252289006108114] Projetos não encontrados
2023-05-05 11:55:05 - [0494282486171725] Projetos armazenados
2023-05-05 11:55:25 - [9358511568098561] Projetos armazenados
2023-05-05 11:56:04 - [2141932552644466] Projetos armazenados
2023-05-05 11:56:06 -  > Pagina atual: 13
2023-05-05 11:56:10 -  > Pagina atual: 14
2023-05-05 11:56:48 - [5577164706111568] Projetos armazenados
2023-05-05 11:57:06 - [7644241125976321] Projetos armazenados
2023-05-05 11:57:24 - [8339468615156065] Projetos armazenados
2023-05-05 11:57:40 - [5379861783628841] Projetos não encontrados
2023-05-05 11:57:56 - [0227030470601631] Projetos armazenados
2023-05-05 11:58:29 - [9995669625550028] Projetos armazenados
2023-05-05 11:58:48 - [7165309884613944] Projetos armazenados
2023-05-05 11:59:01 - [2951269593210008] Projetos armazenados
2023-05-05 11:59:27 - [5005514832873485] Projetos não encontrados
2023-05-05 11:59:49 - [7059066677001387] Projetos armazenados
2023-05-05 11:59:50 -  > Pagina atual: 14
2023-05-05 11:59:55 -  > Pagina atual: 15
2023-05-05 12:00:35 - [2535324018884724] Projetos armazenados
2023-05-05 12:00:52 - [8916148983432604] Projetos não encontrados
2023-05-05 12:01:06 - [5060842459765904] Projetos não encontrados
2023-05-05 12:01:22 - [4093722871814514] Projetos não encontrados
2023-05-05 12:01:48 - [9242996936416312] Projetos não encontrados
2023-05-05 12:02:08 - [4962142967475275] Projetos armazenados
2023-05-05 12:02:27 - [3987091765361506] Projetos armazenados
2023-05-05 12:02:40 - [4277471687235814] Projetos armazenados
2023-05-05 12:02:55 - [7856968264410259] Projetos não encontrados
2023-05-05 12:03:36 - [0247628533800844] Projetos armazenados
2023-05-05 12:03:43 -  > Pagina atual: 15
2023-05-05 12:03:48 -  > Pagina atual: 16
2023-05-05 12:04:15 - [0251364589832974] Projetos armazenados
2023-05-05 12:04:55 - [5137091672252314] Projetos não encontrados
2023-05-05 12:05:31 - [2705745954546403] Projetos não encontrados
2023-05-05 12:23:40 - === INICIANDO NOVA EXECUÇÃO: Mixed Reality ===
2023-05-05 12:24:01 -  > Pagina atual: 1
2023-05-05 12:24:25 -  > Pagina atual: 12
2023-05-05 12:24:27 -  > Pagina atual: 12
2023-05-05 12:24:36 -  > Pagina atual: 16
2023-05-05 12:24:52 - [0251364589832974] Projetos armazenados
2023-05-05 12:25:20 - [5137091672252314] Projetos armazenados
2023-05-05 12:25:42 - [2705745954546403] Projetos não encontrados
2023-05-05 12:28:16 - [0970789513843822] Projetos armazenados
2023-05-05 12:28:32 - === INICIANDO NOVA EXECUÇÃO: Mixed Reality ===
2023-05-05 12:35:34 - === INICIANDO NOVA EXECUÇÃO: Mixed Reality ===
2023-05-05 12:35:49 -  > Pagina atual: 1
2023-05-05 12:35:54 -  > Pagina atual: 12
2023-05-05 12:35:55 -  > Pagina atual: 12
2023-05-05 12:36:02 -  > Pagina atual: 16
2023-05-05 12:36:16 - [0251364589832974] Projetos armazenados
2023-05-05 12:36:36 - [5137091672252314] Projetos armazenados
2023-05-05 12:36:54 - [2705745954546403] Projetos não encontrados
2023-05-05 12:38:09 - [0970789513843822] Projetos armazenados
2023-05-05 12:38:29 - [6187113128709202] Projetos armazenados
2023-05-05 12:38:45 - [3278489088705449] Projetos não encontrados
2023-05-05 12:39:03 - [6321676636193625] Projetos armazenados
2023-05-05 12:39:16 - [8424852505662540] Projetos armazenados
2023-05-05 12:39:33 - [7234771155200426] Projetos armazenados
2023-05-05 12:39:52 - [4773453840819191] Projetos armazenados
2023-05-05 12:39:55 -  > Pagina atual: 16
2023-05-05 12:39:59 -  > Pagina atual: 17
2023-05-05 12:40:15 - [9783292465422902] Projetos armazenados
2023-05-05 12:40:36 - [8267735570131241] Projetos não encontrados
2023-05-05 12:41:24 - [9022653972546608] Projetos armazenados
2023-05-05 12:41:52 - [1076562311962755] Projetos armazenados
2023-05-05 12:42:12 - [4585719152284650] Projetos não encontrados
2023-05-05 12:42:49 - [3860106197682823] Projetos não encontrados
2023-05-05 12:43:13 - [4805585223096573] Projetos armazenados
2023-05-05 12:43:32 - [4437947315163588] Projetos armazenados
2023-05-05 12:43:53 - [2546837031616846] Projetos armazenados
2023-05-05 12:44:11 - [5087174083547142] Projetos armazenados
2023-05-05 12:44:14 -  > Pagina atual: 17
2023-05-05 12:44:19 -  > Pagina atual: 18
2023-05-05 12:44:34 - [0361176858080612] Projetos armazenados
2023-05-05 12:44:50 - [5634161518689104] Projetos armazenados
2023-05-05 12:45:11 - [5626706946578999] Projetos armazenados
2023-05-05 12:45:26 - [8733093827894850] Projetos armazenados
2023-05-05 12:45:40 - [5023174064373373] Projetos não encontrados
2023-05-05 12:45:54 - [8872833064252062] Projetos não encontrados
2023-05-05 12:46:13 - [3937730937800102] Projetos armazenados
2023-05-05 12:46:27 - [5114110813711387] Projetos armazenados
2023-05-05 12:46:49 - [8012456079569138] Projetos armazenados
2023-05-05 12:47:07 - [9437126950728641] Projetos armazenados
2023-05-05 12:47:08 -  > Pagina atual: 18
2023-05-05 12:47:14 -  > Pagina atual: 19
2023-05-05 12:47:29 - [7650712967257738] Projetos armazenados
2023-05-05 12:47:41 - [9719891659222257] Projetos armazenados
2023-05-05 12:47:53 - [6452489003346840] Projetos armazenados
2023-05-05 12:48:07 - [2800814459359888] Projetos armazenados
2023-05-05 12:48:22 - [6733528206795573] Projetos armazenados
2023-05-05 12:48:36 - [8293600258731349] Projetos armazenados
2023-05-05 12:48:52 - [2170163206535560] Projetos não encontrados
2023-05-05 12:49:07 - [5154258820540281] Projetos armazenados
2023-05-05 12:49:23 - [9572057540597014] Projetos não encontrados
2023-05-05 12:49:38 - [9359546788802277] Projetos não encontrados
2023-05-05 12:49:40 -  > Pagina atual: 19
2023-05-05 12:49:46 -  > Pagina atual: 20
2023-05-05 12:49:59 - [2592813548036543] Projetos armazenados
2023-05-05 12:50:19 - [9710960477270791] Projetos armazenados
2023-05-05 12:50:35 - [3262681213088048] Projetos não encontrados
2023-05-05 12:50:55 - [0966229092773143] Projetos não encontrados
2023-05-05 12:51:21 - [2353490740859588] Projetos não encontrados
2023-05-05 12:51:47 - [2717555680999191] Projetos armazenados
2023-05-05 12:52:16 - [3547210369746724] Projetos armazenados
2023-05-05 12:52:36 - [6992824817295435] Projetos armazenados
2023-05-05 12:52:59 - [2047801513928189] Projetos armazenados
2023-05-05 12:53:24 - [4066912017595353] Projetos armazenados
2023-05-05 12:53:27 -  > Pagina atual: 20
2023-05-05 12:53:31 -  > Pagina atual: 21
2023-05-05 12:53:46 - [8381181689571420] Projetos armazenados
2023-05-05 12:54:12 - [7501731445076031] Projetos armazenados
2023-05-05 12:54:25 - [1710445306180570] Projetos armazenados
2023-05-05 12:54:51 - [3099569729964550] Projetos armazenados
2023-05-05 12:55:18 - [4744515106232644] Projetos armazenados
2023-05-05 12:55:39 - [9867808000721457] Projetos armazenados
2023-05-05 12:56:10 - [4167422383882509] Projetos armazenados
2023-05-05 12:56:30 - [1983002105394146] Projetos não encontrados
2023-05-05 12:56:47 - [1848076566428564] Projetos armazenados
2023-05-05 12:57:00 - [3102767689374782] Projetos armazenados
2023-05-05 12:57:01 -  > Pagina atual: 21
2023-05-05 12:57:05 -  > Pagina atual: 22
2023-05-05 12:57:21 - [5136217690821399] Projetos armazenados
2023-05-05 12:57:37 - [1790481035014287] Projetos armazenados
2023-05-05 12:57:51 - [5731994034130179] Projetos armazenados
2023-05-05 12:58:13 - [2376670019296363] Projetos armazenados
2023-05-05 12:58:30 - [7219465331673586] Projetos não encontrados
2023-05-05 12:58:44 - [8076482333884301] Projetos armazenados
2023-05-05 12:58:55 - [4086393631403899] Projetos armazenados
2023-05-05 12:59:13 - [2491891766759477] Projetos armazenados
2023-05-05 12:59:26 - [9439858291700830] Projetos armazenados
2023-05-05 12:59:51 - [6960470053037905] Projetos armazenados
2023-05-05 12:59:53 -  > Pagina atual: 22
2023-05-05 12:59:57 -  > Pagina atual: 23
2023-05-05 13:00:16 - [2325513222088331] Projetos armazenados
2023-05-05 13:00:27 - [8533387365058570] Projetos armazenados
2023-05-05 13:00:55 - [1573696350142408] Projetos armazenados
2023-05-05 13:01:12 - [9646764071339214] Projetos armazenados
2023-05-05 13:01:28 - [1091109705617885] Projetos armazenados
2023-05-05 13:01:47 - [6510312571379213] Projetos armazenados
2023-05-05 13:02:30 - [3622611451617494] Projetos armazenados
2023-05-05 13:02:43 - [4997752549394373] Projetos armazenados
2023-05-05 13:02:55 - [2678047465053355] Projetos armazenados
2023-05-05 13:03:10 - [1252262903952987] Projetos armazenados
2023-05-05 13:03:11 -  > Pagina atual: 23
2023-05-05 13:03:15 -  > Pagina atual: 24
2023-05-05 13:03:28 - [8073126093266658] Projetos armazenados
2023-05-05 13:03:40 - [4069096016693580] Projetos armazenados
2023-05-05 13:03:53 - [6222841355609478] Projetos armazenados
2023-05-05 13:04:08 - [5133729913926567] Projetos armazenados
2023-05-05 13:04:19 - [5045216268657919] Projetos armazenados
2023-05-05 13:04:32 - [0471595469074043] Projetos armazenados
2023-05-05 13:04:51 - [1250728429385385] Projetos armazenados
2023-05-05 13:05:07 - [7217994212040442] Projetos armazenados
2023-05-05 13:05:20 - [3536508092502224] Projetos armazenados
2023-05-05 13:05:36 - [8712666530716107] Projetos não encontrados
2023-05-05 13:05:38 -  > Pagina atual: 24
2023-05-05 13:05:43 -  > Pagina atual: 25
2023-05-05 13:05:58 - [3917171307194821] Projetos armazenados
2023-05-05 13:06:17 - [2187214183516414] Projetos armazenados
2023-05-05 13:06:46 - [3600215645187879] Projetos armazenados
2023-05-05 13:07:03 - [9928206009695111] Projetos armazenados
2023-05-05 13:07:17 - [2603728793809604] Projetos armazenados
2023-05-05 13:07:31 - [9703319571233797] Projetos armazenados
2023-05-05 13:07:48 - [6322604200510676] Projetos armazenados
2023-05-05 13:08:04 - [6907261164017372] Projetos armazenados
2023-05-05 13:08:17 - [3862323454964593] Projetos armazenados
2023-05-05 13:08:33 - [8627721608275566] Projetos armazenados
2023-05-05 13:08:35 -  > Pagina atual: 25
2023-05-05 13:08:39 -  > Pagina atual: 26
2023-05-05 13:09:01 - [9343854177039951] Projetos armazenados
2023-05-05 13:09:17 - [3894359521286830] Projetos armazenados
2023-05-05 13:09:31 - [1846557273818913] Projetos armazenados
2023-05-05 13:09:45 - [3721636964139813] Projetos armazenados
2023-05-05 13:09:57 - [9692020023009222] Projetos armazenados
2023-05-05 13:10:11 - [6077034261042350] Projetos armazenados
2023-05-05 13:10:27 - [4180557886735944] Projetos armazenados
2023-05-05 13:10:44 - [6683367406867309] Projetos armazenados
2023-05-05 13:11:06 - [6505487564442125] Projetos armazenados
2023-05-05 13:11:16 - [8304684775671123] Projetos armazenados
2023-05-05 13:11:18 -  > Pagina atual: 26
2023-05-05 13:11:22 -  > Pagina atual: 27
2023-05-05 13:11:36 - [4791589931798048] Projetos armazenados
2023-05-05 13:11:49 - [1377022547816780] Projetos não encontrados
2023-05-05 13:12:01 - [4863727818159643] Projetos armazenados
2023-05-05 13:12:12 - [8335138244094635] Projetos armazenados
2023-05-05 13:12:25 - [2300973838261398] Projetos armazenados
2023-05-05 13:12:36 - [2697232740221429] Projetos armazenados
2023-05-05 13:12:47 - [0238400607643579] Projetos não encontrados
2023-05-05 13:13:01 - [5234033191054309] Projetos armazenados
2023-05-05 13:13:16 - [3262412993549456] Projetos armazenados
2023-05-05 13:13:29 - [8265110752153693] Projetos armazenados
2023-05-05 13:13:31 -  > Pagina atual: 27
2023-05-05 13:13:36 -  > Pagina atual: 28
2023-05-05 13:14:00 - [6104206257770278] Projetos armazenados
2023-05-05 13:14:14 - [6203097295718656] Projetos armazenados
2023-05-05 13:14:27 - [2592267421288381] Projetos armazenados
2023-05-05 13:14:53 - [6448722653761487] Projetos armazenados
2023-05-05 13:15:08 - [9941579627170607] Projetos armazenados
2023-05-05 13:15:09 - === FINALIZADO ===
