2023-05-05 10:26:07 - === INICIANDO NOVA EXECUÇÃO: Non-fungible Token ===
2023-05-05 10:27:58 - === INICIANDO NOVA EXECUÇÃO: Non-fungible Token ===
2023-05-05 10:31:44 - === INICIANDO NOVA EXECUÇÃO: Non-fungible Token ===
2023-05-05 10:33:12 - === INICIANDO NOVA EXECUÇÃO: Non-fungible Token ===
2023-05-05 10:34:55 - === INICIANDO NOVA EXECUÇÃO: Non-fungible Token ===
2023-05-05 10:37:09 - === INICIANDO NOVA EXECUÇÃO: Non-fungible Token ===
2023-05-05 10:37:28 - === INICIANDO NOVA EXECUÇÃO: Non-fungible Token ===
2023-05-05 10:37:37 - === INICIANDO NOVA EXECUÇÃO: Non-fungible Token ===
2023-05-05 10:37:44 - === INICIANDO NOVA EXECUÇÃO: Non-fungible Token ===
2023-05-05 10:37:52 - === INICIANDO NOVA EXECUÇÃO: Non-fungible Token ===
2023-05-05 11:11:00 - === INICIANDO NOVA EXECUÇÃO: Non-fungible Token ===
2023-05-05 11:11:22 -  > Pagina atual: 1
2023-05-05 11:11:25 -  > Pagina atual: 1
2023-05-05 11:11:37 - [4169735495164813] Projetos armazenados
2023-05-05 11:11:48 - [4312855865010981] Projetos armazenados
2023-05-05 11:11:58 - [2618057115662309] Projetos não encontrados
2023-05-05 11:12:08 - [9777462886016830] Projetos armazenados
2023-05-05 11:12:17 - [4390172524223604] Projetos armazenados
2023-05-05 11:12:40 - === INICIANDO NOVA EXECUÇÃO: Non-fungible Token ===
2023-05-05 11:13:01 -  > Pagina atual: 1
2023-05-05 11:13:05 -  > Pagina atual: 1
2023-05-05 11:13:36 - === INICIANDO NOVA EXECUÇÃO: Non-fungible Token ===
2023-05-05 11:13:52 -  > Pagina atual: 1
2023-05-05 11:13:56 -  > Pagina atual: 1
2023-05-05 11:14:27 - === INICIANDO NOVA EXECUÇÃO: Non-fungible Token ===
2023-05-05 11:14:41 -  > Pagina atual: 1
2023-05-05 11:14:44 -  > Pagina atual: 1
2023-05-05 11:14:58 - [4169735495164813] Projetos armazenados
2023-05-05 11:15:14 - [4312855865010981] Projetos armazenados
2023-05-05 11:15:28 - [2618057115662309] Projetos não encontrados
2023-05-05 11:15:42 - [9777462886016830] Projetos não encontrados
2023-05-05 11:15:59 - [4390172524223604] Projetos armazenados
2023-05-05 11:16:14 - [0988373301929257] Projetos armazenados
2023-05-05 11:16:33 - [3752298390911021] Projetos armazenados
2023-05-05 11:16:51 - [1630057446729066] Projetos armazenados
2023-05-05 11:17:09 - [2749773427704993] Projetos armazenados
2023-05-05 11:17:26 - [2042697331981933] Projetos armazenados
2023-05-05 11:17:27 -  > Pagina atual: 1
2023-05-05 11:17:32 -  > Pagina atual: 2
2023-05-05 11:17:51 - [0206424732066059] Projetos armazenados
2023-05-05 11:18:30 - === INICIANDO NOVA EXECUÇÃO: Non-fungible Token ===
2023-05-05 11:18:47 -  > Pagina atual: 1
2023-05-05 11:18:51 -  > Pagina atual: 1
2023-05-05 11:19:05 - [4169735495164813] Projetos armazenados
2023-05-05 11:19:26 - [4312855865010981] Projetos não encontrados
2023-05-05 11:19:45 - [2618057115662309] Projetos não encontrados
2023-05-05 11:20:02 - [9777462886016830] Projetos armazenados
2023-05-05 11:20:21 - [4390172524223604] Projetos não encontrados
2023-05-05 11:20:38 - [0988373301929257] Projetos não encontrados
2023-05-05 11:20:56 - [3752298390911021] Projetos armazenados
2023-05-05 11:21:14 - [1630057446729066] Projetos armazenados
2023-05-05 11:21:31 - [2749773427704993] Projetos armazenados
2023-05-05 11:21:51 - [2042697331981933] Projetos armazenados
2023-05-05 11:21:52 -  > Pagina atual: 1
2023-05-05 11:21:56 -  > Pagina atual: 2
2023-05-05 11:22:19 - [0206424732066059] Projetos armazenados
2023-05-05 11:23:00 - === INICIANDO NOVA EXECUÇÃO: Non-fungible Token ===
2023-05-05 11:23:20 -  > Pagina atual: 1
2023-05-05 11:23:23 -  > Pagina atual: 1
2023-05-05 11:23:38 - [4169735495164813] Projetos armazenados
2023-05-05 11:23:56 - [4312855865010981] Projetos não encontrados
2023-05-05 11:24:13 - [2618057115662309] Projetos não encontrados
2023-05-05 11:24:30 - [9777462886016830] Projetos não encontrados
2023-05-05 11:24:48 - [4390172524223604] Projetos armazenados
2023-05-05 11:25:07 - [0988373301929257] Projetos armazenados
2023-05-05 11:25:25 - [3752298390911021] Projetos armazenados
2023-05-05 11:25:43 - [1630057446729066] Projetos não encontrados
2023-05-05 11:26:02 - [2749773427704993] Projetos armazenados
2023-05-05 11:26:20 - [2042697331981933] Projetos armazenados
2023-05-05 11:26:21 -  > Pagina atual: 1
2023-05-05 11:26:25 -  > Pagina atual: 2
2023-05-05 11:26:46 - [0206424732066059] Projetos armazenados
2023-05-05 11:27:32 - === INICIANDO NOVA EXECUÇÃO: Non-fungible Token ===
2023-05-05 11:27:55 -  > Pagina atual: 1
2023-05-05 11:27:59 -  > Pagina atual: 1
2023-05-05 11:28:15 - [4169735495164813] Projetos armazenados
2023-05-05 11:28:32 - [4312855865010981] Projetos armazenados
2023-05-05 11:28:48 - [2618057115662309] Projetos não encontrados
2023-05-05 11:29:04 - [9777462886016830] Projetos armazenados
2023-05-05 11:29:21 - [4390172524223604] Projetos armazenados
2023-05-05 11:29:35 - [0988373301929257] Projetos armazenados
2023-05-05 11:29:48 - [3752298390911021] Projetos armazenados
2023-05-05 11:30:03 - [1630057446729066] Projetos armazenados
2023-05-05 11:30:19 - [2749773427704993] Projetos armazenados
2023-05-05 11:30:36 - [2042697331981933] Projetos armazenados
2023-05-05 11:30:37 -  > Pagina atual: 1
2023-05-05 11:30:41 -  > Pagina atual: 2
2023-05-05 11:30:56 - [0206424732066059] Projetos armazenados
2023-05-05 11:31:36 - === INICIANDO NOVA EXECUÇÃO: Non-fungible Token ===
2023-05-05 11:31:49 -  > Pagina atual: 1
2023-05-05 11:31:53 -  > Pagina atual: 1
2023-05-05 11:32:07 - [4169735495164813] Projetos armazenados
2023-05-05 11:32:22 - [4312855865010981] Projetos não encontrados
2023-05-05 11:32:37 - [2618057115662309] Projetos não encontrados
2023-05-05 11:32:52 - [9777462886016830] Projetos armazenados
2023-05-05 11:33:08 - [4390172524223604] Projetos armazenados
2023-05-05 11:33:23 - [0988373301929257] Projetos armazenados
2023-05-05 11:33:38 - [3752298390911021] Projetos armazenados
2023-05-05 11:33:53 - [1630057446729066] Projetos não encontrados
2023-05-05 11:34:09 - [2749773427704993] Projetos armazenados
2023-05-05 11:34:24 - [2042697331981933] Projetos armazenados
2023-05-05 11:34:25 -  > Pagina atual: 1
2023-05-05 11:34:29 -  > Pagina atual: 2
2023-05-05 11:34:45 - [0206424732066059] Projetos armazenados
2023-05-05 11:35:25 - === INICIANDO NOVA EXECUÇÃO: Non-fungible Token ===
2023-05-05 11:35:40 -  > Pagina atual: 1
2023-05-05 11:35:43 -  > Pagina atual: 1
2023-05-05 11:35:57 - [4169735495164813] Projetos armazenados
2023-05-05 11:36:14 - [4312855865010981] Projetos armazenados
2023-05-05 11:36:27 - [2618057115662309] Projetos não encontrados
2023-05-05 11:36:43 - [9777462886016830] Projetos armazenados
2023-05-05 11:37:00 - [4390172524223604] Projetos armazenados
2023-05-05 11:37:16 - [0988373301929257] Projetos armazenados
2023-05-05 11:37:32 - [3752298390911021] Projetos armazenados
2023-05-05 11:37:46 - [1630057446729066] Projetos armazenados
2023-05-05 11:38:01 - [2749773427704993] Projetos armazenados
2023-05-05 11:38:17 - [2042697331981933] Projetos armazenados
2023-05-05 11:38:18 -  > Pagina atual: 1
2023-05-05 11:38:21 -  > Pagina atual: 2
2023-05-05 11:38:38 - [0206424732066059] Projetos armazenados
2023-05-05 11:39:24 - === INICIANDO NOVA EXECUÇÃO: Non-fungible Token ===
2023-05-05 11:39:36 -  > Pagina atual: 1
2023-05-05 11:39:39 -  > Pagina atual: 1
2023-05-05 11:39:54 - [4169735495164813] Projetos armazenados
2023-05-05 11:40:12 - [4312855865010981] Projetos armazenados
2023-05-05 11:40:27 - [2618057115662309] Projetos não encontrados
2023-05-05 11:40:44 - [9777462886016830] Projetos armazenados
2023-05-05 11:41:01 - [4390172524223604] Projetos armazenados
2023-05-05 11:41:20 - [0988373301929257] Projetos armazenados
2023-05-05 11:41:36 - [3752298390911021] Projetos armazenados
2023-05-05 11:41:52 - [1630057446729066] Projetos armazenados
2023-05-05 11:42:06 - [2749773427704993] Projetos armazenados
2023-05-05 11:42:20 - [2042697331981933] Projetos armazenados
2023-05-05 11:42:20 -  > Pagina atual: 1
2023-05-05 11:42:24 -  > Pagina atual: 2
2023-05-05 11:42:43 - [0206424732066059] Projetos armazenados
2023-05-05 11:43:23 - === INICIANDO NOVA EXECUÇÃO: Non-fungible Token ===
2023-05-05 11:43:39 -  > Pagina atual: 1
2023-05-05 11:43:42 -  > Pagina atual: 1
2023-05-05 11:43:55 - [4169735495164813] Projetos armazenados
2023-05-05 11:44:09 - [4312855865010981] Projetos armazenados
2023-05-05 11:44:26 - [2618057115662309] Projetos não encontrados
2023-05-05 11:44:40 - [9777462886016830] Projetos armazenados
2023-05-05 11:45:02 - [4390172524223604] Projetos armazenados
2023-05-05 11:45:20 - [0988373301929257] Projetos armazenados
2023-05-05 11:45:37 - [3752298390911021] Projetos armazenados
2023-05-05 11:45:51 - [1630057446729066] Projetos armazenados
2023-05-05 11:46:07 - [2749773427704993] Projetos armazenados
2023-05-05 11:46:23 - [2042697331981933] Projetos armazenados
2023-05-05 11:46:24 -  > Pagina atual: 1
2023-05-05 11:46:27 -  > Pagina atual: 2
2023-05-05 11:46:45 - [0206424732066059] Projetos armazenados
2023-05-05 11:47:35 - === INICIANDO NOVA EXECUÇÃO: Non-fungible Token ===
2023-05-05 11:47:49 -  > Pagina atual: 1
2023-05-05 11:47:52 -  > Pagina atual: 1
2023-05-05 11:48:07 - [4169735495164813] Projetos armazenados
2023-05-05 11:48:22 - [4312855865010981] Projetos armazenados
2023-05-05 11:48:35 - [2618057115662309] Projetos não encontrados
2023-05-05 11:48:49 - [9777462886016830] Projetos não encontrados
2023-05-05 11:49:04 - [4390172524223604] Projetos armazenados
2023-05-05 11:49:19 - [0988373301929257] Projetos armazenados
2023-05-05 11:49:34 - [3752298390911021] Projetos armazenados
2023-05-05 11:49:47 - [1630057446729066] Projetos armazenados
2023-05-05 11:50:02 - [2749773427704993] Projetos armazenados
2023-05-05 11:50:18 - [2042697331981933] Projetos armazenados
2023-05-05 11:50:19 -  > Pagina atual: 1
2023-05-05 11:50:22 -  > Pagina atual: 2
2023-05-05 11:50:37 - [0206424732066059] Projetos armazenados
2023-05-05 11:51:17 - === INICIANDO NOVA EXECUÇÃO: Non-fungible Token ===
2023-05-05 11:51:33 -  > Pagina atual: 1
2023-05-05 11:51:37 -  > Pagina atual: 1
2023-05-05 11:51:50 - [4169735495164813] Projetos armazenados
2023-05-05 11:52:06 - [4312855865010981] Projetos armazenados
2023-05-05 11:52:20 - [2618057115662309] Projetos não encontrados
2023-05-05 11:52:34 - [9777462886016830] Projetos armazenados
2023-05-05 11:52:52 - [] Projetos armazenados
2023-05-05 11:53:07 - [0988373301929257] Projetos armazenados
2023-05-05 11:53:22 - [3752298390911021] Projetos armazenados
2023-05-05 11:53:37 - [1630057446729066] Projetos armazenados
2023-05-05 11:53:53 - [2749773427704993] Projetos armazenados
2023-05-05 11:54:09 - [2042697331981933] Projetos armazenados
2023-05-05 11:54:10 -  > Pagina atual: 1
2023-05-05 11:54:14 -  > Pagina atual: 2
2023-05-05 11:54:29 - [0206424732066059] Projetos armazenados
2023-05-05 11:55:08 - === INICIANDO NOVA EXECUÇÃO: Non-fungible Token ===
2023-05-05 11:55:24 -  > Pagina atual: 1
2023-05-05 11:55:27 -  > Pagina atual: 1
2023-05-05 11:55:42 - [4169735495164813] Projetos armazenados
2023-05-05 11:55:59 - [4312855865010981] Projetos armazenados
2023-05-05 11:56:13 - [2618057115662309] Projetos não encontrados
2023-05-05 11:56:37 - [9777462886016830] Projetos armazenados
2023-05-05 11:56:52 - [4390172524223604] Projetos armazenados
2023-05-05 11:57:06 - [0988373301929257] Projetos armazenados
2023-05-05 11:57:19 - [3752298390911021] Projetos armazenados
2023-05-05 11:57:34 - [1630057446729066] Projetos armazenados
2023-05-05 11:57:50 - [2749773427704993] Projetos armazenados
2023-05-05 11:58:06 - [2042697331981933] Projetos armazenados
2023-05-05 11:58:06 -  > Pagina atual: 1
2023-05-05 11:58:10 -  > Pagina atual: 2
2023-05-05 11:58:27 - [0206424732066059] Projetos armazenados
2023-05-05 11:59:07 - === INICIANDO NOVA EXECUÇÃO: Non-fungible Token ===
2023-05-05 11:59:23 -  > Pagina atual: 1
2023-05-05 11:59:26 -  > Pagina atual: 1
2023-05-05 11:59:42 - [4169735495164813] Projetos armazenados
2023-05-05 11:59:57 - [4312855865010981] Projetos armazenados
2023-05-05 12:00:12 - [2618057115662309] Projetos não encontrados
2023-05-05 12:00:28 - [9777462886016830] Projetos armazenados
2023-05-05 12:00:41 - [4390172524223604] Projetos armazenados
2023-05-05 12:00:56 - [0988373301929257] Projetos armazenados
2023-05-05 12:01:09 - [3752298390911021] Projetos armazenados
2023-05-05 12:01:28 - [1630057446729066] Projetos armazenados
2023-05-05 12:01:45 - [2749773427704993] Projetos armazenados
2023-05-05 12:02:05 - [2042697331981933] Projetos armazenados
2023-05-05 12:02:06 -  > Pagina atual: 1
2023-05-05 12:02:10 -  > Pagina atual: 2
2023-05-05 12:02:29 - [0206424732066059] Projetos armazenados
2023-05-05 12:03:17 - === INICIANDO NOVA EXECUÇÃO: Non-fungible Token ===
2023-05-05 12:03:45 -  > Pagina atual: 1
2023-05-05 12:03:50 -  > Pagina atual: 1
2023-05-05 12:04:11 - [4169735495164813] Projetos armazenados
2023-05-05 12:04:37 - [4312855865010981] Projetos armazenados
2023-05-05 12:04:56 - [2618057115662309] Projetos não encontrados
2023-05-05 12:05:22 - [9777462886016830] Projetos armazenados
2023-05-05 12:05:45 - [4390172524223604] Projetos armazenados
2023-05-05 12:06:17 - [0988373301929257] Projetos armazenados
2023-05-05 12:06:44 - [3752298390911021] Projetos armazenados
2023-05-05 12:07:13 - [1630057446729066] Projetos não encontrados
2023-05-05 12:07:37 - [2749773427704993] Projetos armazenados
2023-05-05 12:08:04 - [2042697331981933] Projetos armazenados
2023-05-05 12:08:05 -  > Pagina atual: 1
2023-05-05 12:08:09 -  > Pagina atual: 2
2023-05-05 12:08:36 - [0206424732066059] Projetos armazenados
2023-05-05 12:23:40 - === INICIANDO NOVA EXECUÇÃO: Non-fungible Token ===
2023-05-05 12:24:00 -  > Pagina atual: 1
2023-05-05 12:24:04 -  > Pagina atual: 2
2023-05-05 12:24:20 - [0206424732066059] Projetos armazenados
2023-05-05 12:25:02 - === INICIANDO NOVA EXECUÇÃO: Non-fungible Token ===
2023-05-05 12:25:18 -  > Pagina atual: 1
2023-05-05 12:25:22 -  > Pagina atual: 2
2023-05-05 12:25:41 - [0206424732066059] Projetos armazenados
2023-05-05 12:26:30 - === INICIANDO NOVA EXECUÇÃO: Non-fungible Token ===
2023-05-05 12:26:49 -  > Pagina atual: 1
2023-05-05 12:26:54 -  > Pagina atual: 2
2023-05-05 12:27:15 - [0206424732066059] Projetos armazenados
2023-05-05 12:27:59 - === INICIANDO NOVA EXECUÇÃO: Non-fungible Token ===
2023-05-05 12:28:14 -  > Pagina atual: 1
2023-05-05 12:28:18 -  > Pagina atual: 2
