2023-05-31 20:35:19 - === INICIANDO NOVA EXECUÇÃO: Smart Contracts ===
2023-05-31 20:35:29 -  > Pagina atual: 1
2023-05-31 20:35:32 -  > Pagina atual: 1
2023-05-31 20:35:41 - [3974513105953302] Projetos armazenados
2023-05-31 20:35:51 - [5387568496741674] Projetos não encontrados
2023-05-31 20:36:00 - [9865243390863219] Projetos armazenados
2023-05-31 20:36:10 - [8363363105525260] Projetos armazenados
2023-05-31 20:36:19 - [1243090119249735] Projetos armazenados
2023-05-31 20:36:29 - [1046844040379714] Projetos armazenados
2023-05-31 20:36:39 - [2330964607178017] Projetos armazenados
2023-05-31 20:36:48 - [7793315334001237] Projetos armazenados
2023-05-31 20:36:58 - [0636947830995122] Projetos armazenados
2023-05-31 20:37:09 - [1002535093147868] Projetos armazenados
2023-05-31 20:37:10 -  > Pagina atual: 1
2023-05-31 20:37:13 -  > Pagina atual: 2
2023-05-31 20:37:22 - [9283349357180299] Projetos armazenados
2023-05-31 20:37:32 - [1545833919613833] Projetos não encontrados
2023-05-31 20:37:41 - [5116573205999776] Projetos não encontrados
2023-05-31 20:37:50 - [5091200038941765] Projetos armazenados
2023-05-31 20:38:00 - [2212288622038633] Projetos armazenados
2023-05-31 20:38:09 - [6672293321324006] Projetos armazenados
2023-05-31 20:38:19 - [5298061910591710] Projetos armazenados
2023-05-31 20:38:30 - [6991878627141193] Projetos armazenados
2023-05-31 20:38:39 - [5029700010533047] Projetos armazenados
2023-05-31 20:38:50 - [8207954538307988] Projetos armazenados
2023-05-31 20:38:50 -  > Pagina atual: 2
2023-05-31 20:38:53 -  > Pagina atual: 3
2023-05-31 20:39:04 - [6677797217339969] Projetos armazenados
2023-05-31 20:39:14 - [1725477351660877] Projetos armazenados
2023-05-31 20:39:23 - [5891061644995038] Projetos armazenados
2023-05-31 20:39:33 - [0533203029190940] Projetos armazenados
2023-05-31 20:39:42 - [6177045546956476] Projetos armazenados
2023-05-31 20:39:52 - [3641504724164977] Projetos armazenados
2023-05-31 20:40:05 - [5973550650941724] Projetos armazenados
2023-05-31 20:40:15 - [0033981436042117] Projetos armazenados
2023-05-31 20:40:25 - [9851155183694726] Projetos armazenados
2023-05-31 20:40:35 - [9991581768046029] Projetos armazenados
2023-05-31 20:40:35 -  > Pagina atual: 3
2023-05-31 20:40:39 -  > Pagina atual: 4
2023-05-31 20:40:49 - [9993369898832853] Projetos não encontrados
2023-05-31 20:40:59 - [0192507285209291] Projetos armazenados
2023-05-31 20:41:08 - [3755692723547807] Projetos armazenados
2023-05-31 20:41:18 - [8359794088105618] Projetos armazenados
2023-05-31 20:41:28 - [1246085373474860] Projetos armazenados
2023-05-31 20:41:37 - [2400189942913583] Projetos armazenados
2023-05-31 20:41:46 - [1668578302877668] Projetos armazenados
2023-05-31 20:41:56 - [5855106871005254] Projetos armazenados
2023-05-31 20:42:06 - [0900135211447359] Projetos não encontrados
2023-05-31 20:42:16 - [1780902767520967] Projetos armazenados
2023-05-31 20:42:17 -  > Pagina atual: 4
2023-05-31 20:42:20 -  > Pagina atual: 5
2023-05-31 20:42:29 - [1485654164042198] Projetos armazenados
2023-05-31 20:42:39 - [8231236078666150] Projetos armazenados
2023-05-31 20:42:49 - [2714417044890847] Projetos armazenados
2023-05-31 20:43:00 - [8098209307634371] Projetos armazenados
2023-05-31 20:43:13 - [2555711954189473] Projetos armazenados
2023-05-31 20:43:23 - [4445790203781215] Projetos armazenados
2023-05-31 20:43:33 - [4065604566586654] Projetos armazenados
2023-05-31 20:43:42 - [1880438134664211] Projetos armazenados
2023-05-31 20:43:53 - [3351623404151943] Projetos armazenados
2023-05-31 20:44:02 - [0120615995402345] Projetos armazenados
2023-05-31 20:44:03 -  > Pagina atual: 5
2023-05-31 20:44:06 -  > Pagina atual: 6
2023-05-31 20:44:15 - [6045474814495683] Projetos armazenados
2023-05-31 20:44:25 - [4176554416272099] Projetos armazenados
2023-05-31 20:44:38 - [5005832876603012] Projetos armazenados
2023-05-31 20:44:50 - [4205779497458915] Projetos armazenados
2023-05-31 20:45:00 - [4497039916876874] Projetos armazenados
2023-05-31 20:45:10 - [1513228263359192] Projetos armazenados
2023-05-31 20:45:20 - [9139726903742598] Projetos armazenados
2023-05-31 20:45:31 - [8670475877813913] Projetos armazenados
2023-05-31 20:45:41 - [9581308995467871] Projetos armazenados
2023-05-31 20:45:50 - [4277012753023579] Projetos não encontrados
2023-05-31 20:45:51 -  > Pagina atual: 6
2023-05-31 20:45:54 -  > Pagina atual: 7
2023-05-31 20:46:04 - [2855716620920623] Projetos armazenados
2023-05-31 20:46:15 - [4315350764773182] Projetos armazenados
2023-05-31 20:46:26 - [1914224370310328] Projetos armazenados
2023-05-31 20:46:36 - [0555619693238543] Projetos armazenados
2023-05-31 20:46:46 - [1219279416685962] Projetos armazenados
2023-05-31 20:46:58 - [7658234102718482] Projetos armazenados
2023-05-31 20:47:08 - [7042016578087768] Projetos armazenados
2023-05-31 20:47:25 - [3196088341529197] Projetos armazenados
2023-05-31 20:47:35 - [1719660651640802] Projetos armazenados
2023-05-31 20:47:44 - [1038614501538551] Projetos não encontrados
2023-05-31 20:47:45 -  > Pagina atual: 7
2023-05-31 20:47:48 -  > Pagina atual: 8
2023-05-31 20:47:58 - [7800089000001324] Projetos armazenados
2023-05-31 20:48:08 - [5417317635081894] Projetos armazenados
2023-05-31 20:48:17 - [8119805151400395] Projetos armazenados
2023-05-31 20:48:27 - [3644027876437753] Projetos armazenados
2023-05-31 20:48:38 - [8616609272212862] Projetos armazenados
2023-05-31 20:48:49 - [9922863822347014] Projetos armazenados
2023-05-31 20:48:59 - [2721053239592051] Projetos armazenados
2023-05-31 20:49:10 - [7437590156111266] Projetos armazenados
2023-05-31 20:49:21 - [0403732822984772] Projetos armazenados
2023-05-31 20:49:33 - [1514127912243020] Projetos armazenados
2023-05-31 20:49:34 -  > Pagina atual: 8
2023-05-31 20:49:38 -  > Pagina atual: 9
2023-05-31 20:49:49 - [9554285834432091] Projetos não encontrados
2023-05-31 20:50:00 - [9944976090960730] Projetos armazenados
2023-05-31 20:50:11 - [8679800047341353] Projetos armazenados
2023-05-31 20:50:21 - [6807961611217454] Projetos não encontrados
2023-05-31 20:50:31 - [4493244304420308] Projetos armazenados
2023-05-31 20:50:41 - [6095929487408447] Projetos armazenados
2023-05-31 20:50:50 - [7827981023232761] Projetos armazenados
2023-05-31 20:51:00 - [7917561524431362] Projetos não encontrados
2023-05-31 20:51:11 - [9039613643111474] Projetos armazenados
2023-05-31 20:51:21 - [9690267141366482] Projetos armazenados
2023-05-31 20:51:22 -  > Pagina atual: 9
2023-05-31 20:51:26 -  > Pagina atual: 10
2023-05-31 20:51:36 - [0453892715674953] Projetos armazenados
2023-05-31 20:51:46 - [8979575031016933] Projetos armazenados
2023-05-31 20:51:57 - [4264092409766582] Projetos armazenados
2023-05-31 20:52:09 - [1870389730408675] Projetos armazenados
2023-05-31 20:52:20 - [7533983313189933] Projetos armazenados
2023-05-31 20:52:31 - [9604696592563769] Projetos armazenados
2023-05-31 20:52:40 - [4346810447071054] Projetos armazenados
2023-05-31 20:52:52 - [2607532326321244] Projetos armazenados
2023-05-31 20:53:02 - [6059987494295229] Projetos armazenados
2023-05-31 20:53:12 - [5431353664068543] Projetos armazenados
2023-05-31 20:53:13 -  > Pagina atual: 10
2023-05-31 20:53:16 -  > Pagina atual: 11
2023-05-31 20:53:28 - [3316861562386174] Projetos armazenados
2023-05-31 20:53:38 - [4341293860680211] Projetos armazenados
2023-05-31 20:53:47 - [4520293519781462] Projetos armazenados
2023-05-31 20:53:57 - [5178802222811779] Projetos armazenados
2023-05-31 20:54:07 - [5145388156069506] Projetos armazenados
2023-05-31 20:54:17 - [1754927233855300] Projetos armazenados
2023-05-31 20:54:26 - [2897314042703044] Projetos armazenados
2023-05-31 20:54:36 - [0659198149444462] Projetos armazenados
2023-05-31 20:54:46 - [4098096462526038] Projetos armazenados
2023-05-31 20:54:56 - [3087162397314631] Projetos armazenados
2023-05-31 20:54:56 -  > Pagina atual: 11
2023-05-31 20:54:59 -  > Pagina atual: 12
2023-05-31 20:55:10 - [1091943486026876] Projetos armazenados
2023-05-31 20:55:21 - [0551171976628693] Projetos armazenados
2023-05-31 20:55:31 - [4407767690530183] Projetos armazenados
2023-05-31 20:55:41 - [5864928455164779] Projetos armazenados
2023-05-31 20:55:52 - [9135200418009901] Projetos armazenados
2023-05-31 20:56:02 - [5321244029568287] Projetos armazenados
2023-05-31 20:56:11 - [5138875442525636] Projetos armazenados
2023-05-31 20:56:21 - [9345912025013527] Projetos armazenados
2023-05-31 20:56:31 - [0729639712685953] Projetos não encontrados
2023-05-31 20:56:42 - [6058299964884859] Projetos armazenados
2023-05-31 20:56:42 -  > Pagina atual: 12
2023-05-31 20:56:45 -  > Pagina atual: 13
2023-05-31 20:56:56 - [6695382764766281] Projetos armazenados
2023-05-31 20:57:06 - [2000619290063103] Projetos armazenados
2023-05-31 20:57:15 - [8550230149262571] Projetos armazenados
2023-05-31 20:57:25 - [8623118472645092] Projetos armazenados
2023-05-31 20:57:36 - [1643533929253579] Projetos armazenados
2023-05-31 20:57:46 - [8456124569258786] Projetos armazenados
2023-05-31 20:57:55 - [6533366910211925] Projetos armazenados
2023-05-31 20:58:05 - [2781747995973774] Projetos armazenados
2023-05-31 20:58:16 - [4905243643727116] Projetos armazenados
2023-05-31 20:58:26 - [7214791464543522] Projetos armazenados
2023-05-31 20:58:26 -  > Pagina atual: 13
2023-05-31 20:58:30 -  > Pagina atual: 14
2023-05-31 20:58:39 - [0821562324429813] Projetos armazenados
2023-05-31 20:58:49 - [6392597835724138] Projetos armazenados
2023-05-31 20:58:59 - [0048856866692022] Projetos armazenados
2023-05-31 20:59:10 - [7151669913805328] Projetos armazenados
2023-05-31 20:59:21 - [2409374959619035] Projetos armazenados
2023-05-31 20:59:33 - [1209386477961973] Projetos armazenados
2023-05-31 20:59:44 - [8666446877591702] Projetos armazenados
2023-05-31 20:59:55 - [5736836611955155] Projetos armazenados
2023-05-31 21:00:04 - [6347649521254709] Projetos armazenados
2023-05-31 21:00:15 - [9665695510823023] Projetos armazenados
2023-05-31 21:00:16 -  > Pagina atual: 14
2023-05-31 21:00:19 -  > Pagina atual: 15
2023-05-31 21:00:56 - Tentativa: 1 |	Timeout 30000.0ms exceeded while waiting for event "page"
2023-05-31 21:00:56 - === INICIANDO NOVA EXECUÇÃO: Smart Contracts ===
2023-05-31 21:01:04 -  > Pagina atual: 1
2023-05-31 21:01:08 -  > Pagina atual: 12
2023-05-31 21:01:08 -  > Pagina atual: 12
2023-05-31 21:01:12 -  > Pagina atual: 15
2023-05-31 21:01:49 - Tentativa: 2 |	Timeout 30000.0ms exceeded while waiting for event "page"
2023-05-31 21:01:49 - === INICIANDO NOVA EXECUÇÃO: Smart Contracts ===
2023-05-31 21:01:57 -  > Pagina atual: 1
2023-05-31 21:02:01 -  > Pagina atual: 12
2023-05-31 21:02:01 -  > Pagina atual: 12
2023-05-31 21:02:05 -  > Pagina atual: 15
2023-05-31 21:02:42 - Tentativa: 3 |	Timeout 30000.0ms exceeded while waiting for event "page"
2023-05-31 21:02:42 - === INICIANDO NOVA EXECUÇÃO: Smart Contracts ===
2023-05-31 21:02:50 -  > Pagina atual: 1
2023-05-31 21:02:54 -  > Pagina atual: 12
2023-05-31 21:02:54 -  > Pagina atual: 12
2023-05-31 21:02:58 -  > Pagina atual: 15
2023-05-31 21:03:35 - Tentativa: 4 |	Timeout 30000.0ms exceeded while waiting for event "page"
2023-05-31 21:03:35 - === INICIANDO NOVA EXECUÇÃO: Smart Contracts ===
2023-05-31 21:03:43 -  > Pagina atual: 1
2023-05-31 21:03:49 -  > Pagina atual: 12
2023-05-31 21:03:49 -  > Pagina atual: 12
2023-05-31 21:03:53 -  > Pagina atual: 15
2023-05-31 21:04:30 - Tentativa: 5 |	Timeout 30000.0ms exceeded while waiting for event "page"
2023-05-31 21:04:30 - === INICIANDO NOVA EXECUÇÃO: Smart Contracts ===
2023-05-31 21:04:38 -  > Pagina atual: 1
2023-05-31 21:04:42 -  > Pagina atual: 12
2023-05-31 21:04:42 -  > Pagina atual: 12
2023-05-31 21:04:46 -  > Pagina atual: 15
2023-05-31 21:05:23 - Tentativa: 6 |	Timeout 30000.0ms exceeded while waiting for event "page"
2023-05-31 21:05:23 - === INICIANDO NOVA EXECUÇÃO: Smart Contracts ===
2023-05-31 21:05:31 -  > Pagina atual: 1
2023-05-31 21:05:35 -  > Pagina atual: 12
2023-05-31 21:05:35 -  > Pagina atual: 12
2023-05-31 21:05:39 -  > Pagina atual: 15
2023-05-31 21:06:16 - Tentativa: 7 |	Timeout 30000.0ms exceeded while waiting for event "page"
2023-05-31 21:06:16 - === INICIANDO NOVA EXECUÇÃO: Smart Contracts ===
2023-05-31 21:06:25 -  > Pagina atual: 1
2023-05-31 21:06:29 -  > Pagina atual: 12
2023-05-31 21:06:29 -  > Pagina atual: 12
2023-05-31 21:06:33 -  > Pagina atual: 15
2023-05-31 21:07:10 - Tentativa: 8 |	Timeout 30000.0ms exceeded while waiting for event "page"
2023-05-31 21:07:10 - === INICIANDO NOVA EXECUÇÃO: Smart Contracts ===
2023-05-31 21:07:18 -  > Pagina atual: 1
2023-05-31 21:07:22 -  > Pagina atual: 12
2023-05-31 21:07:22 -  > Pagina atual: 12
2023-05-31 21:07:25 -  > Pagina atual: 15
2023-05-31 21:08:02 - Tentativa: 9 |	Timeout 30000.0ms exceeded while waiting for event "page"
2023-05-31 21:08:03 - === INICIANDO NOVA EXECUÇÃO: Smart Contracts ===
2023-05-31 21:08:10 -  > Pagina atual: 1
2023-05-31 21:08:14 -  > Pagina atual: 12
2023-05-31 21:08:14 -  > Pagina atual: 12
2023-05-31 21:08:17 -  > Pagina atual: 15
2023-05-31 21:08:55 - Tentativa: 10 |	Timeout 30000.0ms exceeded while waiting for event "page"
2023-05-31 21:08:55 - === INICIANDO NOVA EXECUÇÃO: Smart Contracts ===
2023-05-31 21:09:02 -  > Pagina atual: 1
2023-05-31 21:09:06 -  > Pagina atual: 12
2023-05-31 21:09:06 -  > Pagina atual: 12
2023-05-31 21:09:10 -  > Pagina atual: 15
2023-05-31 21:09:47 - Tentativa: 11 |	Timeout 30000.0ms exceeded while waiting for event "page"
2023-05-31 21:09:48 - === INICIANDO NOVA EXECUÇÃO: Smart Contracts ===
2023-05-31 21:09:55 -  > Pagina atual: 1
2023-05-31 21:09:59 -  > Pagina atual: 12
2023-05-31 21:09:59 -  > Pagina atual: 12
2023-05-31 21:10:03 -  > Pagina atual: 15
2023-05-31 21:10:40 - Tentativa: 12 |	Timeout 30000.0ms exceeded while waiting for event "page"
2023-05-31 21:10:40 - === INICIANDO NOVA EXECUÇÃO: Smart Contracts ===
2023-05-31 21:10:48 -  > Pagina atual: 1
2023-05-31 21:10:52 -  > Pagina atual: 12
2023-05-31 21:10:52 -  > Pagina atual: 12
2023-05-31 21:10:55 -  > Pagina atual: 15
2023-05-31 21:11:33 - Tentativa: 13 |	Timeout 30000.0ms exceeded while waiting for event "page"
2023-05-31 21:11:33 - === INICIANDO NOVA EXECUÇÃO: Smart Contracts ===
2023-05-31 21:11:40 -  > Pagina atual: 1
2023-05-31 21:11:43 -  > Pagina atual: 12
2023-05-31 21:11:44 -  > Pagina atual: 12
2023-05-31 21:11:47 -  > Pagina atual: 15
2023-05-31 21:12:25 - Tentativa: 14 |	Timeout 30000.0ms exceeded while waiting for event "page"
2023-05-31 21:12:25 - === INICIANDO NOVA EXECUÇÃO: Smart Contracts ===
2023-05-31 21:12:32 -  > Pagina atual: 1
2023-05-31 21:12:36 -  > Pagina atual: 12
2023-05-31 21:12:36 -  > Pagina atual: 12
2023-05-31 21:12:39 -  > Pagina atual: 15
2023-05-31 21:13:17 - Tentativa: 15 |	Timeout 30000.0ms exceeded while waiting for event "page"
2023-05-31 21:13:17 - === INICIANDO NOVA EXECUÇÃO: Smart Contracts ===
2023-05-31 21:13:24 -  > Pagina atual: 1
2023-05-31 21:13:29 -  > Pagina atual: 12
2023-05-31 21:13:30 -  > Pagina atual: 12
2023-05-31 21:13:33 -  > Pagina atual: 15
2023-05-31 21:14:10 - Tentativa: 16 |	Timeout 30000.0ms exceeded while waiting for event "page"
2023-05-31 21:14:10 - === INICIANDO NOVA EXECUÇÃO: Smart Contracts ===
2023-05-31 21:14:18 -  > Pagina atual: 1
2023-05-31 21:14:21 -  > Pagina atual: 12
2023-05-31 21:14:21 -  > Pagina atual: 12
2023-05-31 21:14:25 -  > Pagina atual: 15
2023-05-31 21:15:02 - Tentativa: 17 |	Timeout 30000.0ms exceeded while waiting for event "page"
2023-05-31 21:15:02 - === INICIANDO NOVA EXECUÇÃO: Smart Contracts ===
2023-05-31 21:15:10 -  > Pagina atual: 1
2023-05-31 21:15:14 -  > Pagina atual: 12
2023-05-31 21:15:14 -  > Pagina atual: 12
2023-05-31 21:15:18 -  > Pagina atual: 15
2023-05-31 21:15:55 - Tentativa: 18 |	Timeout 30000.0ms exceeded while waiting for event "page"
2023-05-31 21:15:55 - === INICIANDO NOVA EXECUÇÃO: Smart Contracts ===
2023-05-31 21:16:02 -  > Pagina atual: 1
2023-05-31 21:16:06 -  > Pagina atual: 12
2023-05-31 21:16:06 -  > Pagina atual: 12
2023-05-31 21:16:10 -  > Pagina atual: 15
2023-05-31 21:16:47 - Tentativa: 19 |	Timeout 30000.0ms exceeded while waiting for event "page"
2023-05-31 21:16:47 - === INICIANDO NOVA EXECUÇÃO: Smart Contracts ===
2023-05-31 21:16:55 -  > Pagina atual: 1
2023-05-31 21:16:59 -  > Pagina atual: 12
2023-05-31 21:16:59 -  > Pagina atual: 12
2023-05-31 21:17:03 -  > Pagina atual: 15
2023-05-31 21:17:40 - Tentativa: 20 |	Timeout 30000.0ms exceeded while waiting for event "page"
2023-05-31 21:17:40 - === INICIANDO NOVA EXECUÇÃO: Smart Contracts ===
2023-05-31 21:17:47 -  > Pagina atual: 1
2023-05-31 21:17:51 -  > Pagina atual: 12
2023-05-31 21:17:51 -  > Pagina atual: 12
2023-05-31 21:17:54 -  > Pagina atual: 15
2023-05-31 21:18:32 - Tentativa: 21 |	Timeout 30000.0ms exceeded while waiting for event "page"
2023-05-31 21:18:32 - === INICIANDO NOVA EXECUÇÃO: Smart Contracts ===
2023-05-31 21:18:39 -  > Pagina atual: 1
2023-05-31 21:18:43 -  > Pagina atual: 12
2023-05-31 21:18:43 -  > Pagina atual: 12
2023-05-31 21:18:47 -  > Pagina atual: 15
2023-05-31 21:19:24 - Tentativa: 22 |	Timeout 30000.0ms exceeded while waiting for event "page"
2023-05-31 21:19:24 - === INICIANDO NOVA EXECUÇÃO: Smart Contracts ===
2023-05-31 21:19:31 -  > Pagina atual: 1
2023-05-31 21:19:35 -  > Pagina atual: 12
2023-05-31 21:19:35 -  > Pagina atual: 12
2023-05-31 21:19:39 -  > Pagina atual: 15
2023-05-31 21:20:16 - Tentativa: 23 |	Timeout 30000.0ms exceeded while waiting for event "page"
2023-05-31 21:20:16 - === INICIANDO NOVA EXECUÇÃO: Smart Contracts ===
2023-05-31 21:20:24 -  > Pagina atual: 1
2023-05-31 21:20:28 -  > Pagina atual: 12
2023-05-31 21:20:28 -  > Pagina atual: 12
2023-05-31 21:20:31 -  > Pagina atual: 15
2023-05-31 21:21:09 - Tentativa: 24 |	Timeout 30000.0ms exceeded while waiting for event "page"
2023-05-31 21:21:09 - === INICIANDO NOVA EXECUÇÃO: Smart Contracts ===
2023-05-31 21:21:16 -  > Pagina atual: 1
2023-05-31 21:21:20 -  > Pagina atual: 12
2023-05-31 21:21:21 -  > Pagina atual: 12
2023-05-31 21:21:24 -  > Pagina atual: 15
2023-05-31 21:22:01 - Tentativa: 25 |	Timeout 30000.0ms exceeded while waiting for event "page"
2023-05-31 21:22:02 - === INICIANDO NOVA EXECUÇÃO: Smart Contracts ===
2023-05-31 21:22:09 -  > Pagina atual: 1
2023-05-31 21:22:12 -  > Pagina atual: 12
2023-05-31 21:22:13 -  > Pagina atual: 12
2023-05-31 21:22:16 -  > Pagina atual: 15
2023-05-31 21:22:53 - Tentativa: 26 |	Timeout 30000.0ms exceeded while waiting for event "page"
2023-05-31 21:22:54 - === INICIANDO NOVA EXECUÇÃO: Smart Contracts ===
2023-05-31 21:23:00 -  > Pagina atual: 1
2023-05-31 21:23:04 -  > Pagina atual: 12
2023-05-31 21:23:04 -  > Pagina atual: 12
2023-05-31 21:23:08 -  > Pagina atual: 15
2023-05-31 21:23:45 - Tentativa: 27 |	Timeout 30000.0ms exceeded while waiting for event "page"
2023-05-31 21:23:45 - === INICIANDO NOVA EXECUÇÃO: Smart Contracts ===
2023-05-31 21:23:53 -  > Pagina atual: 1
2023-05-31 21:23:57 -  > Pagina atual: 12
2023-05-31 21:23:57 -  > Pagina atual: 12
2023-05-31 21:24:00 -  > Pagina atual: 15
2023-05-31 21:24:38 - Tentativa: 28 |	Timeout 30000.0ms exceeded while waiting for event "page"
2023-05-31 21:24:38 - === INICIANDO NOVA EXECUÇÃO: Smart Contracts ===
2023-05-31 21:24:45 -  > Pagina atual: 1
2023-05-31 21:24:49 -  > Pagina atual: 12
2023-05-31 21:24:49 -  > Pagina atual: 12
2023-05-31 21:24:53 -  > Pagina atual: 15
2023-05-31 21:25:30 - Tentativa: 29 |	Timeout 30000.0ms exceeded while waiting for event "page"
2023-05-31 21:25:31 - === INICIANDO NOVA EXECUÇÃO: Smart Contracts ===
2023-05-31 21:25:38 -  > Pagina atual: 1
2023-05-31 21:26:11 - Tentativa: 30 |	Timeout 30000ms exceeded.
=========================== logs ===========================
waiting for locator("xpath=/html/body/form/div/div[4]/div/div/div/div[3]/div/div[2]/a[1]")
============================================================
2023-05-31 21:26:11 - === INICIANDO NOVA EXECUÇÃO: Smart Contracts ===
2023-05-31 21:26:18 -  > Pagina atual: 1
2023-05-31 21:26:22 -  > Pagina atual: 12
2023-05-31 21:26:22 -  > Pagina atual: 12
2023-05-31 21:26:26 -  > Pagina atual: 15
2023-05-31 21:27:03 - Tentativa: 31 |	Timeout 30000.0ms exceeded while waiting for event "page"
2023-05-31 21:27:03 - === INICIANDO NOVA EXECUÇÃO: Smart Contracts ===
2023-05-31 21:27:11 -  > Pagina atual: 1
2023-05-31 21:27:14 -  > Pagina atual: 12
2023-05-31 21:27:15 -  > Pagina atual: 12
2023-05-31 21:27:18 -  > Pagina atual: 15
2023-05-31 21:27:55 - Tentativa: 32 |	Timeout 30000.0ms exceeded while waiting for event "page"
2023-05-31 21:27:56 - === INICIANDO NOVA EXECUÇÃO: Smart Contracts ===
2023-05-31 21:28:03 -  > Pagina atual: 1
2023-05-31 21:28:07 -  > Pagina atual: 12
2023-05-31 21:28:07 -  > Pagina atual: 12
2023-05-31 21:28:10 -  > Pagina atual: 15
2023-05-31 21:28:48 - Tentativa: 33 |	Timeout 30000.0ms exceeded while waiting for event "page"
2023-05-31 21:28:48 - === INICIANDO NOVA EXECUÇÃO: Smart Contracts ===
2023-05-31 21:28:56 -  > Pagina atual: 1
2023-05-31 21:29:01 -  > Pagina atual: 12
2023-05-31 21:29:02 -  > Pagina atual: 12
2023-05-31 21:29:05 -  > Pagina atual: 15
2023-05-31 21:29:43 - Tentativa: 34 |	Timeout 30000.0ms exceeded while waiting for event "page"
2023-05-31 21:29:43 - === INICIANDO NOVA EXECUÇÃO: Smart Contracts ===
2023-05-31 21:29:50 -  > Pagina atual: 1
2023-05-31 21:29:54 -  > Pagina atual: 12
2023-05-31 21:29:54 -  > Pagina atual: 12
2023-05-31 21:29:57 -  > Pagina atual: 15
2023-05-31 21:30:34 - Tentativa: 35 |	Timeout 30000.0ms exceeded while waiting for event "page"
2023-05-31 21:30:35 - === INICIANDO NOVA EXECUÇÃO: Smart Contracts ===
2023-05-31 21:30:42 -  > Pagina atual: 1
2023-05-31 21:30:45 -  > Pagina atual: 12
2023-05-31 21:30:46 -  > Pagina atual: 12
2023-05-31 21:30:49 -  > Pagina atual: 15
2023-05-31 21:31:26 - Tentativa: 36 |	Timeout 30000.0ms exceeded while waiting for event "page"
2023-05-31 21:31:26 - === INICIANDO NOVA EXECUÇÃO: Smart Contracts ===
2023-05-31 21:31:34 -  > Pagina atual: 1
2023-05-31 21:31:37 -  > Pagina atual: 12
2023-05-31 21:31:38 -  > Pagina atual: 12
2023-05-31 21:31:42 -  > Pagina atual: 15
2023-05-31 21:32:19 - Tentativa: 37 |	Timeout 30000.0ms exceeded while waiting for event "page"
2023-05-31 21:32:19 - === INICIANDO NOVA EXECUÇÃO: Smart Contracts ===
2023-05-31 21:32:27 -  > Pagina atual: 1
2023-05-31 21:32:30 -  > Pagina atual: 12
2023-05-31 21:32:31 -  > Pagina atual: 12
2023-05-31 21:32:34 -  > Pagina atual: 15
2023-05-31 21:33:11 - Tentativa: 38 |	Timeout 30000.0ms exceeded while waiting for event "page"
2023-05-31 21:33:11 - === INICIANDO NOVA EXECUÇÃO: Smart Contracts ===
2023-05-31 21:33:19 -  > Pagina atual: 1
2023-05-31 21:33:22 -  > Pagina atual: 12
2023-05-31 21:33:22 -  > Pagina atual: 12
2023-05-31 21:33:26 -  > Pagina atual: 15
2023-05-31 21:34:03 - Tentativa: 39 |	Timeout 30000.0ms exceeded while waiting for event "page"
2023-05-31 21:34:03 - === INICIANDO NOVA EXECUÇÃO: Smart Contracts ===
2023-05-31 21:34:11 -  > Pagina atual: 1
2023-05-31 21:34:15 -  > Pagina atual: 12
2023-05-31 21:34:15 -  > Pagina atual: 12
2023-05-31 21:34:19 -  > Pagina atual: 15
2023-05-31 21:34:56 - Tentativa: 40 |	Timeout 30000.0ms exceeded while waiting for event "page"
2023-05-31 21:34:56 - === INICIANDO NOVA EXECUÇÃO: Smart Contracts ===
2023-05-31 21:35:04 -  > Pagina atual: 1
2023-05-31 21:35:07 -  > Pagina atual: 12
2023-05-31 21:35:08 -  > Pagina atual: 12
2023-05-31 21:35:11 -  > Pagina atual: 15
2023-05-31 21:35:48 - Tentativa: 41 |	Timeout 30000.0ms exceeded while waiting for event "page"
2023-05-31 21:35:49 - === INICIANDO NOVA EXECUÇÃO: Smart Contracts ===
2023-05-31 21:35:57 -  > Pagina atual: 1
2023-05-31 21:36:00 -  > Pagina atual: 12
2023-05-31 21:36:01 -  > Pagina atual: 12
2023-05-31 21:36:04 -  > Pagina atual: 15
2023-05-31 21:36:41 - Tentativa: 42 |	Timeout 30000.0ms exceeded while waiting for event "page"
2023-05-31 21:36:42 - === INICIANDO NOVA EXECUÇÃO: Smart Contracts ===
2023-05-31 21:36:49 -  > Pagina atual: 1
2023-05-31 21:36:53 -  > Pagina atual: 12
2023-05-31 21:36:53 -  > Pagina atual: 12
2023-05-31 21:36:56 -  > Pagina atual: 15
2023-05-31 21:37:33 - Tentativa: 43 |	Timeout 30000.0ms exceeded while waiting for event "page"
2023-05-31 21:37:34 - === INICIANDO NOVA EXECUÇÃO: Smart Contracts ===
2023-05-31 21:37:41 -  > Pagina atual: 1
2023-05-31 21:37:45 -  > Pagina atual: 12
2023-05-31 21:37:45 -  > Pagina atual: 12
2023-05-31 21:37:49 -  > Pagina atual: 15
2023-05-31 21:38:26 - Tentativa: 44 |	Timeout 30000.0ms exceeded while waiting for event "page"
2023-05-31 21:38:26 - === INICIANDO NOVA EXECUÇÃO: Smart Contracts ===
2023-05-31 21:38:33 -  > Pagina atual: 1
2023-05-31 21:38:37 -  > Pagina atual: 12
2023-05-31 21:38:37 -  > Pagina atual: 12
2023-05-31 21:38:41 -  > Pagina atual: 15
2023-05-31 21:39:18 - Tentativa: 45 |	Timeout 30000.0ms exceeded while waiting for event "page"
2023-05-31 21:39:18 - === INICIANDO NOVA EXECUÇÃO: Smart Contracts ===
2023-05-31 21:39:25 -  > Pagina atual: 1
2023-05-31 21:39:29 -  > Pagina atual: 12
2023-05-31 21:39:29 -  > Pagina atual: 12
2023-05-31 21:39:33 -  > Pagina atual: 15
2023-05-31 21:40:10 - Tentativa: 46 |	Timeout 30000.0ms exceeded while waiting for event "page"
2023-05-31 21:40:10 - === INICIANDO NOVA EXECUÇÃO: Smart Contracts ===
2023-05-31 21:40:18 -  > Pagina atual: 1
2023-05-31 21:40:21 -  > Pagina atual: 12
2023-05-31 21:40:22 -  > Pagina atual: 12
2023-05-31 21:40:25 -  > Pagina atual: 15
2023-05-31 21:41:03 - Tentativa: 47 |	Timeout 30000.0ms exceeded while waiting for event "page"
2023-05-31 21:41:03 - === INICIANDO NOVA EXECUÇÃO: Smart Contracts ===
2023-05-31 21:41:10 -  > Pagina atual: 1
2023-05-31 21:41:13 -  > Pagina atual: 12
2023-05-31 21:41:14 -  > Pagina atual: 12
2023-05-31 21:41:17 -  > Pagina atual: 15
2023-05-31 21:41:55 - Tentativa: 48 |	Timeout 30000.0ms exceeded while waiting for event "page"
2023-05-31 21:41:55 - === INICIANDO NOVA EXECUÇÃO: Smart Contracts ===
2023-05-31 21:42:02 -  > Pagina atual: 1
2023-05-31 21:42:06 -  > Pagina atual: 12
2023-05-31 21:42:06 -  > Pagina atual: 12
2023-05-31 21:42:12 -  > Pagina atual: 15
2023-05-31 21:42:49 - Tentativa: 49 |	Timeout 30000.0ms exceeded while waiting for event "page"
2023-05-31 21:42:50 - === INICIANDO NOVA EXECUÇÃO: Smart Contracts ===
2023-05-31 21:42:57 -  > Pagina atual: 1
2023-05-31 21:43:01 -  > Pagina atual: 12
2023-05-31 21:43:01 -  > Pagina atual: 12
2023-05-31 21:43:05 -  > Pagina atual: 15
2023-05-31 21:43:42 - Tentativa: 50 |	Timeout 30000.0ms exceeded while waiting for event "page"
2023-05-31 21:43:42 - === INICIANDO NOVA EXECUÇÃO: Smart Contracts ===
2023-05-31 21:43:49 -  > Pagina atual: 1
2023-05-31 21:43:52 -  > Pagina atual: 12
2023-05-31 21:43:53 -  > Pagina atual: 12
2023-05-31 21:43:56 -  > Pagina atual: 15
2023-05-31 21:44:26 - Tentativa: 51 |	Timeout 30000ms exceeded.
=========================== logs ===========================
waiting for locator("xpath=/html/body/form/div/div[4]/div/div/div/div[3]/div/div[3]/ol/li[1]/b/a")
============================================================
2023-05-31 21:44:27 - === INICIANDO NOVA EXECUÇÃO: Smart Contracts ===
2023-05-31 21:44:33 -  > Pagina atual: 1
2023-05-31 21:44:37 -  > Pagina atual: 12
2023-05-31 21:44:38 -  > Pagina atual: 12
2023-05-31 21:44:41 -  > Pagina atual: 15
2023-05-31 21:45:11 - Tentativa: 52 |	Timeout 30000ms exceeded.
=========================== logs ===========================
waiting for locator("xpath=/html/body/form/div/div[4]/div/div/div/div[3]/div/div[3]/ol/li[1]/b/a")
============================================================
2023-05-31 21:45:12 - === INICIANDO NOVA EXECUÇÃO: Smart Contracts ===
2023-05-31 21:45:20 -  > Pagina atual: 1
2023-05-31 21:45:24 -  > Pagina atual: 12
2023-05-31 21:45:24 -  > Pagina atual: 12
2023-05-31 21:45:28 -  > Pagina atual: 15
2023-05-31 21:46:05 - Tentativa: 53 |	Timeout 30000.0ms exceeded while waiting for event "page"
2023-05-31 21:46:06 - === INICIANDO NOVA EXECUÇÃO: Smart Contracts ===
2023-05-31 21:46:13 -  > Pagina atual: 1
2023-05-31 21:46:18 -  > Pagina atual: 12
2023-05-31 21:46:18 -  > Pagina atual: 12
2023-05-31 21:46:22 -  > Pagina atual: 15
2023-05-31 21:46:59 - Tentativa: 54 |	Timeout 30000.0ms exceeded while waiting for event "page"
2023-05-31 21:46:59 - === INICIANDO NOVA EXECUÇÃO: Smart Contracts ===
2023-05-31 21:47:06 -  > Pagina atual: 1
2023-05-31 21:47:10 -  > Pagina atual: 12
2023-05-31 21:47:11 -  > Pagina atual: 12
2023-05-31 21:47:14 -  > Pagina atual: 15
2023-05-31 21:47:51 - Tentativa: 55 |	Timeout 30000.0ms exceeded while waiting for event "page"
2023-05-31 21:47:52 - === INICIANDO NOVA EXECUÇÃO: Smart Contracts ===
2023-05-31 21:47:59 -  > Pagina atual: 1
2023-05-31 21:48:03 -  > Pagina atual: 12
2023-05-31 21:48:03 -  > Pagina atual: 12
2023-05-31 21:48:08 -  > Pagina atual: 15
2023-05-31 21:48:45 - Tentativa: 56 |	Timeout 30000.0ms exceeded while waiting for event "page"
2023-05-31 21:48:45 - === INICIANDO NOVA EXECUÇÃO: Smart Contracts ===
2023-05-31 21:48:52 -  > Pagina atual: 1
2023-05-31 21:48:56 -  > Pagina atual: 12
2023-05-31 21:48:56 -  > Pagina atual: 12
2023-05-31 21:49:00 -  > Pagina atual: 15
2023-05-31 21:49:37 - Tentativa: 57 |	Timeout 30000.0ms exceeded while waiting for event "page"
2023-05-31 21:49:37 - === INICIANDO NOVA EXECUÇÃO: Smart Contracts ===
2023-05-31 21:49:45 -  > Pagina atual: 1
2023-05-31 21:49:49 -  > Pagina atual: 12
2023-05-31 21:49:49 -  > Pagina atual: 12
2023-05-31 21:49:53 -  > Pagina atual: 15
2023-05-31 21:50:30 - Tentativa: 58 |	Timeout 30000.0ms exceeded while waiting for event "page"
2023-05-31 21:50:30 - === INICIANDO NOVA EXECUÇÃO: Smart Contracts ===
2023-05-31 21:50:37 -  > Pagina atual: 1
2023-05-31 21:50:41 -  > Pagina atual: 12
2023-05-31 21:50:41 -  > Pagina atual: 12
2023-05-31 21:50:45 -  > Pagina atual: 15
2023-05-31 21:51:22 - Tentativa: 59 |	Timeout 30000.0ms exceeded while waiting for event "page"
2023-05-31 21:51:22 - === INICIANDO NOVA EXECUÇÃO: Smart Contracts ===
2023-05-31 21:51:30 -  > Pagina atual: 1
2023-05-31 21:51:34 -  > Pagina atual: 12
2023-05-31 21:51:35 -  > Pagina atual: 12
2023-05-31 21:51:38 -  > Pagina atual: 15
2023-05-31 21:52:16 - Tentativa: 60 |	Timeout 30000.0ms exceeded while waiting for event "page"
2023-05-31 21:52:16 - === INICIANDO NOVA EXECUÇÃO: Smart Contracts ===
2023-05-31 21:52:23 -  > Pagina atual: 1
2023-05-31 21:52:27 -  > Pagina atual: 12
2023-05-31 21:52:27 -  > Pagina atual: 12
2023-05-31 21:52:31 -  > Pagina atual: 15
2023-05-31 21:53:08 - Tentativa: 61 |	Timeout 30000.0ms exceeded while waiting for event "page"
2023-05-31 21:53:08 - === INICIANDO NOVA EXECUÇÃO: Smart Contracts ===
2023-05-31 21:53:15 -  > Pagina atual: 1
2023-05-31 21:53:19 -  > Pagina atual: 12
2023-05-31 21:53:20 -  > Pagina atual: 12
2023-05-31 21:53:23 -  > Pagina atual: 15
2023-05-31 21:54:00 - Tentativa: 62 |	Timeout 30000.0ms exceeded while waiting for event "page"
2023-05-31 21:54:01 - === INICIANDO NOVA EXECUÇÃO: Smart Contracts ===
2023-05-31 21:54:08 -  > Pagina atual: 1
2023-05-31 21:54:13 -  > Pagina atual: 12
2023-05-31 21:54:13 -  > Pagina atual: 12
2023-05-31 21:54:18 -  > Pagina atual: 15
2023-05-31 21:54:55 - Tentativa: 63 |	Timeout 30000.0ms exceeded while waiting for event "page"
2023-05-31 21:54:55 - === INICIANDO NOVA EXECUÇÃO: Smart Contracts ===
2023-05-31 21:55:03 -  > Pagina atual: 1
2023-05-31 21:55:07 -  > Pagina atual: 12
2023-05-31 21:55:08 -  > Pagina atual: 12
2023-05-31 21:55:11 -  > Pagina atual: 15
2023-05-31 21:55:48 - Tentativa: 64 |	Timeout 30000.0ms exceeded while waiting for event "page"
2023-05-31 21:55:48 - === INICIANDO NOVA EXECUÇÃO: Smart Contracts ===
2023-05-31 21:55:55 -  > Pagina atual: 1
2023-05-31 21:55:59 -  > Pagina atual: 12
2023-05-31 21:55:59 -  > Pagina atual: 12
2023-05-31 21:56:03 -  > Pagina atual: 15
2023-05-31 21:56:40 - Tentativa: 65 |	Timeout 30000.0ms exceeded while waiting for event "page"
2023-05-31 21:56:40 - === INICIANDO NOVA EXECUÇÃO: Smart Contracts ===
2023-05-31 21:56:48 -  > Pagina atual: 1
2023-05-31 21:56:52 -  > Pagina atual: 12
2023-05-31 21:56:52 -  > Pagina atual: 12
2023-05-31 21:56:55 -  > Pagina atual: 15
2023-05-31 21:57:33 - Tentativa: 66 |	Timeout 30000.0ms exceeded while waiting for event "page"
2023-05-31 21:57:33 - === INICIANDO NOVA EXECUÇÃO: Smart Contracts ===
2023-05-31 21:57:40 -  > Pagina atual: 1
2023-05-31 21:57:44 -  > Pagina atual: 12
2023-05-31 21:57:45 -  > Pagina atual: 12
2023-05-31 21:57:48 -  > Pagina atual: 15
2023-05-31 21:58:25 - Tentativa: 67 |	Timeout 30000.0ms exceeded while waiting for event "page"
2023-05-31 21:58:25 - === INICIANDO NOVA EXECUÇÃO: Smart Contracts ===
2023-05-31 21:58:33 -  > Pagina atual: 1
2023-05-31 21:58:37 -  > Pagina atual: 12
2023-05-31 21:58:37 -  > Pagina atual: 12
2023-05-31 21:58:40 -  > Pagina atual: 15
2023-05-31 21:59:18 - Tentativa: 68 |	Timeout 30000.0ms exceeded while waiting for event "page"
2023-05-31 21:59:18 - === INICIANDO NOVA EXECUÇÃO: Smart Contracts ===
2023-05-31 21:59:25 -  > Pagina atual: 1
2023-05-31 21:59:29 -  > Pagina atual: 12
2023-05-31 21:59:29 -  > Pagina atual: 12
2023-05-31 21:59:32 -  > Pagina atual: 15
2023-05-31 22:00:09 - Tentativa: 69 |	Timeout 30000.0ms exceeded while waiting for event "page"
2023-05-31 22:00:10 - === INICIANDO NOVA EXECUÇÃO: Smart Contracts ===
2023-05-31 22:00:17 -  > Pagina atual: 1
2023-05-31 22:00:21 -  > Pagina atual: 12
2023-05-31 22:00:22 -  > Pagina atual: 12
2023-05-31 22:00:25 -  > Pagina atual: 15
2023-05-31 22:01:03 - Tentativa: 70 |	Timeout 30000.0ms exceeded while waiting for event "page"
2023-05-31 22:01:03 - === INICIANDO NOVA EXECUÇÃO: Smart Contracts ===
2023-05-31 22:01:11 -  > Pagina atual: 1
2023-05-31 22:01:14 -  > Pagina atual: 12
2023-05-31 22:01:15 -  > Pagina atual: 12
2023-05-31 22:01:18 -  > Pagina atual: 15
2023-05-31 22:01:56 - Tentativa: 71 |	Timeout 30000.0ms exceeded while waiting for event "page"
2023-05-31 22:01:56 - === INICIANDO NOVA EXECUÇÃO: Smart Contracts ===
2023-05-31 22:02:04 -  > Pagina atual: 1
2023-05-31 22:02:07 -  > Pagina atual: 12
2023-05-31 22:02:08 -  > Pagina atual: 12
2023-05-31 22:02:11 -  > Pagina atual: 15
2023-05-31 22:02:49 - Tentativa: 72 |	Timeout 30000.0ms exceeded while waiting for event "page"
2023-05-31 22:02:49 - === INICIANDO NOVA EXECUÇÃO: Smart Contracts ===
2023-05-31 22:02:56 -  > Pagina atual: 1
2023-05-31 22:03:00 -  > Pagina atual: 12
2023-05-31 22:03:00 -  > Pagina atual: 12
2023-05-31 22:03:04 -  > Pagina atual: 15
2023-05-31 22:03:41 - Tentativa: 73 |	Timeout 30000.0ms exceeded while waiting for event "page"
2023-05-31 22:03:41 - === INICIANDO NOVA EXECUÇÃO: Smart Contracts ===
2023-05-31 22:03:49 -  > Pagina atual: 1
2023-05-31 22:03:53 -  > Pagina atual: 12
2023-05-31 22:03:53 -  > Pagina atual: 12
2023-05-31 22:03:56 -  > Pagina atual: 15
2023-05-31 22:04:34 - Tentativa: 74 |	Timeout 30000.0ms exceeded while waiting for event "page"
2023-05-31 22:04:34 - === INICIANDO NOVA EXECUÇÃO: Smart Contracts ===
2023-05-31 22:04:41 -  > Pagina atual: 1
2023-05-31 22:04:45 -  > Pagina atual: 12
2023-05-31 22:04:45 -  > Pagina atual: 12
2023-05-31 22:04:49 -  > Pagina atual: 15
2023-05-31 22:05:26 - Tentativa: 75 |	Timeout 30000.0ms exceeded while waiting for event "page"
2023-05-31 22:05:26 - === INICIANDO NOVA EXECUÇÃO: Smart Contracts ===
2023-05-31 22:05:34 -  > Pagina atual: 1
2023-05-31 22:05:37 -  > Pagina atual: 12
2023-05-31 22:05:38 -  > Pagina atual: 12
2023-05-31 22:05:42 -  > Pagina atual: 15
2023-05-31 22:06:20 - Tentativa: 76 |	Timeout 30000.0ms exceeded while waiting for event "page"
2023-05-31 22:06:20 - === INICIANDO NOVA EXECUÇÃO: Smart Contracts ===
2023-05-31 22:06:28 -  > Pagina atual: 1
2023-05-31 22:06:32 -  > Pagina atual: 12
2023-05-31 22:06:32 -  > Pagina atual: 12
2023-05-31 22:06:35 -  > Pagina atual: 15
2023-05-31 22:07:12 - Tentativa: 77 |	Timeout 30000.0ms exceeded while waiting for event "page"
2023-05-31 22:07:13 - === INICIANDO NOVA EXECUÇÃO: Smart Contracts ===
2023-05-31 22:07:20 -  > Pagina atual: 1
2023-05-31 22:07:24 -  > Pagina atual: 12
2023-05-31 22:07:25 -  > Pagina atual: 12
2023-05-31 22:07:28 -  > Pagina atual: 15
2023-05-31 22:08:05 - Tentativa: 78 |	Timeout 30000.0ms exceeded while waiting for event "page"
2023-05-31 22:08:05 - === INICIANDO NOVA EXECUÇÃO: Smart Contracts ===
2023-05-31 22:08:12 -  > Pagina atual: 1
2023-05-31 22:08:16 -  > Pagina atual: 12
2023-05-31 22:08:16 -  > Pagina atual: 12
2023-05-31 22:08:22 -  > Pagina atual: 15
2023-05-31 22:08:59 - Tentativa: 79 |	Timeout 30000.0ms exceeded while waiting for event "page"
2023-05-31 22:08:59 - === INICIANDO NOVA EXECUÇÃO: Smart Contracts ===
2023-05-31 22:09:07 -  > Pagina atual: 1
2023-05-31 22:09:11 -  > Pagina atual: 12
2023-05-31 22:09:11 -  > Pagina atual: 12
2023-05-31 22:09:15 -  > Pagina atual: 15
2023-05-31 22:09:52 - Tentativa: 80 |	Timeout 30000.0ms exceeded while waiting for event "page"
2023-05-31 22:09:53 - === INICIANDO NOVA EXECUÇÃO: Smart Contracts ===
2023-05-31 22:10:00 -  > Pagina atual: 1
2023-05-31 22:10:04 -  > Pagina atual: 12
2023-05-31 22:10:04 -  > Pagina atual: 12
2023-05-31 22:10:08 -  > Pagina atual: 15
2023-05-31 22:10:45 - Tentativa: 81 |	Timeout 30000.0ms exceeded while waiting for event "page"
2023-05-31 22:10:45 - === INICIANDO NOVA EXECUÇÃO: Smart Contracts ===
2023-05-31 22:10:54 -  > Pagina atual: 1
2023-05-31 22:10:58 -  > Pagina atual: 12
2023-05-31 22:10:58 -  > Pagina atual: 12
2023-05-31 22:11:02 -  > Pagina atual: 15
2023-05-31 22:11:39 - Tentativa: 82 |	Timeout 30000.0ms exceeded while waiting for event "page"
2023-05-31 22:11:39 - === INICIANDO NOVA EXECUÇÃO: Smart Contracts ===
2023-05-31 22:11:47 -  > Pagina atual: 1
2023-05-31 22:11:51 -  > Pagina atual: 12
2023-05-31 22:11:52 -  > Pagina atual: 12
2023-05-31 22:11:57 -  > Pagina atual: 15
2023-05-31 22:12:34 - Tentativa: 83 |	Timeout 30000.0ms exceeded while waiting for event "page"
2023-05-31 22:12:34 - === INICIANDO NOVA EXECUÇÃO: Smart Contracts ===
2023-05-31 22:12:42 -  > Pagina atual: 1
2023-05-31 22:12:47 -  > Pagina atual: 12
2023-05-31 22:12:47 -  > Pagina atual: 12
2023-05-31 22:12:51 -  > Pagina atual: 15
2023-05-31 22:13:28 - Tentativa: 84 |	Timeout 30000.0ms exceeded while waiting for event "page"
2023-05-31 22:13:29 - === INICIANDO NOVA EXECUÇÃO: Smart Contracts ===
2023-05-31 22:13:37 -  > Pagina atual: 1
2023-05-31 22:13:41 -  > Pagina atual: 12
2023-05-31 22:13:42 -  > Pagina atual: 12
2023-05-31 22:13:45 -  > Pagina atual: 15
2023-05-31 22:14:22 - Tentativa: 85 |	Timeout 30000.0ms exceeded while waiting for event "page"
2023-05-31 22:14:23 - === INICIANDO NOVA EXECUÇÃO: Smart Contracts ===
2023-05-31 22:14:32 -  > Pagina atual: 1
2023-05-31 22:14:36 -  > Pagina atual: 12
2023-05-31 22:14:36 -  > Pagina atual: 12
2023-05-31 22:14:40 -  > Pagina atual: 15
2023-05-31 22:15:17 - Tentativa: 86 |	Timeout 30000.0ms exceeded while waiting for event "page"
2023-05-31 22:15:18 - === INICIANDO NOVA EXECUÇÃO: Smart Contracts ===
2023-05-31 22:15:28 -  > Pagina atual: 1
2023-05-31 22:15:33 -  > Pagina atual: 12
2023-05-31 22:15:33 -  > Pagina atual: 12
2023-05-31 22:15:37 -  > Pagina atual: 15
2023-05-31 22:16:15 - Tentativa: 87 |	Timeout 30000.0ms exceeded while waiting for event "page"
2023-05-31 22:16:15 - === INICIANDO NOVA EXECUÇÃO: Smart Contracts ===
2023-05-31 22:16:52 -  > Pagina atual: 1
2023-05-31 22:16:56 -  > Pagina atual: 12
2023-05-31 22:16:57 -  > Pagina atual: 12
2023-05-31 22:17:00 -  > Pagina atual: 15
2023-05-31 22:17:38 - Tentativa: 88 |	Timeout 30000.0ms exceeded while waiting for event "page"
2023-05-31 22:17:39 - === INICIANDO NOVA EXECUÇÃO: Smart Contracts ===
2023-05-31 22:17:49 -  > Pagina atual: 1
2023-05-31 22:17:54 -  > Pagina atual: 12
2023-05-31 22:17:54 -  > Pagina atual: 12
2023-05-31 22:17:58 -  > Pagina atual: 15
2023-05-31 22:18:35 - Tentativa: 89 |	Timeout 30000.0ms exceeded while waiting for event "page"
2023-05-31 22:18:36 - === INICIANDO NOVA EXECUÇÃO: Smart Contracts ===
2023-05-31 22:18:45 -  > Pagina atual: 1
2023-05-31 22:18:49 -  > Pagina atual: 12
2023-05-31 22:18:50 -  > Pagina atual: 12
2023-05-31 22:18:54 -  > Pagina atual: 16
2023-05-31 22:19:05 - [3272611282260295] Projetos armazenados
2023-05-31 22:19:18 - [0309050626285266] Projetos armazenados
2023-05-31 22:19:29 - [1310951595236910] Projetos não encontrados
2023-05-31 22:19:40 - [2702091606416581] Projetos armazenados
2023-05-31 22:19:54 - [7269492145886760] Projetos não encontrados
2023-05-31 22:20:05 - [7038800781490234] Projetos armazenados
2023-05-31 22:20:18 - [7254531183116373] Projetos armazenados
2023-05-31 22:20:30 - [8596881813136128] Projetos armazenados
2023-05-31 22:20:42 - [3242304285536069] Projetos armazenados
2023-05-31 22:20:54 - [1630057446729066] Projetos armazenados
2023-05-31 22:20:56 -  > Pagina atual: 16
2023-05-31 22:21:00 -  > Pagina atual: 17
2023-05-31 22:21:10 - [7157911204652765] Projetos armazenados
2023-05-31 22:21:22 - [0462686666423368] Projetos armazenados
2023-05-31 22:21:36 - [9706211344848832] Projetos armazenados
2023-05-31 22:21:49 - [2675009900378570] Projetos armazenados
2023-05-31 22:22:04 - [2491891766759477] Projetos armazenados
2023-05-31 22:22:16 - [0061672297029647] Projetos armazenados
2023-05-31 22:22:32 - [2980191839147866] Projetos armazenados
2023-05-31 22:22:47 - [3009983939185029] Projetos não encontrados
2023-05-31 22:23:02 - [0945463330398836] Projetos armazenados
2023-05-31 22:23:16 - [4073088744952858] Projetos armazenados
2023-05-31 22:23:18 -  > Pagina atual: 17
2023-05-31 22:23:22 -  > Pagina atual: 18
2023-05-31 22:23:38 - [5594109824546097] Projetos armazenados
2023-05-31 22:23:53 - [0058010358863049] Projetos não encontrados
2023-05-31 22:24:08 - [1101867961657651] Projetos não encontrados
2023-05-31 22:24:21 - [6312739422908628] Projetos armazenados
2023-05-31 22:24:32 - [8832153442752468] Projetos armazenados
2023-05-31 22:24:46 - [2199007432751774] Projetos armazenados
2023-05-31 22:25:01 - [3091904591160385] Projetos armazenados
2023-05-31 22:25:19 - [4691603916424874] Projetos armazenados
2023-05-31 22:25:32 - [9839778710074372] Projetos armazenados
2023-05-31 22:25:43 - [4336334243579680] Projetos armazenados
2023-05-31 22:25:45 -  > Pagina atual: 18
2023-05-31 22:25:49 -  > Pagina atual: 19
2023-05-31 22:25:59 - [3607320282383966] Projetos armazenados
2023-05-31 22:26:12 - [1341263338653176] Projetos armazenados
2023-05-31 22:26:23 - [6456667887502521] Projetos armazenados
2023-05-31 22:26:37 - [1565296529736448] Projetos armazenados
2023-05-31 22:26:49 - [2764523233406357] Projetos armazenados
2023-05-31 22:27:01 - [3286240674553986] Projetos armazenados
2023-05-31 22:27:13 - [5902111203600905] Projetos armazenados
2023-05-31 22:27:28 - [3977760354511853] Projetos armazenados
2023-05-31 22:27:38 - [4817398775015160] Projetos armazenados
2023-05-31 22:27:49 - [7060564895078069] Projetos armazenados
2023-05-31 22:27:50 -  > Pagina atual: 19
2023-05-31 22:27:55 -  > Pagina atual: 20
2023-05-31 22:28:05 - [6737222960956459] Projetos armazenados
2023-05-31 22:28:16 - [6651131192812802] Projetos armazenados
2023-05-31 22:28:35 - [7902862900757037] Projetos armazenados
2023-05-31 22:28:49 - [0120973253492591] Projetos armazenados
2023-05-31 22:29:02 - [8501956419094089] Projetos não encontrados
2023-05-31 22:29:15 - [4193332125844267] Projetos armazenados
2023-05-31 22:29:28 - [4835234239471713] Projetos armazenados
2023-05-31 22:29:48 - [6190787636978029] Projetos armazenados
2023-05-31 22:30:01 - [2204782841421432] Projetos armazenados
2023-05-31 22:30:15 - [8238451312475074] Projetos armazenados
2023-05-31 22:30:17 -  > Pagina atual: 20
2023-05-31 22:30:21 -  > Pagina atual: 21
2023-05-31 22:30:35 - [0080024407634503] Projetos armazenados
2023-05-31 22:30:57 - [8366372546341916] Projetos armazenados
2023-05-31 22:31:12 - [1203576344531897] Projetos armazenados
2023-05-31 22:31:25 - [6141886803125625] Projetos armazenados
2023-05-31 22:31:37 - [5471268018863867] Projetos armazenados
2023-05-31 22:31:52 - [1501178944339003] Projetos armazenados
2023-05-31 22:32:07 - [4781103785991122] Projetos armazenados
2023-05-31 22:32:21 - [0004692975996288] Projetos armazenados
2023-05-31 22:32:34 - [0876639700095075] Projetos armazenados
2023-05-31 22:32:47 - [5910056214245280] Projetos armazenados
2023-05-31 22:32:49 -  > Pagina atual: 21
2023-05-31 22:32:53 -  > Pagina atual: 22
2023-05-31 22:33:06 - [8691251635146768] Projetos armazenados
2023-05-31 22:33:23 - [6305479195546985] Projetos não encontrados
2023-05-31 22:33:37 - [7514281584068465] Projetos não encontrados
2023-05-31 22:33:51 - [6381755382123529] Projetos não encontrados
2023-05-31 22:34:16 - [6200020135164378] Projetos não encontrados
2023-05-31 22:34:34 - [2535324018884724] Projetos armazenados
2023-05-31 22:34:52 - [6607878241927702] Projetos armazenados
2023-05-31 22:35:09 - [0975672862006480] Projetos não encontrados
2023-05-31 22:35:29 - [8056542335438905] Projetos armazenados
2023-05-31 22:35:46 - [1710286275396858] Projetos armazenados
2023-05-31 22:35:47 -  > Pagina atual: 22
2023-05-31 22:35:51 -  > Pagina atual: 23
2023-05-31 22:36:03 - [0310045675906800] Projetos armazenados
2023-05-31 22:36:21 - [3896553332228722] Projetos armazenados
2023-05-31 22:36:34 - [4816683719598276] Projetos armazenados
2023-05-31 22:36:48 - [5468372586915869] Projetos armazenados
2023-05-31 22:37:01 - [2497140801401968] Projetos armazenados
2023-05-31 22:37:13 - [5425274551149932] Projetos armazenados
2023-05-31 22:37:24 - [8018026566444794] Projetos armazenados
2023-05-31 22:37:37 - [0679425851663633] Projetos armazenados
2023-05-31 22:37:48 - [7313150370259741] Projetos armazenados
2023-05-31 22:38:00 - [3422781154556948] Projetos não encontrados
2023-05-31 22:38:01 -  > Pagina atual: 23
2023-05-31 22:38:06 -  > Pagina atual: 24
2023-05-31 22:38:24 - [6400934417933768] Projetos armazenados
2023-05-31 22:38:24 - === FINALIZADO ===
2023-05-31 23:50:43 - === INICIANDO NOVA EXECUÇÃO: Smart Contracts ===
2023-05-31 23:50:53 -  > Pagina atual: 1
2023-05-31 23:50:57 -  > Pagina atual: 12
2023-05-31 23:50:57 -  > Pagina atual: 12
2023-05-31 23:51:02 -  > Pagina atual: 21
2023-05-31 23:51:03 -  > Pagina atual: 21
2023-05-31 23:51:07 -  > Pagina atual: 24
2023-05-31 23:51:19 - [6400934417933768] Projetos armazenados
2023-05-31 23:51:19 - === FINALIZADO ===
